

================================================================
== Vitis HLS Report for 'entry_proc'
================================================================
* Date:           Fri Mar  1 09:42:57 2024

* Version:        2023.2 (Build 4023990 on Oct 11 2023)
* Project:        prj
* Solution:       sol (Vivado IP Flow Target)
* Product family: zynq
* Target device:  xc7z020-clg484-1


================================================================
== Performance Estimates
================================================================
+ Timing: 
    * Summary: 
    +--------+---------+----------+------------+
    |  Clock |  Target | Estimated| Uncertainty|
    +--------+---------+----------+------------+
    |ap_clk  |  6.73 ns|  2.458 ns|     1.82 ns|
    +--------+---------+----------+------------+

+ Latency: 
    * Summary: 
    +---------+---------+----------+----------+-----+-----+---------+
    |  Latency (cycles) |  Latency (absolute) |  Interval | Pipeline|
    |   min   |   max   |    min   |    max   | min | max |   Type  |
    +---------+---------+----------+----------+-----+-----+---------+
    |        0|        0|      0 ns|      0 ns|    0|    0|       no|
    +---------+---------+----------+----------+-----+-----+---------+

    + Detail: 
        * Instance: 
        N/A

        * Loop: 
        N/A

============================================================
+ Verbose Summary: Synthesis Manager
============================================================
InlineROM: 1
ExposeGlobal: 0
============================================================
+ Verbose Summary: CDFG Model
============================================================
IsTopModel: 0
ResetActiveHigh: 1
IsCombinational: 2
IsDatapathOnly: 0
HasWiredReturn: 1
HasMFsm: 0
HasVarLatency: 0
IsPipeline: 0
IsRtlPipelined: 0
IsInstanceOverlapped: 0
IsDontTouch: 0
HasImplIP: 0
IsGatedGlobalClock: 0


============================================================
+ Verbose Summary: Schedule
============================================================
* Number of FSM states : 1
* Pipeline : 0
* Dataflow Pipeline: 0

* FSM state transitions: 
1 --> 

* FSM state operations: 

State 1 <SV = 0> <Delay = 2.45>
ST_1 : Operation 2 [1/1] (0.00ns)   --->   "%specinterface_ln0 = specinterface void @_ssdm_op_SpecInterface, i8 %boxColorB_val31_c, void @ap_fifo_str, i32 0, i32 0, void @p_str, i32 0, i32 0, void @p_str, void @p_str, void @p_str, i32 2, i32 2, i32 16, i32 16, void @p_str, void @ScalarProp_str, i32 4294967295, i32 0"   --->   Operation 2 'specinterface' 'specinterface_ln0' <Predicate = true> <Delay = 0.00>
ST_1 : Operation 3 [1/1] (0.00ns)   --->   "%boxColorB_val31_read = read i8 @_ssdm_op_Read.ap_auto.i8, i8 %boxColorB_val31"   --->   Operation 3 'read' 'boxColorB_val31_read' <Predicate = true> <Delay = 0.00>
ST_1 : Operation 4 [1/1] (0.00ns)   --->   "%boxColorG_val30_read = read i8 @_ssdm_op_Read.ap_auto.i8, i8 %boxColorG_val30"   --->   Operation 4 'read' 'boxColorG_val30_read' <Predicate = true> <Delay = 0.00>
ST_1 : Operation 5 [1/1] (0.00ns)   --->   "%boxColorR_val29_read = read i8 @_ssdm_op_Read.ap_auto.i8, i8 %boxColorR_val29"   --->   Operation 5 'read' 'boxColorR_val29_read' <Predicate = true> <Delay = 0.00>
ST_1 : Operation 6 [1/1] (0.00ns)   --->   "%boxSize_val28_read = read i16 @_ssdm_op_Read.ap_auto.i16, i16 %boxSize_val28"   --->   Operation 6 'read' 'boxSize_val28_read' <Predicate = true> <Delay = 0.00>
ST_1 : Operation 7 [1/1] (0.00ns)   --->   "%crossHairY_val23_read = read i16 @_ssdm_op_Read.ap_auto.i16, i16 %crossHairY_val23"   --->   Operation 7 'read' 'crossHairY_val23_read' <Predicate = true> <Delay = 0.00>
ST_1 : Operation 8 [1/1] (0.00ns)   --->   "%crossHairX_val22_read = read i16 @_ssdm_op_Read.ap_auto.i16, i16 %crossHairX_val22"   --->   Operation 8 'read' 'crossHairX_val22_read' <Predicate = true> <Delay = 0.00>
ST_1 : Operation 9 [1/1] (0.00ns)   --->   "%colorFormat_val_read = read i8 @_ssdm_op_Read.ap_auto.i8, i8 %colorFormat_val"   --->   Operation 9 'read' 'colorFormat_val_read' <Predicate = true> <Delay = 0.00>
ST_1 : Operation 10 [1/1] (0.00ns)   --->   "%maskId_val17_read = read i8 @_ssdm_op_Read.ap_auto.i8, i8 %maskId_val17"   --->   Operation 10 'read' 'maskId_val17_read' <Predicate = true> <Delay = 0.00>
ST_1 : Operation 11 [1/1] (0.00ns)   --->   "%ovrlayId_val16_read = read i8 @_ssdm_op_Read.ap_auto.i8, i8 %ovrlayId_val16"   --->   Operation 11 'read' 'ovrlayId_val16_read' <Predicate = true> <Delay = 0.00>
ST_1 : Operation 12 [1/1] (0.00ns)   --->   "%fid_in_val14_read = read i1 @_ssdm_op_Read.ap_auto.i1, i1 %fid_in_val14"   --->   Operation 12 'read' 'fid_in_val14_read' <Predicate = true> <Delay = 0.00>
ST_1 : Operation 13 [1/1] (0.00ns)   --->   "%field_id_val13_read = read i16 @_ssdm_op_Read.ap_auto.i16, i16 %field_id_val13"   --->   Operation 13 'read' 'field_id_val13_read' <Predicate = true> <Delay = 0.00>
ST_1 : Operation 14 [1/1] (2.45ns)   --->   "%write_ln0 = write void @_ssdm_op_Write.ap_fifo.i8P0A, i8 %boxColorB_val31_c, i8 %boxColorB_val31_read"   --->   Operation 14 'write' 'write_ln0' <Predicate = true> <Delay = 2.45> <CoreInst = "FIFO_SRL">   --->   Core 81 'FIFO_SRL' <Latency = 0> <II = 1> <Delay = 3.63> <Storage> <Opcode : 'read' 'write' 'nbread' 'nbwrite'> <Ports = 0> <Width = 8> <Depth = 3> <FIFO>
ST_1 : Operation 15 [1/1] (0.00ns)   --->   "%specinterface_ln0 = specinterface void @_ssdm_op_SpecInterface, i8 %boxColorG_val30_c, void @ap_fifo_str, i32 0, i32 0, void @p_str, i32 0, i32 0, void @p_str, void @p_str, void @p_str, i32 2, i32 2, i32 16, i32 16, void @p_str, void @ScalarProp_str, i32 4294967295, i32 0"   --->   Operation 15 'specinterface' 'specinterface_ln0' <Predicate = true> <Delay = 0.00>
ST_1 : Operation 16 [1/1] (2.45ns)   --->   "%write_ln0 = write void @_ssdm_op_Write.ap_fifo.i8P0A, i8 %boxColorG_val30_c, i8 %boxColorG_val30_read"   --->   Operation 16 'write' 'write_ln0' <Predicate = true> <Delay = 2.45> <CoreInst = "FIFO_SRL">   --->   Core 81 'FIFO_SRL' <Latency = 0> <II = 1> <Delay = 3.63> <Storage> <Opcode : 'read' 'write' 'nbread' 'nbwrite'> <Ports = 0> <Width = 8> <Depth = 3> <FIFO>
ST_1 : Operation 17 [1/1] (0.00ns)   --->   "%specinterface_ln0 = specinterface void @_ssdm_op_SpecInterface, i8 %boxColorR_val29_c, void @ap_fifo_str, i32 0, i32 0, void @p_str, i32 0, i32 0, void @p_str, void @p_str, void @p_str, i32 2, i32 2, i32 16, i32 16, void @p_str, void @ScalarProp_str, i32 4294967295, i32 0"   --->   Operation 17 'specinterface' 'specinterface_ln0' <Predicate = true> <Delay = 0.00>
ST_1 : Operation 18 [1/1] (2.45ns)   --->   "%write_ln0 = write void @_ssdm_op_Write.ap_fifo.i8P0A, i8 %boxColorR_val29_c, i8 %boxColorR_val29_read"   --->   Operation 18 'write' 'write_ln0' <Predicate = true> <Delay = 2.45> <CoreInst = "FIFO_SRL">   --->   Core 81 'FIFO_SRL' <Latency = 0> <II = 1> <Delay = 3.63> <Storage> <Opcode : 'read' 'write' 'nbread' 'nbwrite'> <Ports = 0> <Width = 8> <Depth = 3> <FIFO>
ST_1 : Operation 19 [1/1] (0.00ns)   --->   "%specinterface_ln0 = specinterface void @_ssdm_op_SpecInterface, i16 %boxSize_val28_c, void @ap_fifo_str, i32 0, i32 0, void @p_str, i32 0, i32 0, void @p_str, void @p_str, void @p_str, i32 2, i32 2, i32 16, i32 16, void @p_str, void @ScalarProp_str, i32 4294967295, i32 0"   --->   Operation 19 'specinterface' 'specinterface_ln0' <Predicate = true> <Delay = 0.00>
ST_1 : Operation 20 [1/1] (2.45ns)   --->   "%write_ln0 = write void @_ssdm_op_Write.ap_fifo.i16P0A, i16 %boxSize_val28_c, i16 %boxSize_val28_read"   --->   Operation 20 'write' 'write_ln0' <Predicate = true> <Delay = 2.45> <CoreInst = "FIFO_SRL">   --->   Core 81 'FIFO_SRL' <Latency = 0> <II = 1> <Delay = 3.63> <Storage> <Opcode : 'read' 'write' 'nbread' 'nbwrite'> <Ports = 0> <Width = 16> <Depth = 3> <FIFO>
ST_1 : Operation 21 [1/1] (0.00ns)   --->   "%specinterface_ln0 = specinterface void @_ssdm_op_SpecInterface, i16 %crossHairY_val23_c, void @ap_fifo_str, i32 0, i32 0, void @p_str, i32 0, i32 0, void @p_str, void @p_str, void @p_str, i32 2, i32 2, i32 16, i32 16, void @p_str, void @ScalarProp_str, i32 4294967295, i32 0"   --->   Operation 21 'specinterface' 'specinterface_ln0' <Predicate = true> <Delay = 0.00>
ST_1 : Operation 22 [1/1] (2.45ns)   --->   "%write_ln0 = write void @_ssdm_op_Write.ap_fifo.i16P0A, i16 %crossHairY_val23_c, i16 %crossHairY_val23_read"   --->   Operation 22 'write' 'write_ln0' <Predicate = true> <Delay = 2.45> <CoreInst = "FIFO_SRL">   --->   Core 81 'FIFO_SRL' <Latency = 0> <II = 1> <Delay = 3.63> <Storage> <Opcode : 'read' 'write' 'nbread' 'nbwrite'> <Ports = 0> <Width = 16> <Depth = 3> <FIFO>
ST_1 : Operation 23 [1/1] (0.00ns)   --->   "%specinterface_ln0 = specinterface void @_ssdm_op_SpecInterface, i16 %crossHairX_val22_c, void @ap_fifo_str, i32 0, i32 0, void @p_str, i32 0, i32 0, void @p_str, void @p_str, void @p_str, i32 2, i32 2, i32 16, i32 16, void @p_str, void @ScalarProp_str, i32 4294967295, i32 0"   --->   Operation 23 'specinterface' 'specinterface_ln0' <Predicate = true> <Delay = 0.00>
ST_1 : Operation 24 [1/1] (2.45ns)   --->   "%write_ln0 = write void @_ssdm_op_Write.ap_fifo.i16P0A, i16 %crossHairX_val22_c, i16 %crossHairX_val22_read"   --->   Operation 24 'write' 'write_ln0' <Predicate = true> <Delay = 2.45> <CoreInst = "FIFO_SRL">   --->   Core 81 'FIFO_SRL' <Latency = 0> <II = 1> <Delay = 3.63> <Storage> <Opcode : 'read' 'write' 'nbread' 'nbwrite'> <Ports = 0> <Width = 16> <Depth = 3> <FIFO>
ST_1 : Operation 25 [1/1] (0.00ns)   --->   "%specinterface_ln0 = specinterface void @_ssdm_op_SpecInterface, i8 %colorFormat_val_c25, void @ap_fifo_str, i32 0, i32 0, void @p_str, i32 0, i32 0, void @p_str, void @p_str, void @p_str, i32 2, i32 2, i32 16, i32 16, void @p_str, void @ScalarProp_str, i32 4294967295, i32 0"   --->   Operation 25 'specinterface' 'specinterface_ln0' <Predicate = true> <Delay = 0.00>
ST_1 : Operation 26 [1/1] (2.45ns)   --->   "%write_ln0 = write void @_ssdm_op_Write.ap_fifo.i8P0A, i8 %colorFormat_val_c25, i8 %colorFormat_val_read"   --->   Operation 26 'write' 'write_ln0' <Predicate = true> <Delay = 2.45> <CoreInst = "FIFO_SRL">   --->   Core 81 'FIFO_SRL' <Latency = 0> <II = 1> <Delay = 3.63> <Storage> <Opcode : 'read' 'write' 'nbread' 'nbwrite'> <Ports = 0> <Width = 8> <Depth = 3> <FIFO>
ST_1 : Operation 27 [1/1] (0.00ns)   --->   "%specinterface_ln0 = specinterface void @_ssdm_op_SpecInterface, i8 %maskId_val17_c, void @ap_fifo_str, i32 0, i32 0, void @p_str, i32 0, i32 0, void @p_str, void @p_str, void @p_str, i32 2, i32 2, i32 16, i32 16, void @p_str, void @ScalarProp_str, i32 4294967295, i32 0"   --->   Operation 27 'specinterface' 'specinterface_ln0' <Predicate = true> <Delay = 0.00>
ST_1 : Operation 28 [1/1] (2.45ns)   --->   "%write_ln0 = write void @_ssdm_op_Write.ap_fifo.i8P0A, i8 %maskId_val17_c, i8 %maskId_val17_read"   --->   Operation 28 'write' 'write_ln0' <Predicate = true> <Delay = 2.45> <CoreInst = "FIFO_SRL">   --->   Core 81 'FIFO_SRL' <Latency = 0> <II = 1> <Delay = 3.63> <Storage> <Opcode : 'read' 'write' 'nbread' 'nbwrite'> <Ports = 0> <Width = 8> <Depth = 3> <FIFO>
ST_1 : Operation 29 [1/1] (0.00ns)   --->   "%specinterface_ln0 = specinterface void @_ssdm_op_SpecInterface, i8 %ovrlayId_val16_c, void @ap_fifo_str, i32 0, i32 0, void @p_str, i32 0, i32 0, void @p_str, void @p_str, void @p_str, i32 2, i32 2, i32 16, i32 16, void @p_str, void @ScalarProp_str, i32 4294967295, i32 0"   --->   Operation 29 'specinterface' 'specinterface_ln0' <Predicate = true> <Delay = 0.00>
ST_1 : Operation 30 [1/1] (2.45ns)   --->   "%write_ln0 = write void @_ssdm_op_Write.ap_fifo.i8P0A, i8 %ovrlayId_val16_c, i8 %ovrlayId_val16_read"   --->   Operation 30 'write' 'write_ln0' <Predicate = true> <Delay = 2.45> <CoreInst = "FIFO_SRL">   --->   Core 81 'FIFO_SRL' <Latency = 0> <II = 1> <Delay = 3.63> <Storage> <Opcode : 'read' 'write' 'nbread' 'nbwrite'> <Ports = 0> <Width = 8> <Depth = 3> <FIFO>
ST_1 : Operation 31 [1/1] (0.00ns)   --->   "%specinterface_ln0 = specinterface void @_ssdm_op_SpecInterface, i1 %fid_in_val14_c, void @ap_fifo_str, i32 0, i32 0, void @p_str, i32 0, i32 0, void @p_str, void @p_str, void @p_str, i32 2, i32 2, i32 16, i32 16, void @p_str, void @ScalarProp_str, i32 4294967295, i32 0"   --->   Operation 31 'specinterface' 'specinterface_ln0' <Predicate = true> <Delay = 0.00>
ST_1 : Operation 32 [1/1] (2.45ns)   --->   "%write_ln0 = write void @_ssdm_op_Write.ap_fifo.i1P0A, i1 %fid_in_val14_c, i1 %fid_in_val14_read"   --->   Operation 32 'write' 'write_ln0' <Predicate = true> <Delay = 2.45> <CoreInst = "FIFO_SRL">   --->   Core 81 'FIFO_SRL' <Latency = 0> <II = 1> <Delay = 3.59> <Storage> <Opcode : 'read' 'write' 'nbread' 'nbwrite'> <Ports = 0> <Width = 1> <Depth = 6> <FIFO>
ST_1 : Operation 33 [1/1] (0.00ns)   --->   "%specinterface_ln0 = specinterface void @_ssdm_op_SpecInterface, i16 %field_id_val13_c, void @ap_fifo_str, i32 0, i32 0, void @p_str, i32 0, i32 0, void @p_str, void @p_str, void @p_str, i32 2, i32 2, i32 16, i32 16, void @p_str, void @ScalarProp_str, i32 4294967295, i32 0"   --->   Operation 33 'specinterface' 'specinterface_ln0' <Predicate = true> <Delay = 0.00>
ST_1 : Operation 34 [1/1] (2.45ns)   --->   "%write_ln0 = write void @_ssdm_op_Write.ap_fifo.i16P0A, i16 %field_id_val13_c, i16 %field_id_val13_read"   --->   Operation 34 'write' 'write_ln0' <Predicate = true> <Delay = 2.45> <CoreInst = "FIFO_SRL">   --->   Core 81 'FIFO_SRL' <Latency = 0> <II = 1> <Delay = 3.59> <Storage> <Opcode : 'read' 'write' 'nbread' 'nbwrite'> <Ports = 0> <Width = 16> <Depth = 6> <FIFO>
ST_1 : Operation 35 [1/1] (0.00ns)   --->   "%ret_ln0 = ret"   --->   Operation 35 'ret' 'ret_ln0' <Predicate = true> <Delay = 0.00>


============================================================
+ Verbose Summary: Timing violations
============================================================
Target clock period: 6.734ns, clock uncertainty: 1.818ns.

 <State 1>: 2.458ns
The critical path consists of the following:
	wire read operation ('boxColorB_val31_read') on port 'boxColorB_val31' [24]  (0.000 ns)
	fifo write operation ('write_ln0') on port 'boxColorB_val31_c' [35]  (2.458 ns)


============================================================
+ Verbose Summary: Binding
============================================================
N/A
* FSMD analyzer results:
  - Output states:
 - Input state : 
  - Chain level:
	State 1


============================================================
+ Verbose Summary: Datapath Resource usage 
============================================================
N/A
