

================================================================
== Vitis HLS Report for 'tpgForeground'
================================================================
* Date:           Fri Mar  1 09:43:03 2024

* Version:        2023.2 (Build 4023990 on Oct 11 2023)
* Project:        prj
* Solution:       sol (Vivado IP Flow Target)
* Product family: zynq
* Target device:  xc7z020-clg484-1


================================================================
== Performance Estimates
================================================================
+ Timing: 
    * Summary: 
    +--------+---------+----------+------------+
    |  Clock |  Target | Estimated| Uncertainty|
    +--------+---------+----------+------------+
    |ap_clk  |  6.73 ns|  6.058 ns|     1.82 ns|
    +--------+---------+----------+------------+

+ Latency: 
    * Summary: 
    +---------+------------+-----------+------------+-----+------------+---------+
    |   Latency (cycles)   |   Latency (absolute)   |     Interval     | Pipeline|
    |   min   |     max    |    min    |     max    | min |     max    |   Type  |
    +---------+------------+-----------+------------+-----+------------+---------+
    |        2|  4295229437|  13.468 ns|  28.924 sec|    2|  4295229437|       no|
    +---------+------------+-----------+------------+-----+------------+---------+

    + Detail: 
        * Instance: 
        N/A

        * Loop: 
        +--------------------+---------+------------+-----------+-----------+-----------+-----------+----------+
        |                    |   Latency (cycles)   | Iteration |  Initiation Interval  |    Trip   |          |
        |      Loop Name     |   min   |     max    |  Latency  |  achieved |   target  |   Count   | Pipelined|
        +--------------------+---------+------------+-----------+-----------+-----------+-----------+----------+
        |- VITIS_LOOP_772_1  |        0|  4295229435|  5 ~ 65541|          -|          -|  0 ~ 65535|        no|
        +--------------------+---------+------------+-----------+-----------+-----------+-----------+----------+

============================================================
+ Verbose Summary: Synthesis Manager
============================================================
InlineROM: 1
ExposeGlobal: 0
============================================================
+ Verbose Summary: CDFG Model
============================================================
IsTopModel: 0
ResetActiveHigh: 1
IsCombinational: 2
IsDatapathOnly: 0
HasWiredReturn: 1
HasMFsm: 0
HasVarLatency: 1
IsPipeline: 0
IsRtlPipelined: 0
IsInstanceOverlapped: 0
IsDontTouch: 0
HasImplIP: 0
IsGatedGlobalClock: 0


============================================================
+ Verbose Summary: Schedule
============================================================
* Number of FSM states : 5
* Pipeline : 0
* Dataflow Pipeline: 0

* FSM state transitions: 
1 --> 2 
2 --> 3 
3 --> 4 
4 --> 5 
5 --> 3 

* FSM state operations: 

State 1 <SV = 0> <Delay = 4.91>
ST_1 : Operation 6 [1/1] (0.00ns)   --->   "%y = alloca i32 1" [C:/va/z702/hdmi/hdmi.runs/design_1_v_tpg_0_0_synth_1/prj/sol/.autopilot/db/v_tpg.cpp:763]   --->   Operation 6 'alloca' 'y' <Predicate = true> <Delay = 0.00>
ST_1 : Operation 7 [1/1] (0.00ns)   --->   "%boxVCoord_loc_0 = alloca i32 1"   --->   Operation 7 'alloca' 'boxVCoord_loc_0' <Predicate = true> <Delay = 0.00>
ST_1 : Operation 8 [1/1] (0.00ns)   --->   "%boxHCoord_loc_0 = alloca i32 1"   --->   Operation 8 'alloca' 'boxHCoord_loc_0' <Predicate = true> <Delay = 0.00>
ST_1 : Operation 9 [1/1] (2.45ns)   --->   "%boxColorB_val_read = read i8 @_ssdm_op_Read.ap_fifo.i8P0A, i8 %boxColorB_val"   --->   Operation 9 'read' 'boxColorB_val_read' <Predicate = true> <Delay = 2.45> <CoreInst = "FIFO_SRL">   --->   Core 81 'FIFO_SRL' <Latency = 0> <II = 1> <Delay = 3.63> <Storage> <Opcode : 'read' 'write' 'nbread' 'nbwrite'> <Ports = 0> <Width = 8> <Depth = 3> <FIFO>
ST_1 : Operation 10 [1/1] (2.45ns)   --->   "%boxColorG_val_read = read i8 @_ssdm_op_Read.ap_fifo.i8P0A, i8 %boxColorG_val"   --->   Operation 10 'read' 'boxColorG_val_read' <Predicate = true> <Delay = 2.45> <CoreInst = "FIFO_SRL">   --->   Core 81 'FIFO_SRL' <Latency = 0> <II = 1> <Delay = 3.63> <Storage> <Opcode : 'read' 'write' 'nbread' 'nbwrite'> <Ports = 0> <Width = 8> <Depth = 3> <FIFO>
ST_1 : Operation 11 [1/1] (2.45ns)   --->   "%boxColorR_val_read = read i8 @_ssdm_op_Read.ap_fifo.i8P0A, i8 %boxColorR_val"   --->   Operation 11 'read' 'boxColorR_val_read' <Predicate = true> <Delay = 2.45> <CoreInst = "FIFO_SRL">   --->   Core 81 'FIFO_SRL' <Latency = 0> <II = 1> <Delay = 3.63> <Storage> <Opcode : 'read' 'write' 'nbread' 'nbwrite'> <Ports = 0> <Width = 8> <Depth = 3> <FIFO>
ST_1 : Operation 12 [1/1] (2.45ns)   --->   "%boxSize_val_read = read i16 @_ssdm_op_Read.ap_fifo.i16P0A, i16 %boxSize_val"   --->   Operation 12 'read' 'boxSize_val_read' <Predicate = true> <Delay = 2.45> <CoreInst = "FIFO_SRL">   --->   Core 81 'FIFO_SRL' <Latency = 0> <II = 1> <Delay = 3.63> <Storage> <Opcode : 'read' 'write' 'nbread' 'nbwrite'> <Ports = 0> <Width = 16> <Depth = 3> <FIFO>
ST_1 : Operation 13 [1/1] (2.45ns)   --->   "%crossHairY_val_read = read i16 @_ssdm_op_Read.ap_fifo.i16P0A, i16 %crossHairY_val"   --->   Operation 13 'read' 'crossHairY_val_read' <Predicate = true> <Delay = 2.45> <CoreInst = "FIFO_SRL">   --->   Core 81 'FIFO_SRL' <Latency = 0> <II = 1> <Delay = 3.63> <Storage> <Opcode : 'read' 'write' 'nbread' 'nbwrite'> <Ports = 0> <Width = 16> <Depth = 3> <FIFO>
ST_1 : Operation 14 [1/1] (2.45ns)   --->   "%crossHairX_val_read = read i16 @_ssdm_op_Read.ap_fifo.i16P0A, i16 %crossHairX_val"   --->   Operation 14 'read' 'crossHairX_val_read' <Predicate = true> <Delay = 2.45> <CoreInst = "FIFO_SRL">   --->   Core 81 'FIFO_SRL' <Latency = 0> <II = 1> <Delay = 3.63> <Storage> <Opcode : 'read' 'write' 'nbread' 'nbwrite'> <Ports = 0> <Width = 16> <Depth = 3> <FIFO>
ST_1 : Operation 15 [1/1] (2.45ns)   --->   "%colorFormat_val_read = read i8 @_ssdm_op_Read.ap_fifo.i8P0A, i8 %colorFormat_val"   --->   Operation 15 'read' 'colorFormat_val_read' <Predicate = true> <Delay = 2.45> <CoreInst = "FIFO_SRL">   --->   Core 81 'FIFO_SRL' <Latency = 0> <II = 1> <Delay = 3.63> <Storage> <Opcode : 'read' 'write' 'nbread' 'nbwrite'> <Ports = 0> <Width = 8> <Depth = 3> <FIFO>
ST_1 : Operation 16 [1/1] (2.45ns)   --->   "%write_ln0 = write void @_ssdm_op_Write.ap_fifo.i8P0A, i8 %colorFormat_val_c, i8 %colorFormat_val_read"   --->   Operation 16 'write' 'write_ln0' <Predicate = true> <Delay = 2.45> <CoreInst = "FIFO_SRL">   --->   Core 81 'FIFO_SRL' <Latency = 0> <II = 1> <Delay = 3.63> <Storage> <Opcode : 'read' 'write' 'nbread' 'nbwrite'> <Ports = 0> <Width = 8> <Depth = 4> <FIFO>
ST_1 : Operation 17 [1/1] (2.45ns)   --->   "%motionSpeed_val_read = read i8 @_ssdm_op_Read.ap_fifo.i8P0A, i8 %motionSpeed_val"   --->   Operation 17 'read' 'motionSpeed_val_read' <Predicate = true> <Delay = 2.45> <CoreInst = "FIFO_SRL">   --->   Core 81 'FIFO_SRL' <Latency = 0> <II = 1> <Delay = 3.63> <Storage> <Opcode : 'read' 'write' 'nbread' 'nbwrite'> <Ports = 0> <Width = 8> <Depth = 2> <FIFO>
ST_1 : Operation 18 [1/1] (2.45ns)   --->   "%maskId_val_read = read i8 @_ssdm_op_Read.ap_fifo.i8P0A, i8 %maskId_val"   --->   Operation 18 'read' 'maskId_val_read' <Predicate = true> <Delay = 2.45> <CoreInst = "FIFO_SRL">   --->   Core 81 'FIFO_SRL' <Latency = 0> <II = 1> <Delay = 3.63> <Storage> <Opcode : 'read' 'write' 'nbread' 'nbwrite'> <Ports = 0> <Width = 8> <Depth = 3> <FIFO>
ST_1 : Operation 19 [1/1] (2.45ns)   --->   "%patternId_val_read = read i8 @_ssdm_op_Read.ap_fifo.i8P0A, i8 %patternId_val"   --->   Operation 19 'read' 'patternId_val_read' <Predicate = true> <Delay = 2.45> <CoreInst = "FIFO_SRL">   --->   Core 81 'FIFO_SRL' <Latency = 0> <II = 1> <Delay = 3.63> <Storage> <Opcode : 'read' 'write' 'nbread' 'nbwrite'> <Ports = 0> <Width = 8> <Depth = 3> <FIFO>
ST_1 : Operation 20 [1/1] (2.45ns)   --->   "%loopWidth = read i16 @_ssdm_op_Read.ap_fifo.i16P0A, i16 %width_val"   --->   Operation 20 'read' 'loopWidth' <Predicate = true> <Delay = 2.45> <CoreInst = "FIFO_SRL">   --->   Core 81 'FIFO_SRL' <Latency = 0> <II = 1> <Delay = 3.63> <Storage> <Opcode : 'read' 'write' 'nbread' 'nbwrite'> <Ports = 0> <Width = 16> <Depth = 2> <FIFO>
ST_1 : Operation 21 [1/1] (2.45ns)   --->   "%write_ln0 = write void @_ssdm_op_Write.ap_fifo.i16P0A, i16 %width_val12_c23, i16 %loopWidth"   --->   Operation 21 'write' 'write_ln0' <Predicate = true> <Delay = 2.45> <CoreInst = "FIFO_SRL">   --->   Core 81 'FIFO_SRL' <Latency = 0> <II = 1> <Delay = 3.63> <Storage> <Opcode : 'read' 'write' 'nbread' 'nbwrite'> <Ports = 0> <Width = 16> <Depth = 2> <FIFO>
ST_1 : Operation 22 [1/1] (2.45ns)   --->   "%loopHeight = read i16 @_ssdm_op_Read.ap_fifo.i16P0A, i16 %height_val"   --->   Operation 22 'read' 'loopHeight' <Predicate = true> <Delay = 2.45> <CoreInst = "FIFO_SRL">   --->   Core 81 'FIFO_SRL' <Latency = 0> <II = 1> <Delay = 3.63> <Storage> <Opcode : 'read' 'write' 'nbread' 'nbwrite'> <Ports = 0> <Width = 16> <Depth = 2> <FIFO>
ST_1 : Operation 23 [1/1] (2.45ns)   --->   "%write_ln0 = write void @_ssdm_op_Write.ap_fifo.i16P0A, i16 %height_val7_c20, i16 %loopHeight"   --->   Operation 23 'write' 'write_ln0' <Predicate = true> <Delay = 2.45> <CoreInst = "FIFO_SRL">   --->   Core 81 'FIFO_SRL' <Latency = 0> <II = 1> <Delay = 3.63> <Storage> <Opcode : 'read' 'write' 'nbread' 'nbwrite'> <Ports = 0> <Width = 16> <Depth = 2> <FIFO>
ST_1 : Operation 24 [1/1] (1.91ns)   --->   "%tobool = icmp_eq  i8 %maskId_val_read, i8 0"   --->   Operation 24 'icmp' 'tobool' <Predicate = true> <Delay = 1.91> <CoreInst = "Cmp">   --->   Core 9 'Cmp' <Latency = 0> <II = 1> <Delay = 1.91> <FuncUnit> <Opcode : 'icmp'> <InPorts = 2> <OutPorts = 1>
ST_1 : Operation 25 [1/1] (0.00ns)   --->   "%empty = trunc i8 %maskId_val_read"   --->   Operation 25 'trunc' 'empty' <Predicate = true> <Delay = 0.00>
ST_1 : Operation 26 [1/1] (0.00ns)   --->   "%tmp = bitselect i1 @_ssdm_op_BitSelect.i1.i8.i32, i8 %maskId_val_read, i32 1"   --->   Operation 26 'bitselect' 'tmp' <Predicate = true> <Delay = 0.00>
ST_1 : Operation 27 [1/1] (0.00ns)   --->   "%tmp_4 = bitselect i1 @_ssdm_op_BitSelect.i1.i8.i32, i8 %maskId_val_read, i32 2"   --->   Operation 27 'bitselect' 'tmp_4' <Predicate = true> <Delay = 0.00>
ST_1 : Operation 28 [1/1] (0.00ns)   --->   "%tmp_5 = partselect i7 @_ssdm_op_PartSelect.i7.i8.i32.i32, i8 %colorFormat_val_read, i32 1, i32 7"   --->   Operation 28 'partselect' 'tmp_5' <Predicate = true> <Delay = 0.00>
ST_1 : Operation 29 [1/1] (1.87ns)   --->   "%icmp = icmp_ne  i7 %tmp_5, i7 0"   --->   Operation 29 'icmp' 'icmp' <Predicate = true> <Delay = 1.87> <CoreInst = "Cmp">   --->   Core 9 'Cmp' <Latency = 0> <II = 1> <Delay = 1.87> <FuncUnit> <Opcode : 'icmp'> <InPorts = 2> <OutPorts = 1>
ST_1 : Operation 30 [1/1] (0.00ns)   --->   "%boxHCoord_load = load i16 %boxHCoord" [C:/va/z702/hdmi/hdmi.runs/design_1_v_tpg_0_0_synth_1/prj/sol/.autopilot/db/v_tpg.cpp:1889->C:/va/z702/hdmi/hdmi.runs/design_1_v_tpg_0_0_synth_1/prj/sol/.autopilot/db/v_tpg.cpp:788]   --->   Operation 30 'load' 'boxHCoord_load' <Predicate = true> <Delay = 0.00>
ST_1 : Operation 31 [1/1] (0.00ns)   --->   "%boxVCoord_load = load i16 %boxVCoord" [C:/va/z702/hdmi/hdmi.runs/design_1_v_tpg_0_0_synth_1/prj/sol/.autopilot/db/v_tpg.cpp:1901->C:/va/z702/hdmi/hdmi.runs/design_1_v_tpg_0_0_synth_1/prj/sol/.autopilot/db/v_tpg.cpp:788]   --->   Operation 31 'load' 'boxVCoord_load' <Predicate = true> <Delay = 0.00>
ST_1 : Operation 32 [1/1] (0.00ns)   --->   "%store_ln1889 = store i16 %boxHCoord_load, i16 %boxHCoord_loc_0" [C:/va/z702/hdmi/hdmi.runs/design_1_v_tpg_0_0_synth_1/prj/sol/.autopilot/db/v_tpg.cpp:1889->C:/va/z702/hdmi/hdmi.runs/design_1_v_tpg_0_0_synth_1/prj/sol/.autopilot/db/v_tpg.cpp:788]   --->   Operation 32 'store' 'store_ln1889' <Predicate = true> <Delay = 0.00>
ST_1 : Operation 33 [1/1] (0.00ns)   --->   "%store_ln1901 = store i16 %boxVCoord_load, i16 %boxVCoord_loc_0" [C:/va/z702/hdmi/hdmi.runs/design_1_v_tpg_0_0_synth_1/prj/sol/.autopilot/db/v_tpg.cpp:1901->C:/va/z702/hdmi/hdmi.runs/design_1_v_tpg_0_0_synth_1/prj/sol/.autopilot/db/v_tpg.cpp:788]   --->   Operation 33 'store' 'store_ln1901' <Predicate = true> <Delay = 0.00>
ST_1 : Operation 34 [1/1] (1.58ns)   --->   "%store_ln763 = store i16 0, i16 %y" [C:/va/z702/hdmi/hdmi.runs/design_1_v_tpg_0_0_synth_1/prj/sol/.autopilot/db/v_tpg.cpp:763]   --->   Operation 34 'store' 'store_ln763' <Predicate = true> <Delay = 1.58>

State 2 <SV = 1> <Delay = 3.16>
ST_2 : Operation 35 [1/1] (0.00ns)   --->   "%specinterface_ln0 = specinterface void @_ssdm_op_SpecInterface, i8 %boxColorB_val, void @ap_fifo_str, i32 0, i32 0, void @p_str, i32 0, i32 0, void @p_str, void @p_str, void @p_str, i32 2, i32 2, i32 16, i32 16, void @p_str, void @ScalarProp_str, i32 4294967295, i32 0"   --->   Operation 35 'specinterface' 'specinterface_ln0' <Predicate = true> <Delay = 0.00>
ST_2 : Operation 36 [1/1] (0.00ns)   --->   "%specinterface_ln0 = specinterface void @_ssdm_op_SpecInterface, i8 %boxColorG_val, void @ap_fifo_str, i32 0, i32 0, void @p_str, i32 0, i32 0, void @p_str, void @p_str, void @p_str, i32 2, i32 2, i32 16, i32 16, void @p_str, void @ScalarProp_str, i32 4294967295, i32 0"   --->   Operation 36 'specinterface' 'specinterface_ln0' <Predicate = true> <Delay = 0.00>
ST_2 : Operation 37 [1/1] (0.00ns)   --->   "%specinterface_ln0 = specinterface void @_ssdm_op_SpecInterface, i8 %boxColorR_val, void @ap_fifo_str, i32 0, i32 0, void @p_str, i32 0, i32 0, void @p_str, void @p_str, void @p_str, i32 2, i32 2, i32 16, i32 16, void @p_str, void @ScalarProp_str, i32 4294967295, i32 0"   --->   Operation 37 'specinterface' 'specinterface_ln0' <Predicate = true> <Delay = 0.00>
ST_2 : Operation 38 [1/1] (0.00ns)   --->   "%specinterface_ln0 = specinterface void @_ssdm_op_SpecInterface, i16 %boxSize_val, void @ap_fifo_str, i32 0, i32 0, void @p_str, i32 0, i32 0, void @p_str, void @p_str, void @p_str, i32 2, i32 2, i32 16, i32 16, void @p_str, void @ScalarProp_str, i32 4294967295, i32 0"   --->   Operation 38 'specinterface' 'specinterface_ln0' <Predicate = true> <Delay = 0.00>
ST_2 : Operation 39 [1/1] (0.00ns)   --->   "%specinterface_ln0 = specinterface void @_ssdm_op_SpecInterface, i16 %crossHairY_val, void @ap_fifo_str, i32 0, i32 0, void @p_str, i32 0, i32 0, void @p_str, void @p_str, void @p_str, i32 2, i32 2, i32 16, i32 16, void @p_str, void @ScalarProp_str, i32 4294967295, i32 0"   --->   Operation 39 'specinterface' 'specinterface_ln0' <Predicate = true> <Delay = 0.00>
ST_2 : Operation 40 [1/1] (0.00ns)   --->   "%specinterface_ln0 = specinterface void @_ssdm_op_SpecInterface, i16 %crossHairX_val, void @ap_fifo_str, i32 0, i32 0, void @p_str, i32 0, i32 0, void @p_str, void @p_str, void @p_str, i32 2, i32 2, i32 16, i32 16, void @p_str, void @ScalarProp_str, i32 4294967295, i32 0"   --->   Operation 40 'specinterface' 'specinterface_ln0' <Predicate = true> <Delay = 0.00>
ST_2 : Operation 41 [1/1] (0.00ns)   --->   "%specinterface_ln0 = specinterface void @_ssdm_op_SpecInterface, i8 %colorFormat_val, void @ap_fifo_str, i32 0, i32 0, void @p_str, i32 0, i32 0, void @p_str, void @p_str, void @p_str, i32 2, i32 2, i32 16, i32 16, void @p_str, void @ScalarProp_str, i32 4294967295, i32 0"   --->   Operation 41 'specinterface' 'specinterface_ln0' <Predicate = true> <Delay = 0.00>
ST_2 : Operation 42 [1/1] (0.00ns)   --->   "%specinterface_ln0 = specinterface void @_ssdm_op_SpecInterface, i8 %colorFormat_val_c, void @ap_fifo_str, i32 0, i32 0, void @p_str, i32 0, i32 0, void @p_str, void @p_str, void @p_str, i32 2, i32 2, i32 16, i32 16, void @p_str, void @ScalarProp_str, i32 4294967295, i32 0"   --->   Operation 42 'specinterface' 'specinterface_ln0' <Predicate = true> <Delay = 0.00>
ST_2 : Operation 43 [1/1] (0.00ns)   --->   "%specinterface_ln0 = specinterface void @_ssdm_op_SpecInterface, i8 %motionSpeed_val, void @ap_fifo_str, i32 0, i32 0, void @p_str, i32 0, i32 0, void @p_str, void @p_str, void @p_str, i32 2, i32 2, i32 16, i32 16, void @p_str, void @ScalarProp_str, i32 4294967295, i32 0"   --->   Operation 43 'specinterface' 'specinterface_ln0' <Predicate = true> <Delay = 0.00>
ST_2 : Operation 44 [1/1] (0.00ns)   --->   "%specinterface_ln0 = specinterface void @_ssdm_op_SpecInterface, i8 %maskId_val, void @ap_fifo_str, i32 0, i32 0, void @p_str, i32 0, i32 0, void @p_str, void @p_str, void @p_str, i32 2, i32 2, i32 16, i32 16, void @p_str, void @ScalarProp_str, i32 4294967295, i32 0"   --->   Operation 44 'specinterface' 'specinterface_ln0' <Predicate = true> <Delay = 0.00>
ST_2 : Operation 45 [1/1] (0.00ns)   --->   "%specinterface_ln0 = specinterface void @_ssdm_op_SpecInterface, i8 %patternId_val, void @ap_fifo_str, i32 0, i32 0, void @p_str, i32 0, i32 0, void @p_str, void @p_str, void @p_str, i32 2, i32 2, i32 16, i32 16, void @p_str, void @ScalarProp_str, i32 4294967295, i32 0"   --->   Operation 45 'specinterface' 'specinterface_ln0' <Predicate = true> <Delay = 0.00>
ST_2 : Operation 46 [1/1] (0.00ns)   --->   "%specinterface_ln0 = specinterface void @_ssdm_op_SpecInterface, i16 %width_val, void @ap_fifo_str, i32 0, i32 0, void @p_str, i32 0, i32 0, void @p_str, void @p_str, void @p_str, i32 2, i32 2, i32 16, i32 16, void @p_str, void @ScalarProp_str, i32 4294967295, i32 0"   --->   Operation 46 'specinterface' 'specinterface_ln0' <Predicate = true> <Delay = 0.00>
ST_2 : Operation 47 [1/1] (0.00ns)   --->   "%specinterface_ln0 = specinterface void @_ssdm_op_SpecInterface, i16 %width_val12_c23, void @ap_fifo_str, i32 0, i32 0, void @p_str, i32 0, i32 0, void @p_str, void @p_str, void @p_str, i32 2, i32 2, i32 16, i32 16, void @p_str, void @ScalarProp_str, i32 4294967295, i32 0"   --->   Operation 47 'specinterface' 'specinterface_ln0' <Predicate = true> <Delay = 0.00>
ST_2 : Operation 48 [1/1] (0.00ns)   --->   "%specinterface_ln0 = specinterface void @_ssdm_op_SpecInterface, i16 %height_val, void @ap_fifo_str, i32 0, i32 0, void @p_str, i32 0, i32 0, void @p_str, void @p_str, void @p_str, i32 2, i32 2, i32 16, i32 16, void @p_str, void @ScalarProp_str, i32 4294967295, i32 0"   --->   Operation 48 'specinterface' 'specinterface_ln0' <Predicate = true> <Delay = 0.00>
ST_2 : Operation 49 [1/1] (0.00ns)   --->   "%specinterface_ln0 = specinterface void @_ssdm_op_SpecInterface, i16 %height_val7_c20, void @ap_fifo_str, i32 0, i32 0, void @p_str, i32 0, i32 0, void @p_str, void @p_str, void @p_str, i32 2, i32 2, i32 16, i32 16, void @p_str, void @ScalarProp_str, i32 4294967295, i32 0"   --->   Operation 49 'specinterface' 'specinterface_ln0' <Predicate = true> <Delay = 0.00>
ST_2 : Operation 50 [1/1] (0.00ns)   --->   "%specinterface_ln0 = specinterface void @_ssdm_op_SpecInterface, i24 %ovrlayYUV, void @empty_23, i32 0, i32 0, void @empty_25, i32 0, i32 0, void @empty_25, void @empty_25, void @empty_25, i32 0, i32 0, i32 0, i32 0, void @empty_25, void @empty_25, i32 4294967295, i32 0"   --->   Operation 50 'specinterface' 'specinterface_ln0' <Predicate = true> <Delay = 0.00>
ST_2 : Operation 51 [1/1] (0.00ns)   --->   "%specinterface_ln0 = specinterface void @_ssdm_op_SpecInterface, i24 %bckgndYUV, void @empty_23, i32 0, i32 0, void @empty_25, i32 0, i32 0, void @empty_25, void @empty_25, void @empty_25, i32 0, i32 0, i32 0, i32 0, void @empty_25, void @empty_25, i32 4294967295, i32 0"   --->   Operation 51 'specinterface' 'specinterface_ln0' <Predicate = true> <Delay = 0.00>
ST_2 : Operation 52 [1/1] (1.91ns)   --->   "%cmp31_i = icmp_eq  i8 %colorFormat_val_read, i8 0"   --->   Operation 52 'icmp' 'cmp31_i' <Predicate = true> <Delay = 1.91> <CoreInst = "Cmp">   --->   Core 9 'Cmp' <Latency = 0> <II = 1> <Delay = 1.91> <FuncUnit> <Opcode : 'icmp'> <InPorts = 2> <OutPorts = 1>
ST_2 : Operation 53 [1/1] (1.24ns)   --->   "%pixOut = select i1 %cmp31_i, i8 240, i8 128"   --->   Operation 53 'select' 'pixOut' <Predicate = true> <Delay = 1.24> <CoreInst = "Sel">   --->   Core 73 'Sel' <Latency = 0> <II = 1> <Delay = 1.24> <FuncUnit> <Opcode : 'select'> <InPorts = 3> <OutPorts = 1>
ST_2 : Operation 54 [1/1] (2.07ns)   --->   "%hMax = sub i16 %loopWidth, i16 %boxSize_val_read"   --->   Operation 54 'sub' 'hMax' <Predicate = true> <Delay = 2.07> <CoreInst = "Adder">   --->   Core 1 'Adder' <Latency = 0> <II = 1> <Delay = 2.07> <FuncUnit> <Opcode : 'add' 'sub'> <InPorts = 2> <OutPorts = 1>
ST_2 : Operation 55 [1/1] (2.07ns)   --->   "%vMax = sub i16 %loopHeight, i16 %boxSize_val_read"   --->   Operation 55 'sub' 'vMax' <Predicate = true> <Delay = 2.07> <CoreInst = "Adder">   --->   Core 1 'Adder' <Latency = 0> <II = 1> <Delay = 2.07> <FuncUnit> <Opcode : 'add' 'sub'> <InPorts = 2> <OutPorts = 1>
ST_2 : Operation 56 [1/1] (0.97ns)   --->   "%and4_i = and i1 %cmp31_i, i1 %empty"   --->   Operation 56 'and' 'and4_i' <Predicate = true> <Delay = 0.97> <CoreInst = "LogicGate">   --->   Core 74 'LogicGate' <Latency = 0> <II = 1> <Delay = 0.97> <FuncUnit> <Opcode : 'and' 'or' 'xor'> <InPorts = 2> <OutPorts = 1>
ST_2 : Operation 57 [1/1] (0.97ns)   --->   "%and10_i = and i1 %cmp31_i, i1 %tmp"   --->   Operation 57 'and' 'and10_i' <Predicate = true> <Delay = 0.97> <CoreInst = "LogicGate">   --->   Core 74 'LogicGate' <Latency = 0> <II = 1> <Delay = 0.97> <FuncUnit> <Opcode : 'and' 'or' 'xor'> <InPorts = 2> <OutPorts = 1>
ST_2 : Operation 58 [1/1] (0.97ns)   --->   "%and26_i = and i1 %cmp31_i, i1 %tmp_4"   --->   Operation 58 'and' 'and26_i' <Predicate = true> <Delay = 0.97> <CoreInst = "LogicGate">   --->   Core 74 'LogicGate' <Latency = 0> <II = 1> <Delay = 0.97> <FuncUnit> <Opcode : 'and' 'or' 'xor'> <InPorts = 2> <OutPorts = 1>
ST_2 : Operation 59 [1/1] (0.00ns)   --->   "%shl_i = bitconcatenate i9 @_ssdm_op_BitConcatenate.i9.i8.i1, i8 %motionSpeed_val_read, i1 0"   --->   Operation 59 'bitconcatenate' 'shl_i' <Predicate = true> <Delay = 0.00>
ST_2 : Operation 60 [1/1] (0.00ns)   --->   "%br_ln772 = br void %VITIS_LOOP_774_2" [C:/va/z702/hdmi/hdmi.runs/design_1_v_tpg_0_0_synth_1/prj/sol/.autopilot/db/v_tpg.cpp:772]   --->   Operation 60 'br' 'br_ln772' <Predicate = true> <Delay = 0.00>

State 3 <SV = 2> <Delay = 3.66>
ST_3 : Operation 61 [1/1] (0.00ns)   --->   "%y_2 = load i16 %y" [C:/va/z702/hdmi/hdmi.runs/design_1_v_tpg_0_0_synth_1/prj/sol/.autopilot/db/v_tpg.cpp:772]   --->   Operation 61 'load' 'y_2' <Predicate = true> <Delay = 0.00>
ST_3 : Operation 62 [1/1] (2.07ns)   --->   "%icmp_ln772 = icmp_eq  i16 %y_2, i16 %loopHeight" [C:/va/z702/hdmi/hdmi.runs/design_1_v_tpg_0_0_synth_1/prj/sol/.autopilot/db/v_tpg.cpp:772]   --->   Operation 62 'icmp' 'icmp_ln772' <Predicate = true> <Delay = 2.07> <CoreInst = "Cmp">   --->   Core 9 'Cmp' <Latency = 0> <II = 1> <Delay = 2.07> <FuncUnit> <Opcode : 'icmp'> <InPorts = 2> <OutPorts = 1>
ST_3 : Operation 63 [1/1] (2.07ns)   --->   "%y_3 = add i16 %y_2, i16 1" [C:/va/z702/hdmi/hdmi.runs/design_1_v_tpg_0_0_synth_1/prj/sol/.autopilot/db/v_tpg.cpp:772]   --->   Operation 63 'add' 'y_3' <Predicate = true> <Delay = 2.07> <CoreInst = "Adder">   --->   Core 1 'Adder' <Latency = 0> <II = 1> <Delay = 2.07> <FuncUnit> <Opcode : 'add' 'sub'> <InPorts = 2> <OutPorts = 1>
ST_3 : Operation 64 [1/1] (0.00ns)   --->   "%br_ln772 = br i1 %icmp_ln772, void %VITIS_LOOP_774_2.split, void %for.end18.loopexit" [C:/va/z702/hdmi/hdmi.runs/design_1_v_tpg_0_0_synth_1/prj/sol/.autopilot/db/v_tpg.cpp:772]   --->   Operation 64 'br' 'br_ln772' <Predicate = true> <Delay = 0.00>
ST_3 : Operation 65 [1/1] (0.00ns)   --->   "%boxVCoord_loc_0_load = load i16 %boxVCoord_loc_0"   --->   Operation 65 'load' 'boxVCoord_loc_0_load' <Predicate = (!icmp_ln772)> <Delay = 0.00>
ST_3 : Operation 66 [1/1] (0.00ns)   --->   "%boxHCoord_loc_0_load = load i16 %boxHCoord_loc_0"   --->   Operation 66 'load' 'boxHCoord_loc_0_load' <Predicate = (!icmp_ln772)> <Delay = 0.00>
ST_3 : Operation 67 [1/1] (2.07ns)   --->   "%cmp2_i = icmp_eq  i16 %y_2, i16 %crossHairY_val_read" [C:/va/z702/hdmi/hdmi.runs/design_1_v_tpg_0_0_synth_1/prj/sol/.autopilot/db/v_tpg.cpp:772]   --->   Operation 67 'icmp' 'cmp2_i' <Predicate = (!icmp_ln772)> <Delay = 2.07> <CoreInst = "Cmp">   --->   Core 9 'Cmp' <Latency = 0> <II = 1> <Delay = 2.07> <FuncUnit> <Opcode : 'icmp'> <InPorts = 2> <OutPorts = 1>
ST_3 : Operation 68 [1/1] (0.00ns)   --->   "%empty_107 = wait i32 @_ssdm_op_Wait"   --->   Operation 68 'wait' 'empty_107' <Predicate = (!icmp_ln772)> <Delay = 0.00>
ST_3 : Operation 69 [1/1] (1.58ns)   --->   "%store_ln763 = store i16 %y_3, i16 %y" [C:/va/z702/hdmi/hdmi.runs/design_1_v_tpg_0_0_synth_1/prj/sol/.autopilot/db/v_tpg.cpp:763]   --->   Operation 69 'store' 'store_ln763' <Predicate = (!icmp_ln772)> <Delay = 1.58>
ST_3 : Operation 70 [1/1] (0.00ns)   --->   "%ret_ln811 = ret" [C:/va/z702/hdmi/hdmi.runs/design_1_v_tpg_0_0_synth_1/prj/sol/.autopilot/db/v_tpg.cpp:811]   --->   Operation 70 'ret' 'ret_ln811' <Predicate = (icmp_ln772)> <Delay = 0.00>

State 4 <SV = 3> <Delay = 1.58>
ST_4 : Operation 71 [2/2] (1.58ns)   --->   "%call_ln772 = call void @tpgForeground_Pipeline_VITIS_LOOP_774_2, i16 %boxHCoord_loc_0_load, i16 %boxVCoord_loc_0_load, i16 %loopWidth, i8 %boxColorB_val_read, i8 %pixOut, i8 %boxColorR_val_read, i1 %and4_i, i1 %and26_i, i1 %tobool, i1 %and10_i, i24 %ovrlayYUV, i24 %bckgndYUV, i8 %patternId_val_read, i16 %boxSize_val_read, i16 %y_2, i8 %motionSpeed_val_read, i16 %vMax, i16 %hMax, i9 %shl_i, i1 %icmp, i8 %boxColorG_val_read, i16 %crossHairX_val_read, i1 %cmp2_i, i8 %colorFormat_val_read, i16 %boxHCoord_loc_0, i16 %boxVCoord_loc_0, i16 %boxHCoord, i16 %boxVCoord, i1 %vDir, i1 %hDir, i8 %whiYuv" [C:/va/z702/hdmi/hdmi.runs/design_1_v_tpg_0_0_synth_1/prj/sol/.autopilot/db/v_tpg.cpp:772]   --->   Operation 71 'call' 'call_ln772' <Predicate = true> <Delay = 1.58> <CoreType = "Generic">   --->   Core 0 '' <Latency = 0> <II = 1> <Delay = 1.00> <Generic> <Opcode : >

State 5 <SV = 4> <Delay = 0.00>
ST_5 : Operation 72 [1/1] (0.00ns)   --->   "%speclooptripcount_ln763 = speclooptripcount void @_ssdm_op_SpecLoopTripCount, i64 0, i64 65535, i64 32767" [C:/va/z702/hdmi/hdmi.runs/design_1_v_tpg_0_0_synth_1/prj/sol/.autopilot/db/v_tpg.cpp:763]   --->   Operation 72 'speclooptripcount' 'speclooptripcount_ln763' <Predicate = true> <Delay = 0.00>
ST_5 : Operation 73 [1/1] (0.00ns)   --->   "%specloopname_ln772 = specloopname void @_ssdm_op_SpecLoopName, void @empty_12" [C:/va/z702/hdmi/hdmi.runs/design_1_v_tpg_0_0_synth_1/prj/sol/.autopilot/db/v_tpg.cpp:772]   --->   Operation 73 'specloopname' 'specloopname_ln772' <Predicate = true> <Delay = 0.00>
ST_5 : Operation 74 [1/2] (0.00ns)   --->   "%call_ln772 = call void @tpgForeground_Pipeline_VITIS_LOOP_774_2, i16 %boxHCoord_loc_0_load, i16 %boxVCoord_loc_0_load, i16 %loopWidth, i8 %boxColorB_val_read, i8 %pixOut, i8 %boxColorR_val_read, i1 %and4_i, i1 %and26_i, i1 %tobool, i1 %and10_i, i24 %ovrlayYUV, i24 %bckgndYUV, i8 %patternId_val_read, i16 %boxSize_val_read, i16 %y_2, i8 %motionSpeed_val_read, i16 %vMax, i16 %hMax, i9 %shl_i, i1 %icmp, i8 %boxColorG_val_read, i16 %crossHairX_val_read, i1 %cmp2_i, i8 %colorFormat_val_read, i16 %boxHCoord_loc_0, i16 %boxVCoord_loc_0, i16 %boxHCoord, i16 %boxVCoord, i1 %vDir, i1 %hDir, i8 %whiYuv" [C:/va/z702/hdmi/hdmi.runs/design_1_v_tpg_0_0_synth_1/prj/sol/.autopilot/db/v_tpg.cpp:772]   --->   Operation 74 'call' 'call_ln772' <Predicate = true> <Delay = 0.00> <CoreType = "Generic">   --->   Core 0 '' <Latency = 0> <II = 1> <Delay = 1.00> <Generic> <Opcode : >
ST_5 : Operation 75 [1/1] (0.00ns)   --->   "%br_ln772 = br void %VITIS_LOOP_774_2" [C:/va/z702/hdmi/hdmi.runs/design_1_v_tpg_0_0_synth_1/prj/sol/.autopilot/db/v_tpg.cpp:772]   --->   Operation 75 'br' 'br_ln772' <Predicate = true> <Delay = 0.00>


============================================================
+ Verbose Summary: Timing violations
============================================================
Target clock period: 6.734ns, clock uncertainty: 1.818ns.

 <State 1>: 4.916ns
The critical path consists of the following:
	fifo read operation ('colorFormat_val_read') on port 'colorFormat_val' [39]  (2.458 ns)
	fifo write operation ('write_ln0') on port 'colorFormat_val_c' [41]  (2.458 ns)

 <State 2>: 3.163ns
The critical path consists of the following:
	'icmp' operation 1 bit ('cmp31_i') [59]  (1.915 ns)
	'select' operation 8 bit ('pixOut') [60]  (1.248 ns)

 <State 3>: 3.665ns
The critical path consists of the following:
	'load' operation 16 bit ('y', C:/va/z702/hdmi/hdmi.runs/design_1_v_tpg_0_0_synth_1/prj/sol/.autopilot/db/v_tpg.cpp:772) on local variable 'y', C:/va/z702/hdmi/hdmi.runs/design_1_v_tpg_0_0_synth_1/prj/sol/.autopilot/db/v_tpg.cpp:763 [79]  (0.000 ns)
	'add' operation 16 bit ('y', C:/va/z702/hdmi/hdmi.runs/design_1_v_tpg_0_0_synth_1/prj/sol/.autopilot/db/v_tpg.cpp:772) [81]  (2.077 ns)
	'store' operation 0 bit ('store_ln763', C:/va/z702/hdmi/hdmi.runs/design_1_v_tpg_0_0_synth_1/prj/sol/.autopilot/db/v_tpg.cpp:763) of variable 'y', C:/va/z702/hdmi/hdmi.runs/design_1_v_tpg_0_0_synth_1/prj/sol/.autopilot/db/v_tpg.cpp:772 on local variable 'y', C:/va/z702/hdmi/hdmi.runs/design_1_v_tpg_0_0_synth_1/prj/sol/.autopilot/db/v_tpg.cpp:763 [91]  (1.588 ns)

 <State 4>: 1.588ns
The critical path consists of the following:
	'call' operation 0 bit ('call_ln772', C:/va/z702/hdmi/hdmi.runs/design_1_v_tpg_0_0_synth_1/prj/sol/.autopilot/db/v_tpg.cpp:772) to 'tpgForeground_Pipeline_VITIS_LOOP_774_2' [90]  (1.588 ns)

 <State 5>: 0.000ns
The critical path consists of the following:


============================================================
+ Verbose Summary: Binding
============================================================
N/A
* FSMD analyzer results:
  - Output states:
 - Input state : 
  - Chain level:
	State 1
	State 2
	State 3
	State 4
	State 5


============================================================
+ Verbose Summary: Datapath Resource usage 
============================================================
N/A
