

================================================================
== Vitis HLS Report for 'v_hcresampler_core_Pipeline_VITIS_LOOP_2052_2'
================================================================
* Date:           Fri Mar  1 09:43:05 2024

* Version:        2023.2 (Build 4023990 on Oct 11 2023)
* Project:        prj
* Solution:       sol (Vivado IP Flow Target)
* Product family: zynq
* Target device:  xc7z020-clg484-1


================================================================
== Performance Estimates
================================================================
+ Timing: 
    * Summary: 
    +--------+---------+----------+------------+
    |  Clock |  Target | Estimated| Uncertainty|
    +--------+---------+----------+------------+
    |ap_clk  |  6.73 ns|  5.253 ns|     1.82 ns|
    +--------+---------+----------+------------+

+ Latency: 
    * Summary: 
    +---------+---------+-----------+----------+-----+-------+---------+
    |  Latency (cycles) |  Latency (absolute)  |   Interval  | Pipeline|
    |   min   |   max   |    min    |    max   | min |  max  |   Type  |
    +---------+---------+-----------+----------+-----+-------+---------+
    |        4|    32772|  26.936 ns|  0.221 ms|    4|  32772|       no|
    +---------+---------+-----------+----------+-----+-------+---------+

    + Detail: 
        * Instance: 
        N/A

        * Loop: 
        +---------------------+---------+---------+----------+-----------+-----------+-----------+----------+
        |                     |  Latency (cycles) | Iteration|  Initiation Interval  |    Trip   |          |
        |      Loop Name      |   min   |   max   |  Latency |  achieved |   target  |   Count   | Pipelined|
        +---------------------+---------+---------+----------+-----------+-----------+-----------+----------+
        |- VITIS_LOOP_2052_2  |        2|    32770|         5|          1|          1|  0 ~ 32767|       yes|
        +---------------------+---------+---------+----------+-----------+-----------+-----------+----------+

============================================================
+ Verbose Summary: Synthesis Manager
============================================================
InlineROM: 1
ExposeGlobal: 0
============================================================
+ Verbose Summary: CDFG Model
============================================================
IsTopModel: 0
ResetActiveHigh: 1
IsCombinational: 0
IsDatapathOnly: 0
HasWiredReturn: 1
HasMFsm: 2
HasVarLatency: 1
IsPipeline: 0
IsRtlPipelined: 0
IsInstanceOverlapped: 0
IsDontTouch: 0
HasImplIP: 0
IsGatedGlobalClock: 0

+ Individual pipeline summary: 
  * Pipeline-0: initiation interval (II) = 1, depth = 5


============================================================
+ Verbose Summary: Schedule
============================================================
* Number of FSM states : 5
* Pipeline : 1
  Pipeline-0 : II = 1, D = 5, States = { 1 2 3 4 5 }
* Dataflow Pipeline: 0

* FSM state transitions: 
1 --> 2 
2 --> 3 
3 --> 4 
4 --> 5 
5 --> 

* FSM state operations: 

State 1 <SV = 0> <Delay = 5.25>
ST_1 : Operation 8 [1/1] (0.00ns)   --->   "%p_0_1_0_0_0593601_i = alloca i32 1"   --->   Operation 8 'alloca' 'p_0_1_0_0_0593601_i' <Predicate = true> <Delay = 0.00>
ST_1 : Operation 9 [1/1] (0.00ns)   --->   "%p_0_2_0_0_0595604_i = alloca i32 1"   --->   Operation 9 'alloca' 'p_0_2_0_0_0595604_i' <Predicate = true> <Delay = 0.00>
ST_1 : Operation 10 [1/1] (0.00ns)   --->   "%x = alloca i32 1" [C:/va/z702/hdmi/hdmi.runs/design_1_v_tpg_0_0_synth_1/prj/sol/.autopilot/db/v_tpg.cpp:2010->C:/va/z702/hdmi/hdmi.runs/design_1_v_tpg_0_0_synth_1/prj/sol/.autopilot/db/v_tpg.cpp:378]   --->   Operation 10 'alloca' 'x' <Predicate = true> <Delay = 0.00>
ST_1 : Operation 11 [1/1] (0.00ns)   --->   "%p_0_0_0_0_0450590_i = alloca i32 1"   --->   Operation 11 'alloca' 'p_0_0_0_0_0450590_i' <Predicate = true> <Delay = 0.00>
ST_1 : Operation 12 [1/1] (0.00ns)   --->   "%p_0_1_0_0_0592_i = alloca i32 1"   --->   Operation 12 'alloca' 'p_0_1_0_0_0592_i' <Predicate = true> <Delay = 0.00>
ST_1 : Operation 13 [1/1] (0.00ns)   --->   "%p_0_2_0_0_0594_i = alloca i32 1"   --->   Operation 13 'alloca' 'p_0_2_0_0_0594_i' <Predicate = true> <Delay = 0.00>
ST_1 : Operation 14 [1/1] (0.00ns)   --->   "%pixbuf_y = alloca i32 1" [C:/va/z702/hdmi/hdmi.runs/design_1_v_tpg_0_0_synth_1/prj/sol/.autopilot/db/v_tpg.cpp:2028->C:/va/z702/hdmi/hdmi.runs/design_1_v_tpg_0_0_synth_1/prj/sol/.autopilot/db/v_tpg.cpp:378]   --->   Operation 14 'alloca' 'pixbuf_y' <Predicate = true> <Delay = 0.00>
ST_1 : Operation 15 [1/1] (0.00ns)   --->   "%pixbuf_y_5 = alloca i32 1" [C:/va/z702/hdmi/hdmi.runs/design_1_v_tpg_0_0_synth_1/prj/sol/.autopilot/db/v_tpg.cpp:2028->C:/va/z702/hdmi/hdmi.runs/design_1_v_tpg_0_0_synth_1/prj/sol/.autopilot/db/v_tpg.cpp:378]   --->   Operation 15 'alloca' 'pixbuf_y_5' <Predicate = true> <Delay = 0.00>
ST_1 : Operation 16 [1/1] (0.00ns)   --->   "%pixbuf_y_6 = alloca i32 1" [C:/va/z702/hdmi/hdmi.runs/design_1_v_tpg_0_0_synth_1/prj/sol/.autopilot/db/v_tpg.cpp:2028->C:/va/z702/hdmi/hdmi.runs/design_1_v_tpg_0_0_synth_1/prj/sol/.autopilot/db/v_tpg.cpp:378]   --->   Operation 16 'alloca' 'pixbuf_y_6' <Predicate = true> <Delay = 0.00>
ST_1 : Operation 17 [1/1] (0.00ns)   --->   "%pixbuf_y_7 = alloca i32 1" [C:/va/z702/hdmi/hdmi.runs/design_1_v_tpg_0_0_synth_1/prj/sol/.autopilot/db/v_tpg.cpp:2028->C:/va/z702/hdmi/hdmi.runs/design_1_v_tpg_0_0_synth_1/prj/sol/.autopilot/db/v_tpg.cpp:378]   --->   Operation 17 'alloca' 'pixbuf_y_7' <Predicate = true> <Delay = 0.00>
ST_1 : Operation 18 [1/1] (0.00ns)   --->   "%width_val12_load_read = read i16 @_ssdm_op_Read.ap_auto.i16, i16 %width_val12_load"   --->   Operation 18 'read' 'width_val12_load_read' <Predicate = true> <Delay = 0.00>
ST_1 : Operation 19 [1/1] (0.00ns)   --->   "%select_ln2047_read = read i2 @_ssdm_op_Read.ap_auto.i2, i2 %select_ln2047"   --->   Operation 19 'read' 'select_ln2047_read' <Predicate = true> <Delay = 0.00>
ST_1 : Operation 20 [1/1] (0.00ns)   --->   "%p_cast21_i_read = read i1 @_ssdm_op_Read.ap_auto.i1, i1 %p_cast21_i"   --->   Operation 20 'read' 'p_cast21_i_read' <Predicate = true> <Delay = 0.00>
ST_1 : Operation 21 [1/1] (0.00ns)   --->   "%p_read23 = read i1 @_ssdm_op_Read.ap_auto.i1, i1 %p_read"   --->   Operation 21 'read' 'p_read23' <Predicate = true> <Delay = 0.00>
ST_1 : Operation 22 [1/1] (0.00ns)   --->   "%loopWidth_read = read i16 @_ssdm_op_Read.ap_auto.i16, i16 %loopWidth"   --->   Operation 22 'read' 'loopWidth_read' <Predicate = true> <Delay = 0.00>
ST_1 : Operation 23 [1/1] (0.00ns)   --->   "%p_0_0_0_0_0450591_lcssa618_i_read = read i8 @_ssdm_op_Read.ap_auto.i8, i8 %p_0_0_0_0_0450591_lcssa618_i"   --->   Operation 23 'read' 'p_0_0_0_0_0450591_lcssa618_i_read' <Predicate = true> <Delay = 0.00>
ST_1 : Operation 24 [1/1] (0.00ns)   --->   "%p_0_1_0_0_0593_lcssa621_i_read = read i8 @_ssdm_op_Read.ap_auto.i8, i8 %p_0_1_0_0_0593_lcssa621_i"   --->   Operation 24 'read' 'p_0_1_0_0_0593_lcssa621_i_read' <Predicate = true> <Delay = 0.00>
ST_1 : Operation 25 [1/1] (0.00ns)   --->   "%p_0_2_0_0_0595_lcssa624_i_read = read i8 @_ssdm_op_Read.ap_auto.i8, i8 %p_0_2_0_0_0595_lcssa624_i"   --->   Operation 25 'read' 'p_0_2_0_0_0595_lcssa624_i_read' <Predicate = true> <Delay = 0.00>
ST_1 : Operation 26 [1/1] (0.00ns)   --->   "%p_0_1_0_0_0593602_lcssa644_i_read = read i8 @_ssdm_op_Read.ap_auto.i8, i8 %p_0_1_0_0_0593602_lcssa644_i"   --->   Operation 26 'read' 'p_0_1_0_0_0593602_lcssa644_i_read' <Predicate = true> <Delay = 0.00>
ST_1 : Operation 27 [1/1] (0.00ns)   --->   "%p_0_2_0_0_0595605_lcssa647_i_read = read i8 @_ssdm_op_Read.ap_auto.i8, i8 %p_0_2_0_0_0595605_lcssa647_i"   --->   Operation 27 'read' 'p_0_2_0_0_0595605_lcssa647_i_read' <Predicate = true> <Delay = 0.00>
ST_1 : Operation 28 [1/1] (0.00ns)   --->   "%pixbuf_y_1_read = read i8 @_ssdm_op_Read.ap_auto.i8, i8 %pixbuf_y_1"   --->   Operation 28 'read' 'pixbuf_y_1_read' <Predicate = true> <Delay = 0.00>
ST_1 : Operation 29 [1/1] (0.00ns)   --->   "%pixbuf_y_2_read = read i8 @_ssdm_op_Read.ap_auto.i8, i8 %pixbuf_y_2"   --->   Operation 29 'read' 'pixbuf_y_2_read' <Predicate = true> <Delay = 0.00>
ST_1 : Operation 30 [1/1] (0.00ns)   --->   "%pixbuf_y_3_read = read i8 @_ssdm_op_Read.ap_auto.i8, i8 %pixbuf_y_3"   --->   Operation 30 'read' 'pixbuf_y_3_read' <Predicate = true> <Delay = 0.00>
ST_1 : Operation 31 [1/1] (0.00ns)   --->   "%pixbuf_y_4_read = read i8 @_ssdm_op_Read.ap_auto.i8, i8 %pixbuf_y_4"   --->   Operation 31 'read' 'pixbuf_y_4_read' <Predicate = true> <Delay = 0.00>
ST_1 : Operation 32 [1/1] (0.00ns)   --->   "%select_ln2047_cast = zext i2 %select_ln2047_read"   --->   Operation 32 'zext' 'select_ln2047_cast' <Predicate = true> <Delay = 0.00>
ST_1 : Operation 33 [1/1] (0.99ns)   --->   "%p_cast21_i_cast = select i1 %p_cast21_i_read, i2 3, i2 0"   --->   Operation 33 'select' 'p_cast21_i_cast' <Predicate = true> <Delay = 0.99> <CoreInst = "Sel">   --->   Core 73 'Sel' <Latency = 0> <II = 1> <Delay = 0.99> <FuncUnit> <Opcode : 'select'> <InPorts = 3> <OutPorts = 1>
ST_1 : Operation 34 [1/1] (0.00ns)   --->   "%specinterface_ln0 = specinterface void @_ssdm_op_SpecInterface, i24 %ovrlayYUV, void @empty_23, i32 0, i32 0, void @empty_25, i32 0, i32 0, void @empty_25, void @empty_25, void @empty_25, i32 0, i32 0, i32 0, i32 0, void @empty_25, void @empty_25, i32 4294967295, i32 0"   --->   Operation 34 'specinterface' 'specinterface_ln0' <Predicate = true> <Delay = 0.00>
ST_1 : Operation 35 [1/1] (0.00ns)   --->   "%specinterface_ln0 = specinterface void @_ssdm_op_SpecInterface, i24 %stream_out_hresampled, void @empty_23, i32 0, i32 0, void @empty_25, i32 0, i32 0, void @empty_25, void @empty_25, void @empty_25, i32 0, i32 0, i32 0, i32 0, void @empty_25, void @empty_25, i32 4294967295, i32 0"   --->   Operation 35 'specinterface' 'specinterface_ln0' <Predicate = true> <Delay = 0.00>
ST_1 : Operation 36 [1/1] (1.58ns)   --->   "%store_ln2028 = store i8 %pixbuf_y_4_read, i8 %pixbuf_y_7" [C:/va/z702/hdmi/hdmi.runs/design_1_v_tpg_0_0_synth_1/prj/sol/.autopilot/db/v_tpg.cpp:2028->C:/va/z702/hdmi/hdmi.runs/design_1_v_tpg_0_0_synth_1/prj/sol/.autopilot/db/v_tpg.cpp:378]   --->   Operation 36 'store' 'store_ln2028' <Predicate = true> <Delay = 1.58>
ST_1 : Operation 37 [1/1] (1.58ns)   --->   "%store_ln2028 = store i8 %pixbuf_y_3_read, i8 %pixbuf_y_6" [C:/va/z702/hdmi/hdmi.runs/design_1_v_tpg_0_0_synth_1/prj/sol/.autopilot/db/v_tpg.cpp:2028->C:/va/z702/hdmi/hdmi.runs/design_1_v_tpg_0_0_synth_1/prj/sol/.autopilot/db/v_tpg.cpp:378]   --->   Operation 37 'store' 'store_ln2028' <Predicate = true> <Delay = 1.58>
ST_1 : Operation 38 [1/1] (1.58ns)   --->   "%store_ln2028 = store i8 %pixbuf_y_2_read, i8 %pixbuf_y_5" [C:/va/z702/hdmi/hdmi.runs/design_1_v_tpg_0_0_synth_1/prj/sol/.autopilot/db/v_tpg.cpp:2028->C:/va/z702/hdmi/hdmi.runs/design_1_v_tpg_0_0_synth_1/prj/sol/.autopilot/db/v_tpg.cpp:378]   --->   Operation 38 'store' 'store_ln2028' <Predicate = true> <Delay = 1.58>
ST_1 : Operation 39 [1/1] (1.58ns)   --->   "%store_ln2028 = store i8 %pixbuf_y_1_read, i8 %pixbuf_y" [C:/va/z702/hdmi/hdmi.runs/design_1_v_tpg_0_0_synth_1/prj/sol/.autopilot/db/v_tpg.cpp:2028->C:/va/z702/hdmi/hdmi.runs/design_1_v_tpg_0_0_synth_1/prj/sol/.autopilot/db/v_tpg.cpp:378]   --->   Operation 39 'store' 'store_ln2028' <Predicate = true> <Delay = 1.58>
ST_1 : Operation 40 [1/1] (1.58ns)   --->   "%store_ln0 = store i8 %p_0_2_0_0_0595_lcssa624_i_read, i8 %p_0_2_0_0_0594_i"   --->   Operation 40 'store' 'store_ln0' <Predicate = true> <Delay = 1.58>
ST_1 : Operation 41 [1/1] (1.58ns)   --->   "%store_ln0 = store i8 %p_0_1_0_0_0593_lcssa621_i_read, i8 %p_0_1_0_0_0592_i"   --->   Operation 41 'store' 'store_ln0' <Predicate = true> <Delay = 1.58>
ST_1 : Operation 42 [1/1] (1.58ns)   --->   "%store_ln0 = store i8 %p_0_0_0_0_0450591_lcssa618_i_read, i8 %p_0_0_0_0_0450590_i"   --->   Operation 42 'store' 'store_ln0' <Predicate = true> <Delay = 1.58>
ST_1 : Operation 43 [1/1] (1.58ns)   --->   "%store_ln2010 = store i15 0, i15 %x" [C:/va/z702/hdmi/hdmi.runs/design_1_v_tpg_0_0_synth_1/prj/sol/.autopilot/db/v_tpg.cpp:2010->C:/va/z702/hdmi/hdmi.runs/design_1_v_tpg_0_0_synth_1/prj/sol/.autopilot/db/v_tpg.cpp:378]   --->   Operation 43 'store' 'store_ln2010' <Predicate = true> <Delay = 1.58>
ST_1 : Operation 44 [1/1] (1.58ns)   --->   "%store_ln0 = store i8 %p_0_2_0_0_0595605_lcssa647_i_read, i8 %p_0_2_0_0_0595604_i"   --->   Operation 44 'store' 'store_ln0' <Predicate = true> <Delay = 1.58>
ST_1 : Operation 45 [1/1] (1.58ns)   --->   "%store_ln0 = store i8 %p_0_1_0_0_0593602_lcssa644_i_read, i8 %p_0_1_0_0_0593601_i"   --->   Operation 45 'store' 'store_ln0' <Predicate = true> <Delay = 1.58>
ST_1 : Operation 46 [1/1] (0.00ns)   --->   "%br_ln0 = br void %for.body37.i"   --->   Operation 46 'br' 'br_ln0' <Predicate = true> <Delay = 0.00>
ST_1 : Operation 47 [1/1] (0.00ns)   --->   "%x_1 = load i15 %x" [C:/va/z702/hdmi/hdmi.runs/design_1_v_tpg_0_0_synth_1/prj/sol/.autopilot/db/v_tpg.cpp:2052->C:/va/z702/hdmi/hdmi.runs/design_1_v_tpg_0_0_synth_1/prj/sol/.autopilot/db/v_tpg.cpp:378]   --->   Operation 47 'load' 'x_1' <Predicate = true> <Delay = 0.00>
ST_1 : Operation 48 [1/1] (0.00ns)   --->   "%zext_ln2052 = zext i15 %x_1" [C:/va/z702/hdmi/hdmi.runs/design_1_v_tpg_0_0_synth_1/prj/sol/.autopilot/db/v_tpg.cpp:2052->C:/va/z702/hdmi/hdmi.runs/design_1_v_tpg_0_0_synth_1/prj/sol/.autopilot/db/v_tpg.cpp:378]   --->   Operation 48 'zext' 'zext_ln2052' <Predicate = true> <Delay = 0.00>
ST_1 : Operation 49 [1/1] (2.07ns)   --->   "%icmp_ln2052 = icmp_slt  i16 %zext_ln2052, i16 %loopWidth_read" [C:/va/z702/hdmi/hdmi.runs/design_1_v_tpg_0_0_synth_1/prj/sol/.autopilot/db/v_tpg.cpp:2052->C:/va/z702/hdmi/hdmi.runs/design_1_v_tpg_0_0_synth_1/prj/sol/.autopilot/db/v_tpg.cpp:378]   --->   Operation 49 'icmp' 'icmp_ln2052' <Predicate = true> <Delay = 2.07> <CoreInst = "Cmp">   --->   Core 9 'Cmp' <Latency = 0> <II = 1> <Delay = 2.07> <FuncUnit> <Opcode : 'icmp'> <InPorts = 2> <OutPorts = 1>
ST_1 : Operation 50 [1/1] (1.94ns)   --->   "%add_ln2052 = add i15 %x_1, i15 1" [C:/va/z702/hdmi/hdmi.runs/design_1_v_tpg_0_0_synth_1/prj/sol/.autopilot/db/v_tpg.cpp:2052->C:/va/z702/hdmi/hdmi.runs/design_1_v_tpg_0_0_synth_1/prj/sol/.autopilot/db/v_tpg.cpp:378]   --->   Operation 50 'add' 'add_ln2052' <Predicate = true> <Delay = 1.94> <CoreInst = "Adder">   --->   Core 1 'Adder' <Latency = 0> <II = 1> <Delay = 1.94> <FuncUnit> <Opcode : 'add' 'sub'> <InPorts = 2> <OutPorts = 1>
ST_1 : Operation 51 [1/1] (0.00ns)   --->   "%br_ln2052 = br i1 %icmp_ln2052, void %for.inc476.loopexit.i.exitStub, void %for.body37.split.i" [C:/va/z702/hdmi/hdmi.runs/design_1_v_tpg_0_0_synth_1/prj/sol/.autopilot/db/v_tpg.cpp:2052->C:/va/z702/hdmi/hdmi.runs/design_1_v_tpg_0_0_synth_1/prj/sol/.autopilot/db/v_tpg.cpp:378]   --->   Operation 51 'br' 'br_ln2052' <Predicate = true> <Delay = 0.00>
ST_1 : Operation 52 [1/1] (0.00ns)   --->   "%specpipeline_ln2056 = specpipeline void @_ssdm_op_SpecPipeline, i32 1, i32 0, i32 0, i32 0, void @empty_25" [C:/va/z702/hdmi/hdmi.runs/design_1_v_tpg_0_0_synth_1/prj/sol/.autopilot/db/v_tpg.cpp:2056->C:/va/z702/hdmi/hdmi.runs/design_1_v_tpg_0_0_synth_1/prj/sol/.autopilot/db/v_tpg.cpp:378]   --->   Operation 52 'specpipeline' 'specpipeline_ln2056' <Predicate = (icmp_ln2052)> <Delay = 0.00>
ST_1 : Operation 53 [1/1] (0.00ns)   --->   "%specloopname_ln2052 = specloopname void @_ssdm_op_SpecLoopName, void @empty_11" [C:/va/z702/hdmi/hdmi.runs/design_1_v_tpg_0_0_synth_1/prj/sol/.autopilot/db/v_tpg.cpp:2052->C:/va/z702/hdmi/hdmi.runs/design_1_v_tpg_0_0_synth_1/prj/sol/.autopilot/db/v_tpg.cpp:378]   --->   Operation 53 'specloopname' 'specloopname_ln2052' <Predicate = (icmp_ln2052)> <Delay = 0.00>
ST_1 : Operation 54 [1/1] (1.94ns)   --->   "%out_x = sub i16 %zext_ln2052, i16 %select_ln2047_cast" [C:/va/z702/hdmi/hdmi.runs/design_1_v_tpg_0_0_synth_1/prj/sol/.autopilot/db/v_tpg.cpp:2060->C:/va/z702/hdmi/hdmi.runs/design_1_v_tpg_0_0_synth_1/prj/sol/.autopilot/db/v_tpg.cpp:378]   --->   Operation 54 'sub' 'out_x' <Predicate = (icmp_ln2052)> <Delay = 1.94> <CoreInst = "Adder">   --->   Core 1 'Adder' <Latency = 0> <II = 1> <Delay = 1.94> <FuncUnit> <Opcode : 'add' 'sub'> <InPorts = 2> <OutPorts = 1>
ST_1 : Operation 55 [1/1] (0.00ns)   --->   "%odd_col = trunc i16 %out_x" [C:/va/z702/hdmi/hdmi.runs/design_1_v_tpg_0_0_synth_1/prj/sol/.autopilot/db/v_tpg.cpp:2018->C:/va/z702/hdmi/hdmi.runs/design_1_v_tpg_0_0_synth_1/prj/sol/.autopilot/db/v_tpg.cpp:378]   --->   Operation 55 'trunc' 'odd_col' <Predicate = (icmp_ln2052 & !p_read23)> <Delay = 0.00>
ST_1 : Operation 56 [1/1] (2.07ns)   --->   "%icmp_ln2062 = icmp_ult  i16 %zext_ln2052, i16 %width_val12_load_read" [C:/va/z702/hdmi/hdmi.runs/design_1_v_tpg_0_0_synth_1/prj/sol/.autopilot/db/v_tpg.cpp:2062->C:/va/z702/hdmi/hdmi.runs/design_1_v_tpg_0_0_synth_1/prj/sol/.autopilot/db/v_tpg.cpp:378]   --->   Operation 56 'icmp' 'icmp_ln2062' <Predicate = (icmp_ln2052)> <Delay = 2.07> <CoreInst = "Cmp">   --->   Core 9 'Cmp' <Latency = 0> <II = 1> <Delay = 2.07> <FuncUnit> <Opcode : 'icmp'> <InPorts = 2> <OutPorts = 1>
ST_1 : Operation 57 [1/1] (0.00ns)   --->   "%br_ln2062 = br i1 %icmp_ln2062, void %VITIS_LOOP_2091_4.i_ifconv, void %VITIS_LOOP_2067_3.i" [C:/va/z702/hdmi/hdmi.runs/design_1_v_tpg_0_0_synth_1/prj/sol/.autopilot/db/v_tpg.cpp:2062->C:/va/z702/hdmi/hdmi.runs/design_1_v_tpg_0_0_synth_1/prj/sol/.autopilot/db/v_tpg.cpp:378]   --->   Operation 57 'br' 'br_ln2062' <Predicate = (icmp_ln2052)> <Delay = 0.00>
ST_1 : Operation 58 [1/1] (1.94ns)   --->   "%cmp148_i = icmp_eq  i15 %x_1, i15 0" [C:/va/z702/hdmi/hdmi.runs/design_1_v_tpg_0_0_synth_1/prj/sol/.autopilot/db/v_tpg.cpp:2052->C:/va/z702/hdmi/hdmi.runs/design_1_v_tpg_0_0_synth_1/prj/sol/.autopilot/db/v_tpg.cpp:378]   --->   Operation 58 'icmp' 'cmp148_i' <Predicate = (icmp_ln2052)> <Delay = 1.94> <CoreInst = "Cmp">   --->   Core 9 'Cmp' <Latency = 0> <II = 1> <Delay = 1.94> <FuncUnit> <Opcode : 'icmp'> <InPorts = 2> <OutPorts = 1>
ST_1 : Operation 59 [1/1] (0.00ns)   --->   "%tmp_3 = bitselect i1 @_ssdm_op_BitSelect.i1.i16.i32, i16 %out_x, i32 15" [C:/va/z702/hdmi/hdmi.runs/design_1_v_tpg_0_0_synth_1/prj/sol/.autopilot/db/v_tpg.cpp:2201->C:/va/z702/hdmi/hdmi.runs/design_1_v_tpg_0_0_synth_1/prj/sol/.autopilot/db/v_tpg.cpp:378]   --->   Operation 59 'bitselect' 'tmp_3' <Predicate = (icmp_ln2052)> <Delay = 0.00>
ST_1 : Operation 60 [1/1] (0.00ns)   --->   "%br_ln2201 = br i1 %tmp_3, void %if.then468.i_ifconv, void %for.inc473.i" [C:/va/z702/hdmi/hdmi.runs/design_1_v_tpg_0_0_synth_1/prj/sol/.autopilot/db/v_tpg.cpp:2201->C:/va/z702/hdmi/hdmi.runs/design_1_v_tpg_0_0_synth_1/prj/sol/.autopilot/db/v_tpg.cpp:378]   --->   Operation 60 'br' 'br_ln2201' <Predicate = (icmp_ln2052)> <Delay = 0.00>
ST_1 : Operation 61 [1/1] (1.58ns)   --->   "%store_ln2010 = store i15 %add_ln2052, i15 %x" [C:/va/z702/hdmi/hdmi.runs/design_1_v_tpg_0_0_synth_1/prj/sol/.autopilot/db/v_tpg.cpp:2010->C:/va/z702/hdmi/hdmi.runs/design_1_v_tpg_0_0_synth_1/prj/sol/.autopilot/db/v_tpg.cpp:378]   --->   Operation 61 'store' 'store_ln2010' <Predicate = (icmp_ln2052)> <Delay = 1.58>

State 2 <SV = 1> <Delay = 4.04>
ST_2 : Operation 62 [1/1] (2.45ns)   --->   "%ovrlayYUV_read = read i24 @_ssdm_op_Read.ap_fifo.volatile.i24P0A, i24 %ovrlayYUV" [C:/va/z702/hdmi/hdmi.runs/design_1_v_tpg_0_0_synth_1/prj/sol/.autopilot/db/v_tpg.cpp:2064->C:/va/z702/hdmi/hdmi.runs/design_1_v_tpg_0_0_synth_1/prj/sol/.autopilot/db/v_tpg.cpp:378]   --->   Operation 62 'read' 'ovrlayYUV_read' <Predicate = (icmp_ln2052 & icmp_ln2062)> <Delay = 2.45> <CoreInst = "FIFO_SRL">   --->   Core 81 'FIFO_SRL' <Latency = 0> <II = 1> <Delay = 3.80> <Storage> <Opcode : 'read' 'write' 'nbread' 'nbwrite'> <Ports = 0> <Width = 24> <Depth = 16> <FIFO>
ST_2 : Operation 63 [1/1] (0.00ns)   --->   "%trunc_ln2064 = trunc i24 %ovrlayYUV_read" [C:/va/z702/hdmi/hdmi.runs/design_1_v_tpg_0_0_synth_1/prj/sol/.autopilot/db/v_tpg.cpp:2064->C:/va/z702/hdmi/hdmi.runs/design_1_v_tpg_0_0_synth_1/prj/sol/.autopilot/db/v_tpg.cpp:378]   --->   Operation 63 'trunc' 'trunc_ln2064' <Predicate = (icmp_ln2052 & icmp_ln2062)> <Delay = 0.00>
ST_2 : Operation 64 [1/1] (0.00ns)   --->   "%trunc_ln2064_2 = partselect i8 @_ssdm_op_PartSelect.i8.i24.i32.i32, i24 %ovrlayYUV_read, i32 8, i32 15" [C:/va/z702/hdmi/hdmi.runs/design_1_v_tpg_0_0_synth_1/prj/sol/.autopilot/db/v_tpg.cpp:2064->C:/va/z702/hdmi/hdmi.runs/design_1_v_tpg_0_0_synth_1/prj/sol/.autopilot/db/v_tpg.cpp:378]   --->   Operation 64 'partselect' 'trunc_ln2064_2' <Predicate = (icmp_ln2052 & icmp_ln2062)> <Delay = 0.00>
ST_2 : Operation 65 [1/1] (0.00ns)   --->   "%trunc_ln2064_3 = partselect i8 @_ssdm_op_PartSelect.i8.i24.i32.i32, i24 %ovrlayYUV_read, i32 16, i32 23" [C:/va/z702/hdmi/hdmi.runs/design_1_v_tpg_0_0_synth_1/prj/sol/.autopilot/db/v_tpg.cpp:2064->C:/va/z702/hdmi/hdmi.runs/design_1_v_tpg_0_0_synth_1/prj/sol/.autopilot/db/v_tpg.cpp:378]   --->   Operation 65 'partselect' 'trunc_ln2064_3' <Predicate = (icmp_ln2052 & icmp_ln2062)> <Delay = 0.00>
ST_2 : Operation 66 [1/1] (1.58ns)   --->   "%store_ln2064 = store i8 %trunc_ln2064_3, i8 %p_0_2_0_0_0594_i" [C:/va/z702/hdmi/hdmi.runs/design_1_v_tpg_0_0_synth_1/prj/sol/.autopilot/db/v_tpg.cpp:2064->C:/va/z702/hdmi/hdmi.runs/design_1_v_tpg_0_0_synth_1/prj/sol/.autopilot/db/v_tpg.cpp:378]   --->   Operation 66 'store' 'store_ln2064' <Predicate = (icmp_ln2052 & icmp_ln2062)> <Delay = 1.58>
ST_2 : Operation 67 [1/1] (1.58ns)   --->   "%store_ln2064 = store i8 %trunc_ln2064_2, i8 %p_0_1_0_0_0592_i" [C:/va/z702/hdmi/hdmi.runs/design_1_v_tpg_0_0_synth_1/prj/sol/.autopilot/db/v_tpg.cpp:2064->C:/va/z702/hdmi/hdmi.runs/design_1_v_tpg_0_0_synth_1/prj/sol/.autopilot/db/v_tpg.cpp:378]   --->   Operation 67 'store' 'store_ln2064' <Predicate = (icmp_ln2052 & icmp_ln2062)> <Delay = 1.58>
ST_2 : Operation 68 [1/1] (1.58ns)   --->   "%store_ln2064 = store i8 %trunc_ln2064, i8 %p_0_0_0_0_0450590_i" [C:/va/z702/hdmi/hdmi.runs/design_1_v_tpg_0_0_synth_1/prj/sol/.autopilot/db/v_tpg.cpp:2064->C:/va/z702/hdmi/hdmi.runs/design_1_v_tpg_0_0_synth_1/prj/sol/.autopilot/db/v_tpg.cpp:378]   --->   Operation 68 'store' 'store_ln2064' <Predicate = (icmp_ln2052 & icmp_ln2062)> <Delay = 1.58>
ST_2 : Operation 69 [1/1] (0.00ns)   --->   "%store_ln2064 = store i8 %trunc_ln2064_3, i8 %inpix_0_2_0_0_0_load588_i_out" [C:/va/z702/hdmi/hdmi.runs/design_1_v_tpg_0_0_synth_1/prj/sol/.autopilot/db/v_tpg.cpp:2064->C:/va/z702/hdmi/hdmi.runs/design_1_v_tpg_0_0_synth_1/prj/sol/.autopilot/db/v_tpg.cpp:378]   --->   Operation 69 'store' 'store_ln2064' <Predicate = (icmp_ln2052 & icmp_ln2062)> <Delay = 0.00>
ST_2 : Operation 70 [1/1] (0.00ns)   --->   "%store_ln2064 = store i8 %trunc_ln2064_2, i8 %inpix_0_1_0_0_0_load586_i_out" [C:/va/z702/hdmi/hdmi.runs/design_1_v_tpg_0_0_synth_1/prj/sol/.autopilot/db/v_tpg.cpp:2064->C:/va/z702/hdmi/hdmi.runs/design_1_v_tpg_0_0_synth_1/prj/sol/.autopilot/db/v_tpg.cpp:378]   --->   Operation 70 'store' 'store_ln2064' <Predicate = (icmp_ln2052 & icmp_ln2062)> <Delay = 0.00>
ST_2 : Operation 71 [1/1] (0.00ns)   --->   "%store_ln2064 = store i8 %trunc_ln2064, i8 %inpix_0_0_0_0_0_load584_i_out" [C:/va/z702/hdmi/hdmi.runs/design_1_v_tpg_0_0_synth_1/prj/sol/.autopilot/db/v_tpg.cpp:2064->C:/va/z702/hdmi/hdmi.runs/design_1_v_tpg_0_0_synth_1/prj/sol/.autopilot/db/v_tpg.cpp:378]   --->   Operation 71 'store' 'store_ln2064' <Predicate = (icmp_ln2052 & icmp_ln2062)> <Delay = 0.00>
ST_2 : Operation 72 [1/1] (0.00ns)   --->   "%br_ln2087 = br void %VITIS_LOOP_2091_4.i_ifconv" [C:/va/z702/hdmi/hdmi.runs/design_1_v_tpg_0_0_synth_1/prj/sol/.autopilot/db/v_tpg.cpp:2087->C:/va/z702/hdmi/hdmi.runs/design_1_v_tpg_0_0_synth_1/prj/sol/.autopilot/db/v_tpg.cpp:378]   --->   Operation 72 'br' 'br_ln2087' <Predicate = (icmp_ln2052 & icmp_ln2062)> <Delay = 0.00>

State 3 <SV = 2> <Delay = 3.16>
ST_3 : Operation 73 [1/1] (0.00ns)   --->   "%pixbuf_y_8 = load i8 %pixbuf_y"   --->   Operation 73 'load' 'pixbuf_y_8' <Predicate = true> <Delay = 0.00>
ST_3 : Operation 74 [1/1] (0.00ns)   --->   "%pixbuf_y_9 = load i8 %pixbuf_y_5"   --->   Operation 74 'load' 'pixbuf_y_9' <Predicate = true> <Delay = 0.00>
ST_3 : Operation 75 [1/1] (0.00ns)   --->   "%pixbuf_y_10 = load i8 %pixbuf_y_6"   --->   Operation 75 'load' 'pixbuf_y_10' <Predicate = true> <Delay = 0.00>
ST_3 : Operation 76 [1/1] (0.00ns)   --->   "%pixbuf_y_11 = load i8 %pixbuf_y_7"   --->   Operation 76 'load' 'pixbuf_y_11' <Predicate = true> <Delay = 0.00>
ST_3 : Operation 77 [1/1] (0.00ns)   --->   "%speclooptripcount_ln0 = speclooptripcount void @_ssdm_op_SpecLoopTripCount, i64 0, i64 32767, i64 32767"   --->   Operation 77 'speclooptripcount' 'speclooptripcount_ln0' <Predicate = true> <Delay = 0.00>
ST_3 : Operation 78 [1/1] (0.00ns)   --->   "%p_out3_load = load i8 %p_out3" [C:/va/z702/hdmi/hdmi.runs/design_1_v_tpg_0_0_synth_1/prj/sol/.autopilot/db/v_tpg.cpp:2143->C:/va/z702/hdmi/hdmi.runs/design_1_v_tpg_0_0_synth_1/prj/sol/.autopilot/db/v_tpg.cpp:378]   --->   Operation 78 'load' 'p_out3_load' <Predicate = (icmp_ln2052 & !cmp148_i & !odd_col & !p_read23)> <Delay = 0.00>
ST_3 : Operation 79 [1/1] (0.00ns)   --->   "%p_out2_load = load i8 %p_out2" [C:/va/z702/hdmi/hdmi.runs/design_1_v_tpg_0_0_synth_1/prj/sol/.autopilot/db/v_tpg.cpp:2143->C:/va/z702/hdmi/hdmi.runs/design_1_v_tpg_0_0_synth_1/prj/sol/.autopilot/db/v_tpg.cpp:378]   --->   Operation 79 'load' 'p_out2_load' <Predicate = (icmp_ln2052 & !cmp148_i & odd_col & !p_read23)> <Delay = 0.00>
ST_3 : Operation 80 [1/1] (0.00ns)   --->   "%p_out1_load = load i8 %p_out1" [C:/va/z702/hdmi/hdmi.runs/design_1_v_tpg_0_0_synth_1/prj/sol/.autopilot/db/v_tpg.cpp:2143->C:/va/z702/hdmi/hdmi.runs/design_1_v_tpg_0_0_synth_1/prj/sol/.autopilot/db/v_tpg.cpp:378]   --->   Operation 80 'load' 'p_out1_load' <Predicate = (icmp_ln2052 & !cmp148_i)> <Delay = 0.00>
ST_3 : Operation 81 [1/1] (0.00ns)   --->   "%p_out_load = load i8 %p_out" [C:/va/z702/hdmi/hdmi.runs/design_1_v_tpg_0_0_synth_1/prj/sol/.autopilot/db/v_tpg.cpp:2143->C:/va/z702/hdmi/hdmi.runs/design_1_v_tpg_0_0_synth_1/prj/sol/.autopilot/db/v_tpg.cpp:378]   --->   Operation 81 'load' 'p_out_load' <Predicate = (icmp_ln2052 & !cmp148_i)> <Delay = 0.00>
ST_3 : Operation 82 [1/1] (0.00ns)   --->   "%p_0_1_0_0_0593601_i_load_1 = load i8 %p_0_1_0_0_0593601_i" [C:/va/z702/hdmi/hdmi.runs/design_1_v_tpg_0_0_synth_1/prj/sol/.autopilot/db/v_tpg.cpp:2143->C:/va/z702/hdmi/hdmi.runs/design_1_v_tpg_0_0_synth_1/prj/sol/.autopilot/db/v_tpg.cpp:378]   --->   Operation 82 'load' 'p_0_1_0_0_0593601_i_load_1' <Predicate = (icmp_ln2052 & !cmp148_i)> <Delay = 0.00>
ST_3 : Operation 83 [1/1] (0.00ns)   --->   "%p_0_2_0_0_0595604_i_load_1 = load i8 %p_0_2_0_0_0595604_i" [C:/va/z702/hdmi/hdmi.runs/design_1_v_tpg_0_0_synth_1/prj/sol/.autopilot/db/v_tpg.cpp:2143->C:/va/z702/hdmi/hdmi.runs/design_1_v_tpg_0_0_synth_1/prj/sol/.autopilot/db/v_tpg.cpp:378]   --->   Operation 83 'load' 'p_0_2_0_0_0595604_i_load_1' <Predicate = (icmp_ln2052 & !cmp148_i)> <Delay = 0.00>
ST_3 : Operation 84 [1/1] (0.00ns)   --->   "%p_0_1_0_0_0592_i_load = load i8 %p_0_1_0_0_0592_i" [C:/va/z702/hdmi/hdmi.runs/design_1_v_tpg_0_0_synth_1/prj/sol/.autopilot/db/v_tpg.cpp:2143->C:/va/z702/hdmi/hdmi.runs/design_1_v_tpg_0_0_synth_1/prj/sol/.autopilot/db/v_tpg.cpp:378]   --->   Operation 84 'load' 'p_0_1_0_0_0592_i_load' <Predicate = (icmp_ln2052)> <Delay = 0.00>
ST_3 : Operation 85 [1/1] (0.00ns)   --->   "%p_0_2_0_0_0594_i_load = load i8 %p_0_2_0_0_0594_i" [C:/va/z702/hdmi/hdmi.runs/design_1_v_tpg_0_0_synth_1/prj/sol/.autopilot/db/v_tpg.cpp:2143->C:/va/z702/hdmi/hdmi.runs/design_1_v_tpg_0_0_synth_1/prj/sol/.autopilot/db/v_tpg.cpp:378]   --->   Operation 85 'load' 'p_0_2_0_0_0594_i_load' <Predicate = (icmp_ln2052)> <Delay = 0.00>
ST_3 : Operation 86 [1/1] (1.24ns)   --->   "%select_ln2143 = select i1 %cmp148_i, i8 %p_0_2_0_0_0594_i_load, i8 %p_0_2_0_0_0595604_i_load_1" [C:/va/z702/hdmi/hdmi.runs/design_1_v_tpg_0_0_synth_1/prj/sol/.autopilot/db/v_tpg.cpp:2143->C:/va/z702/hdmi/hdmi.runs/design_1_v_tpg_0_0_synth_1/prj/sol/.autopilot/db/v_tpg.cpp:378]   --->   Operation 86 'select' 'select_ln2143' <Predicate = (icmp_ln2052)> <Delay = 1.24> <CoreInst = "Sel">   --->   Core 73 'Sel' <Latency = 0> <II = 1> <Delay = 1.24> <FuncUnit> <Opcode : 'select'> <InPorts = 3> <OutPorts = 1>
ST_3 : Operation 87 [1/1] (1.24ns)   --->   "%select_ln2143_1 = select i1 %cmp148_i, i8 %p_0_1_0_0_0592_i_load, i8 %p_0_1_0_0_0593601_i_load_1" [C:/va/z702/hdmi/hdmi.runs/design_1_v_tpg_0_0_synth_1/prj/sol/.autopilot/db/v_tpg.cpp:2143->C:/va/z702/hdmi/hdmi.runs/design_1_v_tpg_0_0_synth_1/prj/sol/.autopilot/db/v_tpg.cpp:378]   --->   Operation 87 'select' 'select_ln2143_1' <Predicate = (icmp_ln2052)> <Delay = 1.24> <CoreInst = "Sel">   --->   Core 73 'Sel' <Latency = 0> <II = 1> <Delay = 1.24> <FuncUnit> <Opcode : 'select'> <InPorts = 3> <OutPorts = 1>
ST_3 : Operation 88 [1/1] (1.24ns)   --->   "%select_ln2143_2 = select i1 %cmp148_i, i8 %p_0_2_0_0_0594_i_load, i8 %p_out2_load" [C:/va/z702/hdmi/hdmi.runs/design_1_v_tpg_0_0_synth_1/prj/sol/.autopilot/db/v_tpg.cpp:2143->C:/va/z702/hdmi/hdmi.runs/design_1_v_tpg_0_0_synth_1/prj/sol/.autopilot/db/v_tpg.cpp:378]   --->   Operation 88 'select' 'select_ln2143_2' <Predicate = (icmp_ln2052 & odd_col & !p_read23)> <Delay = 1.24> <CoreInst = "Sel">   --->   Core 73 'Sel' <Latency = 0> <II = 1> <Delay = 1.24> <FuncUnit> <Opcode : 'select'> <InPorts = 3> <OutPorts = 1>
ST_3 : Operation 89 [1/1] (1.24ns)   --->   "%select_ln2143_3 = select i1 %cmp148_i, i8 %p_0_2_0_0_0594_i_load, i8 %p_out_load" [C:/va/z702/hdmi/hdmi.runs/design_1_v_tpg_0_0_synth_1/prj/sol/.autopilot/db/v_tpg.cpp:2143->C:/va/z702/hdmi/hdmi.runs/design_1_v_tpg_0_0_synth_1/prj/sol/.autopilot/db/v_tpg.cpp:378]   --->   Operation 89 'select' 'select_ln2143_3' <Predicate = (icmp_ln2052)> <Delay = 1.24> <CoreInst = "Sel">   --->   Core 73 'Sel' <Latency = 0> <II = 1> <Delay = 1.24> <FuncUnit> <Opcode : 'select'> <InPorts = 3> <OutPorts = 1>
ST_3 : Operation 90 [1/1] (1.24ns)   --->   "%select_ln2143_4 = select i1 %cmp148_i, i8 %p_0_1_0_0_0592_i_load, i8 %p_out3_load" [C:/va/z702/hdmi/hdmi.runs/design_1_v_tpg_0_0_synth_1/prj/sol/.autopilot/db/v_tpg.cpp:2143->C:/va/z702/hdmi/hdmi.runs/design_1_v_tpg_0_0_synth_1/prj/sol/.autopilot/db/v_tpg.cpp:378]   --->   Operation 90 'select' 'select_ln2143_4' <Predicate = (icmp_ln2052 & !odd_col & !p_read23)> <Delay = 1.24> <CoreInst = "Sel">   --->   Core 73 'Sel' <Latency = 0> <II = 1> <Delay = 1.24> <FuncUnit> <Opcode : 'select'> <InPorts = 3> <OutPorts = 1>
ST_3 : Operation 91 [1/1] (1.24ns)   --->   "%select_ln2143_5 = select i1 %cmp148_i, i8 %p_0_1_0_0_0592_i_load, i8 %p_out1_load" [C:/va/z702/hdmi/hdmi.runs/design_1_v_tpg_0_0_synth_1/prj/sol/.autopilot/db/v_tpg.cpp:2143->C:/va/z702/hdmi/hdmi.runs/design_1_v_tpg_0_0_synth_1/prj/sol/.autopilot/db/v_tpg.cpp:378]   --->   Operation 91 'select' 'select_ln2143_5' <Predicate = (icmp_ln2052)> <Delay = 1.24> <CoreInst = "Sel">   --->   Core 73 'Sel' <Latency = 0> <II = 1> <Delay = 1.24> <FuncUnit> <Opcode : 'select'> <InPorts = 3> <OutPorts = 1>
ST_3 : Operation 92 [1/1] (0.00ns)   --->   "%zext_ln2174_2 = zext i8 %select_ln2143_1" [C:/va/z702/hdmi/hdmi.runs/design_1_v_tpg_0_0_synth_1/prj/sol/.autopilot/db/v_tpg.cpp:2174->C:/va/z702/hdmi/hdmi.runs/design_1_v_tpg_0_0_synth_1/prj/sol/.autopilot/db/v_tpg.cpp:378]   --->   Operation 92 'zext' 'zext_ln2174_2' <Predicate = (icmp_ln2052 & !odd_col & !p_read23)> <Delay = 0.00>
ST_3 : Operation 93 [1/1] (1.91ns)   --->   "%add_ln2174 = add i9 %zext_ln2174_2, i9 2" [C:/va/z702/hdmi/hdmi.runs/design_1_v_tpg_0_0_synth_1/prj/sol/.autopilot/db/v_tpg.cpp:2174->C:/va/z702/hdmi/hdmi.runs/design_1_v_tpg_0_0_synth_1/prj/sol/.autopilot/db/v_tpg.cpp:378]   --->   Operation 93 'add' 'add_ln2174' <Predicate = (icmp_ln2052 & !odd_col & !p_read23)> <Delay = 1.91> <CoreInst = "Adder">   --->   Core 1 'Adder' <Latency = 0> <II = 1> <Delay = 1.91> <FuncUnit> <Opcode : 'add' 'sub'> <InPorts = 2> <OutPorts = 1>
ST_3 : Operation 94 [1/1] (0.00ns)   --->   "%zext_ln2175_2 = zext i8 %select_ln2143" [C:/va/z702/hdmi/hdmi.runs/design_1_v_tpg_0_0_synth_1/prj/sol/.autopilot/db/v_tpg.cpp:2175->C:/va/z702/hdmi/hdmi.runs/design_1_v_tpg_0_0_synth_1/prj/sol/.autopilot/db/v_tpg.cpp:378]   --->   Operation 94 'zext' 'zext_ln2175_2' <Predicate = (icmp_ln2052 & odd_col & !p_read23)> <Delay = 0.00>
ST_3 : Operation 95 [1/1] (1.91ns)   --->   "%add_ln2175 = add i9 %zext_ln2175_2, i9 2" [C:/va/z702/hdmi/hdmi.runs/design_1_v_tpg_0_0_synth_1/prj/sol/.autopilot/db/v_tpg.cpp:2175->C:/va/z702/hdmi/hdmi.runs/design_1_v_tpg_0_0_synth_1/prj/sol/.autopilot/db/v_tpg.cpp:378]   --->   Operation 95 'add' 'add_ln2175' <Predicate = (icmp_ln2052 & odd_col & !p_read23)> <Delay = 1.91> <CoreInst = "Adder">   --->   Core 1 'Adder' <Latency = 0> <II = 1> <Delay = 1.91> <FuncUnit> <Opcode : 'add' 'sub'> <InPorts = 2> <OutPorts = 1>
ST_3 : Operation 96 [1/1] (0.00ns)   --->   "%inpix_0_0_0_0_0_load = load i8 %inpix_0_0_0_0_0_load584_i_out" [C:/va/z702/hdmi/hdmi.runs/design_1_v_tpg_0_0_synth_1/prj/sol/.autopilot/db/v_tpg.cpp:2203->C:/va/z702/hdmi/hdmi.runs/design_1_v_tpg_0_0_synth_1/prj/sol/.autopilot/db/v_tpg.cpp:378]   --->   Operation 96 'load' 'inpix_0_0_0_0_0_load' <Predicate = (icmp_ln2052 & !tmp_3 & p_read23)> <Delay = 0.00>
ST_3 : Operation 97 [1/1] (0.00ns)   --->   "%inpix_0_1_0_0_0_load = load i8 %inpix_0_1_0_0_0_load586_i_out" [C:/va/z702/hdmi/hdmi.runs/design_1_v_tpg_0_0_synth_1/prj/sol/.autopilot/db/v_tpg.cpp:2203->C:/va/z702/hdmi/hdmi.runs/design_1_v_tpg_0_0_synth_1/prj/sol/.autopilot/db/v_tpg.cpp:378]   --->   Operation 97 'load' 'inpix_0_1_0_0_0_load' <Predicate = (icmp_ln2052 & !tmp_3 & p_read23)> <Delay = 0.00>
ST_3 : Operation 98 [1/1] (0.00ns)   --->   "%inpix_0_2_0_0_0_load = load i8 %inpix_0_2_0_0_0_load588_i_out" [C:/va/z702/hdmi/hdmi.runs/design_1_v_tpg_0_0_synth_1/prj/sol/.autopilot/db/v_tpg.cpp:2203->C:/va/z702/hdmi/hdmi.runs/design_1_v_tpg_0_0_synth_1/prj/sol/.autopilot/db/v_tpg.cpp:378]   --->   Operation 98 'load' 'inpix_0_2_0_0_0_load' <Predicate = (icmp_ln2052 & !tmp_3 & p_read23)> <Delay = 0.00>
ST_3 : Operation 99 [1/1] (0.00ns)   --->   "%p_0_0_0_0_0450590_i_load = load i8 %p_0_0_0_0_0450590_i" [C:/va/z702/hdmi/hdmi.runs/design_1_v_tpg_0_0_synth_1/prj/sol/.autopilot/db/v_tpg.cpp:2028->C:/va/z702/hdmi/hdmi.runs/design_1_v_tpg_0_0_synth_1/prj/sol/.autopilot/db/v_tpg.cpp:378]   --->   Operation 99 'load' 'p_0_0_0_0_0450590_i_load' <Predicate = (icmp_ln2052)> <Delay = 0.00>
ST_3 : Operation 100 [1/1] (1.58ns)   --->   "%store_ln2028 = store i8 %p_0_0_0_0_0450590_i_load, i8 %pixbuf_y_7" [C:/va/z702/hdmi/hdmi.runs/design_1_v_tpg_0_0_synth_1/prj/sol/.autopilot/db/v_tpg.cpp:2028->C:/va/z702/hdmi/hdmi.runs/design_1_v_tpg_0_0_synth_1/prj/sol/.autopilot/db/v_tpg.cpp:378]   --->   Operation 100 'store' 'store_ln2028' <Predicate = (icmp_ln2052)> <Delay = 1.58>
ST_3 : Operation 101 [1/1] (1.58ns)   --->   "%store_ln2028 = store i8 %pixbuf_y_11, i8 %pixbuf_y_6" [C:/va/z702/hdmi/hdmi.runs/design_1_v_tpg_0_0_synth_1/prj/sol/.autopilot/db/v_tpg.cpp:2028->C:/va/z702/hdmi/hdmi.runs/design_1_v_tpg_0_0_synth_1/prj/sol/.autopilot/db/v_tpg.cpp:378]   --->   Operation 101 'store' 'store_ln2028' <Predicate = (icmp_ln2052)> <Delay = 1.58>
ST_3 : Operation 102 [1/1] (1.58ns)   --->   "%store_ln2028 = store i8 %pixbuf_y_10, i8 %pixbuf_y_5" [C:/va/z702/hdmi/hdmi.runs/design_1_v_tpg_0_0_synth_1/prj/sol/.autopilot/db/v_tpg.cpp:2028->C:/va/z702/hdmi/hdmi.runs/design_1_v_tpg_0_0_synth_1/prj/sol/.autopilot/db/v_tpg.cpp:378]   --->   Operation 102 'store' 'store_ln2028' <Predicate = (icmp_ln2052)> <Delay = 1.58>
ST_3 : Operation 103 [1/1] (1.58ns)   --->   "%store_ln2028 = store i8 %pixbuf_y_9, i8 %pixbuf_y" [C:/va/z702/hdmi/hdmi.runs/design_1_v_tpg_0_0_synth_1/prj/sol/.autopilot/db/v_tpg.cpp:2028->C:/va/z702/hdmi/hdmi.runs/design_1_v_tpg_0_0_synth_1/prj/sol/.autopilot/db/v_tpg.cpp:378]   --->   Operation 103 'store' 'store_ln2028' <Predicate = (icmp_ln2052)> <Delay = 1.58>
ST_3 : Operation 104 [1/1] (1.58ns)   --->   "%store_ln2143 = store i8 %p_0_2_0_0_0594_i_load, i8 %p_0_2_0_0_0595604_i" [C:/va/z702/hdmi/hdmi.runs/design_1_v_tpg_0_0_synth_1/prj/sol/.autopilot/db/v_tpg.cpp:2143->C:/va/z702/hdmi/hdmi.runs/design_1_v_tpg_0_0_synth_1/prj/sol/.autopilot/db/v_tpg.cpp:378]   --->   Operation 104 'store' 'store_ln2143' <Predicate = (icmp_ln2052)> <Delay = 1.58>
ST_3 : Operation 105 [1/1] (1.58ns)   --->   "%store_ln2143 = store i8 %p_0_1_0_0_0592_i_load, i8 %p_0_1_0_0_0593601_i" [C:/va/z702/hdmi/hdmi.runs/design_1_v_tpg_0_0_synth_1/prj/sol/.autopilot/db/v_tpg.cpp:2143->C:/va/z702/hdmi/hdmi.runs/design_1_v_tpg_0_0_synth_1/prj/sol/.autopilot/db/v_tpg.cpp:378]   --->   Operation 105 'store' 'store_ln2143' <Predicate = (icmp_ln2052)> <Delay = 1.58>
ST_3 : Operation 106 [1/1] (0.00ns)   --->   "%store_ln2143 = store i8 %select_ln2143, i8 %p_out" [C:/va/z702/hdmi/hdmi.runs/design_1_v_tpg_0_0_synth_1/prj/sol/.autopilot/db/v_tpg.cpp:2143->C:/va/z702/hdmi/hdmi.runs/design_1_v_tpg_0_0_synth_1/prj/sol/.autopilot/db/v_tpg.cpp:378]   --->   Operation 106 'store' 'store_ln2143' <Predicate = (icmp_ln2052)> <Delay = 0.00>
ST_3 : Operation 107 [1/1] (0.00ns)   --->   "%store_ln2143 = store i8 %select_ln2143_1, i8 %p_out1" [C:/va/z702/hdmi/hdmi.runs/design_1_v_tpg_0_0_synth_1/prj/sol/.autopilot/db/v_tpg.cpp:2143->C:/va/z702/hdmi/hdmi.runs/design_1_v_tpg_0_0_synth_1/prj/sol/.autopilot/db/v_tpg.cpp:378]   --->   Operation 107 'store' 'store_ln2143' <Predicate = (icmp_ln2052)> <Delay = 0.00>
ST_3 : Operation 108 [1/1] (0.00ns)   --->   "%store_ln2143 = store i8 %select_ln2143_3, i8 %p_out2" [C:/va/z702/hdmi/hdmi.runs/design_1_v_tpg_0_0_synth_1/prj/sol/.autopilot/db/v_tpg.cpp:2143->C:/va/z702/hdmi/hdmi.runs/design_1_v_tpg_0_0_synth_1/prj/sol/.autopilot/db/v_tpg.cpp:378]   --->   Operation 108 'store' 'store_ln2143' <Predicate = (icmp_ln2052)> <Delay = 0.00>
ST_3 : Operation 109 [1/1] (0.00ns)   --->   "%store_ln2143 = store i8 %select_ln2143_5, i8 %p_out3" [C:/va/z702/hdmi/hdmi.runs/design_1_v_tpg_0_0_synth_1/prj/sol/.autopilot/db/v_tpg.cpp:2143->C:/va/z702/hdmi/hdmi.runs/design_1_v_tpg_0_0_synth_1/prj/sol/.autopilot/db/v_tpg.cpp:378]   --->   Operation 109 'store' 'store_ln2143' <Predicate = (icmp_ln2052)> <Delay = 0.00>

State 4 <SV = 3> <Delay = 3.72>
ST_4 : Operation 110 [1/1] (0.00ns)   --->   "%pixbuf_y_5_out_load = load i8 %pixbuf_y_5_out" [C:/va/z702/hdmi/hdmi.runs/design_1_v_tpg_0_0_synth_1/prj/sol/.autopilot/db/v_tpg.cpp:2169->C:/va/z702/hdmi/hdmi.runs/design_1_v_tpg_0_0_synth_1/prj/sol/.autopilot/db/v_tpg.cpp:378]   --->   Operation 110 'load' 'pixbuf_y_5_out_load' <Predicate = (p_cast21_i_cast == 0 & !p_read23)> <Delay = 0.00>
ST_4 : Operation 111 [1/1] (1.82ns)   --->   "%tmp_8_i = sparsemux i8 @_ssdm_op_SparseMux.ap_auto.4i8.i8.i2, i2 0, i8 %pixbuf_y_5_out_load, i2 1, i8 %pixbuf_y_8, i2 2, i8 %pixbuf_y_9, i2 3, i8 %pixbuf_y_10, i8 0, i2 %p_cast21_i_cast" [C:/va/z702/hdmi/hdmi.runs/design_1_v_tpg_0_0_synth_1/prj/sol/.autopilot/db/v_tpg.cpp:2169->C:/va/z702/hdmi/hdmi.runs/design_1_v_tpg_0_0_synth_1/prj/sol/.autopilot/db/v_tpg.cpp:378]   --->   Operation 111 'sparsemux' 'tmp_8_i' <Predicate = (!p_read23)> <Delay = 1.82> <CoreInst = "SparseMux">   --->   Core 135 'SparseMux' <Latency = 0> <II = 1> <Delay = 1.82> <FuncUnit> <Opcode : 'sparsemux'> <InPorts = 2> <OutPorts = 1>
ST_4 : Operation 112 [1/1] (0.00ns)   --->   "%shl_ln = bitconcatenate i9 @_ssdm_op_BitConcatenate.i9.i8.i1, i8 %select_ln2143_5, i1 0" [C:/va/z702/hdmi/hdmi.runs/design_1_v_tpg_0_0_synth_1/prj/sol/.autopilot/db/v_tpg.cpp:2174->C:/va/z702/hdmi/hdmi.runs/design_1_v_tpg_0_0_synth_1/prj/sol/.autopilot/db/v_tpg.cpp:378]   --->   Operation 112 'bitconcatenate' 'shl_ln' <Predicate = (!odd_col & !p_read23)> <Delay = 0.00>
ST_4 : Operation 113 [1/1] (0.00ns)   --->   "%zext_ln2174 = zext i8 %select_ln2143_4" [C:/va/z702/hdmi/hdmi.runs/design_1_v_tpg_0_0_synth_1/prj/sol/.autopilot/db/v_tpg.cpp:2174->C:/va/z702/hdmi/hdmi.runs/design_1_v_tpg_0_0_synth_1/prj/sol/.autopilot/db/v_tpg.cpp:378]   --->   Operation 113 'zext' 'zext_ln2174' <Predicate = (!odd_col & !p_read23)> <Delay = 0.00>
ST_4 : Operation 114 [1/1] (0.00ns)   --->   "%zext_ln2174_1 = zext i9 %shl_ln" [C:/va/z702/hdmi/hdmi.runs/design_1_v_tpg_0_0_synth_1/prj/sol/.autopilot/db/v_tpg.cpp:2174->C:/va/z702/hdmi/hdmi.runs/design_1_v_tpg_0_0_synth_1/prj/sol/.autopilot/db/v_tpg.cpp:378]   --->   Operation 114 'zext' 'zext_ln2174_1' <Predicate = (!odd_col & !p_read23)> <Delay = 0.00>
ST_4 : Operation 115 [1/1] (0.00ns)   --->   "%zext_ln2174_3 = zext i9 %add_ln2174" [C:/va/z702/hdmi/hdmi.runs/design_1_v_tpg_0_0_synth_1/prj/sol/.autopilot/db/v_tpg.cpp:2174->C:/va/z702/hdmi/hdmi.runs/design_1_v_tpg_0_0_synth_1/prj/sol/.autopilot/db/v_tpg.cpp:378]   --->   Operation 115 'zext' 'zext_ln2174_3' <Predicate = (!odd_col & !p_read23)> <Delay = 0.00>
ST_4 : Operation 116 [1/1] (0.00ns) (grouped into TernaryAdder)   --->   "%add_ln2174_1 = add i10 %zext_ln2174_3, i10 %zext_ln2174" [C:/va/z702/hdmi/hdmi.runs/design_1_v_tpg_0_0_synth_1/prj/sol/.autopilot/db/v_tpg.cpp:2174->C:/va/z702/hdmi/hdmi.runs/design_1_v_tpg_0_0_synth_1/prj/sol/.autopilot/db/v_tpg.cpp:378]   --->   Operation 116 'add' 'add_ln2174_1' <Predicate = (!odd_col & !p_read23)> <Delay = 0.00> <CoreInst = "TAddSub">   --->   Core 10 'TAddSub' <Latency = 0> <II = 1> <Delay = 1.86> <IPBlock> <Opcode : '' 'add' 'sub'> <InPorts = 3> <OutPorts = 1> <Sync> <CReg>
ST_4 : Operation 117 [1/1] (3.72ns) (root node of TernaryAdder)   --->   "%add_ln2174_2 = add i10 %add_ln2174_1, i10 %zext_ln2174_1" [C:/va/z702/hdmi/hdmi.runs/design_1_v_tpg_0_0_synth_1/prj/sol/.autopilot/db/v_tpg.cpp:2174->C:/va/z702/hdmi/hdmi.runs/design_1_v_tpg_0_0_synth_1/prj/sol/.autopilot/db/v_tpg.cpp:378]   --->   Operation 117 'add' 'add_ln2174_2' <Predicate = (!odd_col & !p_read23)> <Delay = 3.72> <CoreInst = "TAddSub">   --->   Core 10 'TAddSub' <Latency = 0> <II = 1> <Delay = 1.86> <IPBlock> <Opcode : '' 'add' 'sub'> <InPorts = 3> <OutPorts = 1> <Sync> <CReg>
ST_4 : Operation 118 [1/1] (0.00ns)   --->   "%shl_ln1 = bitconcatenate i9 @_ssdm_op_BitConcatenate.i9.i8.i1, i8 %select_ln2143_3, i1 0" [C:/va/z702/hdmi/hdmi.runs/design_1_v_tpg_0_0_synth_1/prj/sol/.autopilot/db/v_tpg.cpp:2175->C:/va/z702/hdmi/hdmi.runs/design_1_v_tpg_0_0_synth_1/prj/sol/.autopilot/db/v_tpg.cpp:378]   --->   Operation 118 'bitconcatenate' 'shl_ln1' <Predicate = (odd_col & !p_read23)> <Delay = 0.00>
ST_4 : Operation 119 [1/1] (0.00ns)   --->   "%zext_ln2175 = zext i8 %select_ln2143_2" [C:/va/z702/hdmi/hdmi.runs/design_1_v_tpg_0_0_synth_1/prj/sol/.autopilot/db/v_tpg.cpp:2175->C:/va/z702/hdmi/hdmi.runs/design_1_v_tpg_0_0_synth_1/prj/sol/.autopilot/db/v_tpg.cpp:378]   --->   Operation 119 'zext' 'zext_ln2175' <Predicate = (odd_col & !p_read23)> <Delay = 0.00>
ST_4 : Operation 120 [1/1] (0.00ns)   --->   "%zext_ln2175_1 = zext i9 %shl_ln1" [C:/va/z702/hdmi/hdmi.runs/design_1_v_tpg_0_0_synth_1/prj/sol/.autopilot/db/v_tpg.cpp:2175->C:/va/z702/hdmi/hdmi.runs/design_1_v_tpg_0_0_synth_1/prj/sol/.autopilot/db/v_tpg.cpp:378]   --->   Operation 120 'zext' 'zext_ln2175_1' <Predicate = (odd_col & !p_read23)> <Delay = 0.00>
ST_4 : Operation 121 [1/1] (0.00ns)   --->   "%zext_ln2175_3 = zext i9 %add_ln2175" [C:/va/z702/hdmi/hdmi.runs/design_1_v_tpg_0_0_synth_1/prj/sol/.autopilot/db/v_tpg.cpp:2175->C:/va/z702/hdmi/hdmi.runs/design_1_v_tpg_0_0_synth_1/prj/sol/.autopilot/db/v_tpg.cpp:378]   --->   Operation 121 'zext' 'zext_ln2175_3' <Predicate = (odd_col & !p_read23)> <Delay = 0.00>
ST_4 : Operation 122 [1/1] (0.00ns) (grouped into TernaryAdder)   --->   "%add_ln2175_1 = add i10 %zext_ln2175_3, i10 %zext_ln2175" [C:/va/z702/hdmi/hdmi.runs/design_1_v_tpg_0_0_synth_1/prj/sol/.autopilot/db/v_tpg.cpp:2175->C:/va/z702/hdmi/hdmi.runs/design_1_v_tpg_0_0_synth_1/prj/sol/.autopilot/db/v_tpg.cpp:378]   --->   Operation 122 'add' 'add_ln2175_1' <Predicate = (odd_col & !p_read23)> <Delay = 0.00> <CoreInst = "TAddSub">   --->   Core 10 'TAddSub' <Latency = 0> <II = 1> <Delay = 1.86> <IPBlock> <Opcode : '' 'add' 'sub'> <InPorts = 3> <OutPorts = 1> <Sync> <CReg>
ST_4 : Operation 123 [1/1] (3.72ns) (root node of TernaryAdder)   --->   "%add_ln2175_2 = add i10 %add_ln2175_1, i10 %zext_ln2175_1" [C:/va/z702/hdmi/hdmi.runs/design_1_v_tpg_0_0_synth_1/prj/sol/.autopilot/db/v_tpg.cpp:2175->C:/va/z702/hdmi/hdmi.runs/design_1_v_tpg_0_0_synth_1/prj/sol/.autopilot/db/v_tpg.cpp:378]   --->   Operation 123 'add' 'add_ln2175_2' <Predicate = (odd_col & !p_read23)> <Delay = 3.72> <CoreInst = "TAddSub">   --->   Core 10 'TAddSub' <Latency = 0> <II = 1> <Delay = 1.86> <IPBlock> <Opcode : '' 'add' 'sub'> <InPorts = 3> <OutPorts = 1> <Sync> <CReg>
ST_4 : Operation 124 [1/1] (0.00ns)   --->   "%tmp = partselect i8 @_ssdm_op_PartSelect.i8.i10.i32.i32, i10 %add_ln2175_2, i32 2, i32 9" [C:/va/z702/hdmi/hdmi.runs/design_1_v_tpg_0_0_synth_1/prj/sol/.autopilot/db/v_tpg.cpp:2177->C:/va/z702/hdmi/hdmi.runs/design_1_v_tpg_0_0_synth_1/prj/sol/.autopilot/db/v_tpg.cpp:378]   --->   Operation 124 'partselect' 'tmp' <Predicate = (odd_col & !p_read23)> <Delay = 0.00>
ST_4 : Operation 125 [1/1] (0.00ns)   --->   "%tmp_1 = partselect i8 @_ssdm_op_PartSelect.i8.i10.i32.i32, i10 %add_ln2174_2, i32 2, i32 9" [C:/va/z702/hdmi/hdmi.runs/design_1_v_tpg_0_0_synth_1/prj/sol/.autopilot/db/v_tpg.cpp:2177->C:/va/z702/hdmi/hdmi.runs/design_1_v_tpg_0_0_synth_1/prj/sol/.autopilot/db/v_tpg.cpp:378]   --->   Operation 125 'partselect' 'tmp_1' <Predicate = (!odd_col & !p_read23)> <Delay = 0.00>
ST_4 : Operation 126 [1/1] (0.00ns)   --->   "%store_ln2028 = store i8 %pixbuf_y_8, i8 %pixbuf_y_5_out" [C:/va/z702/hdmi/hdmi.runs/design_1_v_tpg_0_0_synth_1/prj/sol/.autopilot/db/v_tpg.cpp:2028->C:/va/z702/hdmi/hdmi.runs/design_1_v_tpg_0_0_synth_1/prj/sol/.autopilot/db/v_tpg.cpp:378]   --->   Operation 126 'store' 'store_ln2028' <Predicate = true> <Delay = 0.00>
ST_4 : Operation 127 [1/1] (0.00ns)   --->   "%br_ln2052 = br void %for.body37.i" [C:/va/z702/hdmi/hdmi.runs/design_1_v_tpg_0_0_synth_1/prj/sol/.autopilot/db/v_tpg.cpp:2052->C:/va/z702/hdmi/hdmi.runs/design_1_v_tpg_0_0_synth_1/prj/sol/.autopilot/db/v_tpg.cpp:378]   --->   Operation 127 'br' 'br_ln2052' <Predicate = true> <Delay = 0.00>
ST_4 : Operation 135 [1/1] (0.00ns)   --->   "%p_0_1_0_0_0593601_i_load = load i8 %p_0_1_0_0_0593601_i"   --->   Operation 135 'load' 'p_0_1_0_0_0593601_i_load' <Predicate = (!icmp_ln2052)> <Delay = 0.00>
ST_4 : Operation 136 [1/1] (0.00ns)   --->   "%p_0_2_0_0_0595604_i_load = load i8 %p_0_2_0_0_0595604_i"   --->   Operation 136 'load' 'p_0_2_0_0_0595604_i_load' <Predicate = (!icmp_ln2052)> <Delay = 0.00>
ST_4 : Operation 137 [1/1] (0.00ns)   --->   "%write_ln0 = write void @_ssdm_op_Write.ap_auto.i8P0A, i8 %pixbuf_y_9_out, i8 %pixbuf_y_11"   --->   Operation 137 'write' 'write_ln0' <Predicate = (!icmp_ln2052)> <Delay = 0.00>
ST_4 : Operation 138 [1/1] (0.00ns)   --->   "%store_ln0 = store i8 %pixbuf_y_10, i8 %pixbuf_y_8_out"   --->   Operation 138 'store' 'store_ln0' <Predicate = (!icmp_ln2052)> <Delay = 0.00>
ST_4 : Operation 139 [1/1] (0.00ns)   --->   "%store_ln0 = store i8 %pixbuf_y_9, i8 %pixbuf_y_7_out"   --->   Operation 139 'store' 'store_ln0' <Predicate = (!icmp_ln2052)> <Delay = 0.00>
ST_4 : Operation 140 [1/1] (0.00ns)   --->   "%store_ln0 = store i8 %pixbuf_y_8, i8 %pixbuf_y_6_out"   --->   Operation 140 'store' 'store_ln0' <Predicate = (!icmp_ln2052)> <Delay = 0.00>
ST_4 : Operation 141 [1/1] (0.00ns)   --->   "%write_ln0 = write void @_ssdm_op_Write.ap_auto.i8P0A, i8 %p_0_2_0_0_0595604_i_out, i8 %p_0_2_0_0_0595604_i_load"   --->   Operation 141 'write' 'write_ln0' <Predicate = (!icmp_ln2052)> <Delay = 0.00>
ST_4 : Operation 142 [1/1] (0.00ns)   --->   "%write_ln0 = write void @_ssdm_op_Write.ap_auto.i8P0A, i8 %p_0_1_0_0_0593601_i_out, i8 %p_0_1_0_0_0593601_i_load"   --->   Operation 142 'write' 'write_ln0' <Predicate = (!icmp_ln2052)> <Delay = 0.00>
ST_4 : Operation 143 [1/1] (0.00ns)   --->   "%ret_ln0 = ret"   --->   Operation 143 'ret' 'ret_ln0' <Predicate = (!icmp_ln2052)> <Delay = 0.00>

State 5 <SV = 4> <Delay = 4.39>
ST_5 : Operation 128 [1/1] (1.24ns)   --->   "%select_ln2177 = select i1 %odd_col, i8 %tmp, i8 %tmp_1" [C:/va/z702/hdmi/hdmi.runs/design_1_v_tpg_0_0_synth_1/prj/sol/.autopilot/db/v_tpg.cpp:2177->C:/va/z702/hdmi/hdmi.runs/design_1_v_tpg_0_0_synth_1/prj/sol/.autopilot/db/v_tpg.cpp:378]   --->   Operation 128 'select' 'select_ln2177' <Predicate = (!p_read23)> <Delay = 1.24> <CoreInst = "Sel">   --->   Core 73 'Sel' <Latency = 0> <II = 1> <Delay = 1.24> <FuncUnit> <Opcode : 'select'> <InPorts = 3> <OutPorts = 1>
ST_5 : Operation 129 [1/1] (0.00ns)   --->   "%or_ln = bitconcatenate i24 @_ssdm_op_BitConcatenate.i24.i8.i8.i8, i8 %inpix_0_2_0_0_0_load, i8 %inpix_0_1_0_0_0_load, i8 %inpix_0_0_0_0_0_load" [C:/va/z702/hdmi/hdmi.runs/design_1_v_tpg_0_0_synth_1/prj/sol/.autopilot/db/v_tpg.cpp:2203->C:/va/z702/hdmi/hdmi.runs/design_1_v_tpg_0_0_synth_1/prj/sol/.autopilot/db/v_tpg.cpp:378]   --->   Operation 129 'bitconcatenate' 'or_ln' <Predicate = (!tmp_3 & p_read23)> <Delay = 0.00>
ST_5 : Operation 130 [1/1] (0.00ns)   --->   "%tmp_i = bitconcatenate i16 @_ssdm_op_BitConcatenate.i16.i8.i8, i8 %select_ln2177, i8 %tmp_8_i" [C:/va/z702/hdmi/hdmi.runs/design_1_v_tpg_0_0_synth_1/prj/sol/.autopilot/db/v_tpg.cpp:2203->C:/va/z702/hdmi/hdmi.runs/design_1_v_tpg_0_0_synth_1/prj/sol/.autopilot/db/v_tpg.cpp:378]   --->   Operation 130 'bitconcatenate' 'tmp_i' <Predicate = (!tmp_3 & !p_read23)> <Delay = 0.00>
ST_5 : Operation 131 [1/1] (0.00ns)   --->   "%zext_ln2203 = zext i16 %tmp_i" [C:/va/z702/hdmi/hdmi.runs/design_1_v_tpg_0_0_synth_1/prj/sol/.autopilot/db/v_tpg.cpp:2203->C:/va/z702/hdmi/hdmi.runs/design_1_v_tpg_0_0_synth_1/prj/sol/.autopilot/db/v_tpg.cpp:378]   --->   Operation 131 'zext' 'zext_ln2203' <Predicate = (!tmp_3 & !p_read23)> <Delay = 0.00>
ST_5 : Operation 132 [1/1] (0.69ns)   --->   "%p_0 = select i1 %p_read23, i24 %or_ln, i24 %zext_ln2203" [C:/va/z702/hdmi/hdmi.runs/design_1_v_tpg_0_0_synth_1/prj/sol/.autopilot/db/v_tpg.cpp:2203->C:/va/z702/hdmi/hdmi.runs/design_1_v_tpg_0_0_synth_1/prj/sol/.autopilot/db/v_tpg.cpp:378]   --->   Operation 132 'select' 'p_0' <Predicate = (!tmp_3)> <Delay = 0.69> <CoreInst = "Sel">   --->   Core 73 'Sel' <Latency = 0> <II = 1> <Delay = 0.69> <FuncUnit> <Opcode : 'select'> <InPorts = 3> <OutPorts = 1>
ST_5 : Operation 133 [1/1] (2.45ns)   --->   "%write_ln2203 = write void @_ssdm_op_Write.ap_fifo.volatile.i24P0A, i24 %stream_out_hresampled, i24 %p_0" [C:/va/z702/hdmi/hdmi.runs/design_1_v_tpg_0_0_synth_1/prj/sol/.autopilot/db/v_tpg.cpp:2203->C:/va/z702/hdmi/hdmi.runs/design_1_v_tpg_0_0_synth_1/prj/sol/.autopilot/db/v_tpg.cpp:378]   --->   Operation 133 'write' 'write_ln2203' <Predicate = (!tmp_3)> <Delay = 2.45> <CoreInst = "FIFO_SRL">   --->   Core 81 'FIFO_SRL' <Latency = 0> <II = 1> <Delay = 3.63> <Storage> <Opcode : 'read' 'write' 'nbread' 'nbwrite'> <Ports = 0> <Width = 24> <Depth = 2> <FIFO>
ST_5 : Operation 134 [1/1] (0.00ns)   --->   "%br_ln2204 = br void %for.inc473.i" [C:/va/z702/hdmi/hdmi.runs/design_1_v_tpg_0_0_synth_1/prj/sol/.autopilot/db/v_tpg.cpp:2204->C:/va/z702/hdmi/hdmi.runs/design_1_v_tpg_0_0_synth_1/prj/sol/.autopilot/db/v_tpg.cpp:378]   --->   Operation 134 'br' 'br_ln2204' <Predicate = (!tmp_3)> <Delay = 0.00>


============================================================
+ Verbose Summary: Timing violations
============================================================
Target clock period: 6.734ns, clock uncertainty: 1.818ns.

 <State 1>: 5.253ns
The critical path consists of the following:
	'store' operation 0 bit ('store_ln2010', C:/va/z702/hdmi/hdmi.runs/design_1_v_tpg_0_0_synth_1/prj/sol/.autopilot/db/v_tpg.cpp:2010->C:/va/z702/hdmi/hdmi.runs/design_1_v_tpg_0_0_synth_1/prj/sol/.autopilot/db/v_tpg.cpp:378) of constant 0 on local variable 'x', C:/va/z702/hdmi/hdmi.runs/design_1_v_tpg_0_0_synth_1/prj/sol/.autopilot/db/v_tpg.cpp:2010->C:/va/z702/hdmi/hdmi.runs/design_1_v_tpg_0_0_synth_1/prj/sol/.autopilot/db/v_tpg.cpp:378 [66]  (1.588 ns)
	'load' operation 15 bit ('x', C:/va/z702/hdmi/hdmi.runs/design_1_v_tpg_0_0_synth_1/prj/sol/.autopilot/db/v_tpg.cpp:2052->C:/va/z702/hdmi/hdmi.runs/design_1_v_tpg_0_0_synth_1/prj/sol/.autopilot/db/v_tpg.cpp:378) on local variable 'x', C:/va/z702/hdmi/hdmi.runs/design_1_v_tpg_0_0_synth_1/prj/sol/.autopilot/db/v_tpg.cpp:2010->C:/va/z702/hdmi/hdmi.runs/design_1_v_tpg_0_0_synth_1/prj/sol/.autopilot/db/v_tpg.cpp:378 [71]  (0.000 ns)
	'icmp' operation 1 bit ('icmp_ln2052', C:/va/z702/hdmi/hdmi.runs/design_1_v_tpg_0_0_synth_1/prj/sol/.autopilot/db/v_tpg.cpp:2052->C:/va/z702/hdmi/hdmi.runs/design_1_v_tpg_0_0_synth_1/prj/sol/.autopilot/db/v_tpg.cpp:378) [77]  (2.077 ns)
	'store' operation 0 bit ('store_ln2010', C:/va/z702/hdmi/hdmi.runs/design_1_v_tpg_0_0_synth_1/prj/sol/.autopilot/db/v_tpg.cpp:2010->C:/va/z702/hdmi/hdmi.runs/design_1_v_tpg_0_0_synth_1/prj/sol/.autopilot/db/v_tpg.cpp:378) of variable 'add_ln2052', C:/va/z702/hdmi/hdmi.runs/design_1_v_tpg_0_0_synth_1/prj/sol/.autopilot/db/v_tpg.cpp:2052->C:/va/z702/hdmi/hdmi.runs/design_1_v_tpg_0_0_synth_1/prj/sol/.autopilot/db/v_tpg.cpp:378 on local variable 'x', C:/va/z702/hdmi/hdmi.runs/design_1_v_tpg_0_0_synth_1/prj/sol/.autopilot/db/v_tpg.cpp:2010->C:/va/z702/hdmi/hdmi.runs/design_1_v_tpg_0_0_synth_1/prj/sol/.autopilot/db/v_tpg.cpp:378 [156]  (1.588 ns)

 <State 2>: 4.046ns
The critical path consists of the following:
	fifo read operation ('ovrlayYUV_read', C:/va/z702/hdmi/hdmi.runs/design_1_v_tpg_0_0_synth_1/prj/sol/.autopilot/db/v_tpg.cpp:2064->C:/va/z702/hdmi/hdmi.runs/design_1_v_tpg_0_0_synth_1/prj/sol/.autopilot/db/v_tpg.cpp:378) on port 'ovrlayYUV' (C:/va/z702/hdmi/hdmi.runs/design_1_v_tpg_0_0_synth_1/prj/sol/.autopilot/db/v_tpg.cpp:2064->C:/va/z702/hdmi/hdmi.runs/design_1_v_tpg_0_0_synth_1/prj/sol/.autopilot/db/v_tpg.cpp:378) [89]  (2.458 ns)
	'store' operation 0 bit ('store_ln2064', C:/va/z702/hdmi/hdmi.runs/design_1_v_tpg_0_0_synth_1/prj/sol/.autopilot/db/v_tpg.cpp:2064->C:/va/z702/hdmi/hdmi.runs/design_1_v_tpg_0_0_synth_1/prj/sol/.autopilot/db/v_tpg.cpp:378) of variable 'trunc_ln2064_3', C:/va/z702/hdmi/hdmi.runs/design_1_v_tpg_0_0_synth_1/prj/sol/.autopilot/db/v_tpg.cpp:2064->C:/va/z702/hdmi/hdmi.runs/design_1_v_tpg_0_0_synth_1/prj/sol/.autopilot/db/v_tpg.cpp:378 on local variable 'p_0_2_0_0_0594_i' [93]  (1.588 ns)

 <State 3>: 3.163ns
The critical path consists of the following:
	'load' operation 8 bit ('p_0_1_0_0_0593601_i_load_1', C:/va/z702/hdmi/hdmi.runs/design_1_v_tpg_0_0_synth_1/prj/sol/.autopilot/db/v_tpg.cpp:2143->C:/va/z702/hdmi/hdmi.runs/design_1_v_tpg_0_0_synth_1/prj/sol/.autopilot/db/v_tpg.cpp:378) on local variable 'p_0_1_0_0_0593601_i' [105]  (0.000 ns)
	'select' operation 8 bit ('select_ln2143_1', C:/va/z702/hdmi/hdmi.runs/design_1_v_tpg_0_0_synth_1/prj/sol/.autopilot/db/v_tpg.cpp:2143->C:/va/z702/hdmi/hdmi.runs/design_1_v_tpg_0_0_synth_1/prj/sol/.autopilot/db/v_tpg.cpp:378) [112]  (1.248 ns)
	'add' operation 9 bit ('add_ln2174', C:/va/z702/hdmi/hdmi.runs/design_1_v_tpg_0_0_synth_1/prj/sol/.autopilot/db/v_tpg.cpp:2174->C:/va/z702/hdmi/hdmi.runs/design_1_v_tpg_0_0_synth_1/prj/sol/.autopilot/db/v_tpg.cpp:378) [122]  (1.915 ns)

 <State 4>: 3.728ns
The critical path consists of the following:
	'add' operation 10 bit ('add_ln2174_2', C:/va/z702/hdmi/hdmi.runs/design_1_v_tpg_0_0_synth_1/prj/sol/.autopilot/db/v_tpg.cpp:2174->C:/va/z702/hdmi/hdmi.runs/design_1_v_tpg_0_0_synth_1/prj/sol/.autopilot/db/v_tpg.cpp:378) [125]  (3.728 ns)

 <State 5>: 4.400ns
The critical path consists of the following:
	'select' operation 8 bit ('select_ln2177', C:/va/z702/hdmi/hdmi.runs/design_1_v_tpg_0_0_synth_1/prj/sol/.autopilot/db/v_tpg.cpp:2177->C:/va/z702/hdmi/hdmi.runs/design_1_v_tpg_0_0_synth_1/prj/sol/.autopilot/db/v_tpg.cpp:378) [136]  (1.248 ns)
	'select' operation 24 bit ('p_0', C:/va/z702/hdmi/hdmi.runs/design_1_v_tpg_0_0_synth_1/prj/sol/.autopilot/db/v_tpg.cpp:2203->C:/va/z702/hdmi/hdmi.runs/design_1_v_tpg_0_0_synth_1/prj/sol/.autopilot/db/v_tpg.cpp:378) [146]  (0.694 ns)
	fifo write operation ('write_ln2203', C:/va/z702/hdmi/hdmi.runs/design_1_v_tpg_0_0_synth_1/prj/sol/.autopilot/db/v_tpg.cpp:2203->C:/va/z702/hdmi/hdmi.runs/design_1_v_tpg_0_0_synth_1/prj/sol/.autopilot/db/v_tpg.cpp:378) on port 'stream_out_hresampled' (C:/va/z702/hdmi/hdmi.runs/design_1_v_tpg_0_0_synth_1/prj/sol/.autopilot/db/v_tpg.cpp:2203->C:/va/z702/hdmi/hdmi.runs/design_1_v_tpg_0_0_synth_1/prj/sol/.autopilot/db/v_tpg.cpp:378) [147]  (2.458 ns)


============================================================
+ Verbose Summary: Binding
============================================================
N/A
* FSMD analyzer results:
  - Output states:
 - Input state : 
  - Chain level:
	State 1
	State 2
	State 3
	State 4
	State 5


============================================================
+ Verbose Summary: Datapath Resource usage 
============================================================
N/A
