

================================================================
== Vitis HLS Report for 'v_tpgHlsDataFlow_Block_entry36_proc'
================================================================
* Date:           Fri Mar  1 09:43:04 2024

* Version:        2023.2 (Build 4023990 on Oct 11 2023)
* Project:        prj
* Solution:       sol (Vivado IP Flow Target)
* Product family: zynq
* Target device:  xc7z020-clg484-1


================================================================
== Performance Estimates
================================================================
+ Timing: 
    * Summary: 
    +--------+---------+----------+------------+
    |  Clock |  Target | Estimated| Uncertainty|
    +--------+---------+----------+------------+
    |ap_clk  |  6.73 ns|  2.893 ns|     1.82 ns|
    +--------+---------+----------+------------+

+ Latency: 
    * Summary: 
    +---------+---------+----------+----------+-----+-----+---------+
    |  Latency (cycles) |  Latency (absolute) |  Interval | Pipeline|
    |   min   |   max   |    min   |    max   | min | max |   Type  |
    +---------+---------+----------+----------+-----+-----+---------+
    |        0|        0|      0 ns|      0 ns|    0|    0|       no|
    +---------+---------+----------+----------+-----+-----+---------+

    + Detail: 
        * Instance: 
        N/A

        * Loop: 
        N/A

============================================================
+ Verbose Summary: Synthesis Manager
============================================================
InlineROM: 1
ExposeGlobal: 0
============================================================
+ Verbose Summary: CDFG Model
============================================================
IsTopModel: 0
ResetActiveHigh: 1
IsCombinational: 2
IsDatapathOnly: 0
HasWiredReturn: 1
HasMFsm: 0
HasVarLatency: 0
IsPipeline: 0
IsRtlPipelined: 0
IsInstanceOverlapped: 0
IsDontTouch: 0
HasImplIP: 0
IsGatedGlobalClock: 0


============================================================
+ Verbose Summary: Schedule
============================================================
* Number of FSM states : 1
* Pipeline : 0
* Dataflow Pipeline: 0

* FSM state transitions: 
1 --> 

* FSM state operations: 

State 1 <SV = 0> <Delay = 2.89>
ST_1 : Operation 2 [1/1] (0.00ns)   --->   "%colorFormat_val_read = read i8 @_ssdm_op_Read.ap_auto.i8, i8 %colorFormat_val" [C:/va/z702/hdmi/hdmi.runs/design_1_v_tpg_0_0_synth_1/prj/sol/.autopilot/db/v_tpg.cpp:377]   --->   Operation 2 'read' 'colorFormat_val_read' <Predicate = true> <Delay = 0.00>
ST_1 : Operation 3 [1/1] (1.91ns)   --->   "%icmp_ln377 = icmp_eq  i8 %colorFormat_val_read, i8 2" [C:/va/z702/hdmi/hdmi.runs/design_1_v_tpg_0_0_synth_1/prj/sol/.autopilot/db/v_tpg.cpp:377]   --->   Operation 3 'icmp' 'icmp_ln377' <Predicate = true> <Delay = 1.91> <CoreInst = "Cmp">   --->   Core 9 'Cmp' <Latency = 0> <II = 1> <Delay = 1.91> <FuncUnit> <Opcode : 'icmp'> <InPorts = 2> <OutPorts = 1>
ST_1 : Operation 4 [1/1] (1.91ns)   --->   "%icmp_ln377_1 = icmp_eq  i8 %colorFormat_val_read, i8 3" [C:/va/z702/hdmi/hdmi.runs/design_1_v_tpg_0_0_synth_1/prj/sol/.autopilot/db/v_tpg.cpp:377]   --->   Operation 4 'icmp' 'icmp_ln377_1' <Predicate = true> <Delay = 1.91> <CoreInst = "Cmp">   --->   Core 9 'Cmp' <Latency = 0> <II = 1> <Delay = 1.91> <FuncUnit> <Opcode : 'icmp'> <InPorts = 2> <OutPorts = 1>
ST_1 : Operation 5 [1/1] (0.00ns) (grouped into LUT with out node bPassThru)   --->   "%or_ln377 = or i1 %icmp_ln377, i1 %icmp_ln377_1" [C:/va/z702/hdmi/hdmi.runs/design_1_v_tpg_0_0_synth_1/prj/sol/.autopilot/db/v_tpg.cpp:377]   --->   Operation 5 'or' 'or_ln377' <Predicate = true> <Delay = 0.00> <CoreInst = "LogicGate">   --->   Core 74 'LogicGate' <Latency = 0> <II = 1> <Delay = 0.97> <FuncUnit> <Opcode : 'and' 'or' 'xor'> <InPorts = 2> <OutPorts = 1>
ST_1 : Operation 6 [1/1] (0.97ns) (out node of the LUT)   --->   "%bPassThru = xor i1 %or_ln377, i1 1" [C:/va/z702/hdmi/hdmi.runs/design_1_v_tpg_0_0_synth_1/prj/sol/.autopilot/db/v_tpg.cpp:377]   --->   Operation 6 'xor' 'bPassThru' <Predicate = true> <Delay = 0.97> <CoreInst = "LogicGate">   --->   Core 74 'LogicGate' <Latency = 0> <II = 1> <Delay = 0.97> <FuncUnit> <Opcode : 'and' 'or' 'xor'> <InPorts = 2> <OutPorts = 1>
ST_1 : Operation 7 [1/1] (0.00ns)   --->   "%mrv = insertvalue i2 <undef>, i1 %icmp_ln377_1" [C:/va/z702/hdmi/hdmi.runs/design_1_v_tpg_0_0_synth_1/prj/sol/.autopilot/db/v_tpg.cpp:377]   --->   Operation 7 'insertvalue' 'mrv' <Predicate = true> <Delay = 0.00>
ST_1 : Operation 8 [1/1] (0.00ns)   --->   "%mrv_1 = insertvalue i2 %mrv, i1 %bPassThru" [C:/va/z702/hdmi/hdmi.runs/design_1_v_tpg_0_0_synth_1/prj/sol/.autopilot/db/v_tpg.cpp:377]   --->   Operation 8 'insertvalue' 'mrv_1' <Predicate = true> <Delay = 0.00>
ST_1 : Operation 9 [1/1] (0.00ns)   --->   "%ret_ln377 = ret i2 %mrv_1" [C:/va/z702/hdmi/hdmi.runs/design_1_v_tpg_0_0_synth_1/prj/sol/.autopilot/db/v_tpg.cpp:377]   --->   Operation 9 'ret' 'ret_ln377' <Predicate = true> <Delay = 0.00>


============================================================
+ Verbose Summary: Timing violations
============================================================
Target clock period: 6.734ns, clock uncertainty: 1.818ns.

 <State 1>: 2.893ns
The critical path consists of the following:
	wire read operation ('colorFormat_val_read', C:/va/z702/hdmi/hdmi.runs/design_1_v_tpg_0_0_synth_1/prj/sol/.autopilot/db/v_tpg.cpp:377) on port 'colorFormat_val' (C:/va/z702/hdmi/hdmi.runs/design_1_v_tpg_0_0_synth_1/prj/sol/.autopilot/db/v_tpg.cpp:377) [2]  (0.000 ns)
	'icmp' operation 1 bit ('icmp_ln377_1', C:/va/z702/hdmi/hdmi.runs/design_1_v_tpg_0_0_synth_1/prj/sol/.autopilot/db/v_tpg.cpp:377) [4]  (1.915 ns)
	'or' operation 1 bit ('or_ln377', C:/va/z702/hdmi/hdmi.runs/design_1_v_tpg_0_0_synth_1/prj/sol/.autopilot/db/v_tpg.cpp:377) [5]  (0.000 ns)
	'xor' operation 1 bit ('bPassThru', C:/va/z702/hdmi/hdmi.runs/design_1_v_tpg_0_0_synth_1/prj/sol/.autopilot/db/v_tpg.cpp:377) [6]  (0.978 ns)


============================================================
+ Verbose Summary: Binding
============================================================
N/A
* FSMD analyzer results:
  - Output states:
 - Input state : 
  - Chain level:
	State 1


============================================================
+ Verbose Summary: Datapath Resource usage 
============================================================
N/A
