

================================================================
== Vitis HLS Report for 'v_vcresampler_core_Pipeline_VITIS_LOOP_2275_2'
================================================================
* Date:           Fri Mar  1 09:43:07 2024

* Version:        2023.2 (Build 4023990 on Oct 11 2023)
* Project:        prj
* Solution:       sol (Vivado IP Flow Target)
* Product family: zynq
* Target device:  xc7z020-clg484-1


================================================================
== Performance Estimates
================================================================
+ Timing: 
    * Summary: 
    +--------+---------+----------+------------+
    |  Clock |  Target | Estimated| Uncertainty|
    +--------+---------+----------+------------+
    |ap_clk  |  6.73 ns|  5.253 ns|     1.82 ns|
    +--------+---------+----------+------------+

+ Latency: 
    * Summary: 
    +---------+---------+-----------+----------+-----+-------+---------+
    |  Latency (cycles) |  Latency (absolute)  |   Interval  | Pipeline|
    |   min   |   max   |    min    |    max   | min |  max  |   Type  |
    +---------+---------+-----------+----------+-----+-------+---------+
    |        2|    32772|  13.468 ns|  0.221 ms|    2|  32772|       no|
    +---------+---------+-----------+----------+-----+-------+---------+

    + Detail: 
        * Instance: 
        N/A

        * Loop: 
        +---------------------+---------+---------+----------+-----------+-----------+-----------+----------+
        |                     |  Latency (cycles) | Iteration|  Initiation Interval  |    Trip   |          |
        |      Loop Name      |   min   |   max   |  Latency |  achieved |   target  |   Count   | Pipelined|
        +---------------------+---------+---------+----------+-----------+-----------+-----------+----------+
        |- VITIS_LOOP_2275_2  |        0|    32770|         5|          1|          1|  0 ~ 32767|       yes|
        +---------------------+---------+---------+----------+-----------+-----------+-----------+----------+

============================================================
+ Verbose Summary: Synthesis Manager
============================================================
InlineROM: 1
ExposeGlobal: 0
============================================================
+ Verbose Summary: CDFG Model
============================================================
IsTopModel: 0
ResetActiveHigh: 1
IsCombinational: 0
IsDatapathOnly: 0
HasWiredReturn: 1
HasMFsm: 2
HasVarLatency: 1
IsPipeline: 0
IsRtlPipelined: 0
IsInstanceOverlapped: 0
IsDontTouch: 0
HasImplIP: 0
IsGatedGlobalClock: 0

+ Individual pipeline summary: 
  * Pipeline-0: initiation interval (II) = 1, depth = 5


============================================================
+ Verbose Summary: Schedule
============================================================
* Number of FSM states : 5
* Pipeline : 1
  Pipeline-0 : II = 1, D = 5, States = { 1 2 3 4 5 }
* Dataflow Pipeline: 0

* FSM state transitions: 
1 --> 2 
2 --> 3 
3 --> 4 
4 --> 5 
5 --> 

* FSM state operations: 

State 1 <SV = 0> <Delay = 5.25>
ST_1 : Operation 8 [1/1] (0.00ns)   --->   "%out_x = alloca i32 1" [C:/va/z702/hdmi/hdmi.runs/design_1_v_tpg_0_0_synth_1/prj/sol/.autopilot/db/v_tpg.cpp:2236->C:/va/z702/hdmi/hdmi.runs/design_1_v_tpg_0_0_synth_1/prj/sol/.autopilot/db/v_tpg.cpp:386]   --->   Operation 8 'alloca' 'out_x' <Predicate = true> <Delay = 0.00>
ST_1 : Operation 9 [1/1] (0.00ns)   --->   "%specinterface_ln0 = specinterface void @_ssdm_op_SpecInterface, i24 %stream_out_vresampled, void @empty_23, i32 0, i32 0, void @empty_25, i32 0, i32 0, void @empty_25, void @empty_25, void @empty_25, i32 0, i32 0, i32 0, i32 0, void @empty_25, void @empty_25, i32 4294967295, i32 0"   --->   Operation 9 'specinterface' 'specinterface_ln0' <Predicate = true> <Delay = 0.00>
ST_1 : Operation 10 [1/1] (0.00ns)   --->   "%specinterface_ln0 = specinterface void @_ssdm_op_SpecInterface, i24 %stream_out_hresampled, void @empty_23, i32 0, i32 0, void @empty_25, i32 0, i32 0, void @empty_25, void @empty_25, void @empty_25, i32 0, i32 0, i32 0, i32 0, void @empty_25, void @empty_25, i32 4294967295, i32 0"   --->   Operation 10 'specinterface' 'specinterface_ln0' <Predicate = true> <Delay = 0.00>
ST_1 : Operation 11 [1/1] (0.00ns)   --->   "%tmp = read i1 @_ssdm_op_Read.ap_auto.i1, i1 %empty"   --->   Operation 11 'read' 'tmp' <Predicate = true> <Delay = 0.00>
ST_1 : Operation 12 [1/1] (0.00ns)   --->   "%tmp_1 = read i1 @_ssdm_op_Read.ap_auto.i1, i1 %empty_40"   --->   Operation 12 'read' 'tmp_1' <Predicate = true> <Delay = 0.00>
ST_1 : Operation 13 [1/1] (0.00ns)   --->   "%cmp107_i_read = read i1 @_ssdm_op_Read.ap_auto.i1, i1 %cmp107_i"   --->   Operation 13 'read' 'cmp107_i_read' <Predicate = true> <Delay = 0.00>
ST_1 : Operation 14 [1/1] (0.00ns)   --->   "%cmp33_i_read = read i1 @_ssdm_op_Read.ap_auto.i1, i1 %cmp33_i"   --->   Operation 14 'read' 'cmp33_i_read' <Predicate = true> <Delay = 0.00>
ST_1 : Operation 15 [1/1] (0.00ns)   --->   "%p_read_1 = read i1 @_ssdm_op_Read.ap_auto.i1, i1 %p_read"   --->   Operation 15 'read' 'p_read_1' <Predicate = true> <Delay = 0.00>
ST_1 : Operation 16 [1/1] (0.00ns)   --->   "%loopWidth_read = read i16 @_ssdm_op_Read.ap_auto.i16, i16 %loopWidth"   --->   Operation 16 'read' 'loopWidth_read' <Predicate = true> <Delay = 0.00>
ST_1 : Operation 17 [1/1] (1.58ns)   --->   "%store_ln2236 = store i15 0, i15 %out_x" [C:/va/z702/hdmi/hdmi.runs/design_1_v_tpg_0_0_synth_1/prj/sol/.autopilot/db/v_tpg.cpp:2236->C:/va/z702/hdmi/hdmi.runs/design_1_v_tpg_0_0_synth_1/prj/sol/.autopilot/db/v_tpg.cpp:386]   --->   Operation 17 'store' 'store_ln2236' <Predicate = true> <Delay = 1.58>
ST_1 : Operation 18 [1/1] (0.00ns)   --->   "%br_ln0 = br void %for.body27.i"   --->   Operation 18 'br' 'br_ln0' <Predicate = true> <Delay = 0.00>
ST_1 : Operation 19 [1/1] (0.00ns)   --->   "%x = load i15 %out_x"   --->   Operation 19 'load' 'x' <Predicate = true> <Delay = 0.00>
ST_1 : Operation 20 [1/1] (0.00ns)   --->   "%zext_ln2275_1 = zext i15 %x" [C:/va/z702/hdmi/hdmi.runs/design_1_v_tpg_0_0_synth_1/prj/sol/.autopilot/db/v_tpg.cpp:2275->C:/va/z702/hdmi/hdmi.runs/design_1_v_tpg_0_0_synth_1/prj/sol/.autopilot/db/v_tpg.cpp:386]   --->   Operation 20 'zext' 'zext_ln2275_1' <Predicate = true> <Delay = 0.00>
ST_1 : Operation 21 [1/1] (2.07ns)   --->   "%icmp_ln2275 = icmp_slt  i16 %zext_ln2275_1, i16 %loopWidth_read" [C:/va/z702/hdmi/hdmi.runs/design_1_v_tpg_0_0_synth_1/prj/sol/.autopilot/db/v_tpg.cpp:2275->C:/va/z702/hdmi/hdmi.runs/design_1_v_tpg_0_0_synth_1/prj/sol/.autopilot/db/v_tpg.cpp:386]   --->   Operation 21 'icmp' 'icmp_ln2275' <Predicate = true> <Delay = 2.07> <CoreInst = "Cmp">   --->   Core 9 'Cmp' <Latency = 0> <II = 1> <Delay = 2.07> <FuncUnit> <Opcode : 'icmp'> <InPorts = 2> <OutPorts = 1>
ST_1 : Operation 22 [1/1] (0.00ns)   --->   "%speclooptripcount_ln0 = speclooptripcount void @_ssdm_op_SpecLoopTripCount, i64 0, i64 32767, i64 32767"   --->   Operation 22 'speclooptripcount' 'speclooptripcount_ln0' <Predicate = true> <Delay = 0.00>
ST_1 : Operation 23 [1/1] (1.94ns)   --->   "%add_ln2275 = add i15 %x, i15 1" [C:/va/z702/hdmi/hdmi.runs/design_1_v_tpg_0_0_synth_1/prj/sol/.autopilot/db/v_tpg.cpp:2275->C:/va/z702/hdmi/hdmi.runs/design_1_v_tpg_0_0_synth_1/prj/sol/.autopilot/db/v_tpg.cpp:386]   --->   Operation 23 'add' 'add_ln2275' <Predicate = true> <Delay = 1.94> <CoreInst = "Adder">   --->   Core 1 'Adder' <Latency = 0> <II = 1> <Delay = 1.94> <FuncUnit> <Opcode : 'add' 'sub'> <InPorts = 2> <OutPorts = 1>
ST_1 : Operation 24 [1/1] (0.00ns)   --->   "%br_ln2275 = br i1 %icmp_ln2275, void %for.inc413.loopexit.i.exitStub, void %for.body27.split.i" [C:/va/z702/hdmi/hdmi.runs/design_1_v_tpg_0_0_synth_1/prj/sol/.autopilot/db/v_tpg.cpp:2275->C:/va/z702/hdmi/hdmi.runs/design_1_v_tpg_0_0_synth_1/prj/sol/.autopilot/db/v_tpg.cpp:386]   --->   Operation 24 'br' 'br_ln2275' <Predicate = true> <Delay = 0.00>
ST_1 : Operation 25 [1/1] (0.00ns)   --->   "%empty_75 = trunc i15 %x"   --->   Operation 25 'trunc' 'empty_75' <Predicate = (icmp_ln2275)> <Delay = 0.00>
ST_1 : Operation 26 [1/1] (0.00ns)   --->   "%idxprom6_i261_i = zext i12 %empty_75"   --->   Operation 26 'zext' 'idxprom6_i261_i' <Predicate = (icmp_ln2275)> <Delay = 0.00>
ST_1 : Operation 27 [1/1] (0.00ns)   --->   "%linebuf_c_addr = getelementptr i8 %linebuf_c, i64 0, i64 %idxprom6_i261_i" [c:/va/z702/hdmi/hdmi.gen/sources_1/bd/design_1/ip/design_1_v_tpg_0_0/src/hls/hls_video_mem.h:850->C:/va/z702/hdmi/hdmi.runs/design_1_v_tpg_0_0_synth_1/prj/sol/.autopilot/db/v_tpg.cpp:2338->C:/va/z702/hdmi/hdmi.runs/design_1_v_tpg_0_0_synth_1/prj/sol/.autopilot/db/v_tpg.cpp:386]   --->   Operation 27 'getelementptr' 'linebuf_c_addr' <Predicate = (icmp_ln2275)> <Delay = 0.00>
ST_1 : Operation 28 [2/2] (3.25ns)   --->   "%LineBufVal_1 = load i12 %linebuf_c_addr" [C:/va/z702/hdmi/hdmi.runs/design_1_v_tpg_0_0_synth_1/prj/sol/.autopilot/db/v_tpg.cpp:2338->C:/va/z702/hdmi/hdmi.runs/design_1_v_tpg_0_0_synth_1/prj/sol/.autopilot/db/v_tpg.cpp:386]   --->   Operation 28 'load' 'LineBufVal_1' <Predicate = (icmp_ln2275)> <Delay = 3.25> <CoreInst = "RAM">   --->   Core 82 'RAM' <Latency = 1> <II = 1> <Delay = 3.25> <Storage> <Opcode : 'load' 'store'> <Ports = 2> <Width = 8> <Depth = 4096> <RAM>
ST_1 : Operation 29 [1/1] (0.00ns)   --->   "%br_ln2285 = br i1 %cmp33_i_read, void %VITIS_LOOP_2386_13.i_ifconv, void %for.inc240.i" [C:/va/z702/hdmi/hdmi.runs/design_1_v_tpg_0_0_synth_1/prj/sol/.autopilot/db/v_tpg.cpp:2285->C:/va/z702/hdmi/hdmi.runs/design_1_v_tpg_0_0_synth_1/prj/sol/.autopilot/db/v_tpg.cpp:386]   --->   Operation 29 'br' 'br_ln2285' <Predicate = (icmp_ln2275)> <Delay = 0.00>
ST_1 : Operation 30 [1/1] (0.00ns)   --->   "%br_ln2442 = br i1 %tmp, void %if.then404.i_ifconv, void %for.inc410.i" [C:/va/z702/hdmi/hdmi.runs/design_1_v_tpg_0_0_synth_1/prj/sol/.autopilot/db/v_tpg.cpp:2442->C:/va/z702/hdmi/hdmi.runs/design_1_v_tpg_0_0_synth_1/prj/sol/.autopilot/db/v_tpg.cpp:386]   --->   Operation 30 'br' 'br_ln2442' <Predicate = (icmp_ln2275)> <Delay = 0.00>
ST_1 : Operation 31 [1/1] (1.58ns)   --->   "%store_ln2236 = store i15 %add_ln2275, i15 %out_x" [C:/va/z702/hdmi/hdmi.runs/design_1_v_tpg_0_0_synth_1/prj/sol/.autopilot/db/v_tpg.cpp:2236->C:/va/z702/hdmi/hdmi.runs/design_1_v_tpg_0_0_synth_1/prj/sol/.autopilot/db/v_tpg.cpp:386]   --->   Operation 31 'store' 'store_ln2236' <Predicate = (icmp_ln2275)> <Delay = 1.58>
ST_1 : Operation 32 [1/1] (0.00ns)   --->   "%br_ln2275 = br void %for.body27.i" [C:/va/z702/hdmi/hdmi.runs/design_1_v_tpg_0_0_synth_1/prj/sol/.autopilot/db/v_tpg.cpp:2275->C:/va/z702/hdmi/hdmi.runs/design_1_v_tpg_0_0_synth_1/prj/sol/.autopilot/db/v_tpg.cpp:386]   --->   Operation 32 'br' 'br_ln2275' <Predicate = (icmp_ln2275)> <Delay = 0.00>

State 2 <SV = 1> <Delay = 3.25>
ST_2 : Operation 33 [1/1] (0.00ns)   --->   "%linebuf_y_addr = getelementptr i8 %linebuf_y, i64 0, i64 %idxprom6_i261_i" [c:/va/z702/hdmi/hdmi.gen/sources_1/bd/design_1/ip/design_1_v_tpg_0_0/src/hls/hls_video_mem.h:850->C:/va/z702/hdmi/hdmi.runs/design_1_v_tpg_0_0_synth_1/prj/sol/.autopilot/db/v_tpg.cpp:2301->C:/va/z702/hdmi/hdmi.runs/design_1_v_tpg_0_0_synth_1/prj/sol/.autopilot/db/v_tpg.cpp:386]   --->   Operation 33 'getelementptr' 'linebuf_y_addr' <Predicate = true> <Delay = 0.00>
ST_2 : Operation 34 [1/1] (0.00ns)   --->   "%linebuf_c_1_addr = getelementptr i8 %linebuf_c_1, i64 0, i64 %idxprom6_i261_i" [c:/va/z702/hdmi/hdmi.gen/sources_1/bd/design_1/ip/design_1_v_tpg_0_0/src/hls/hls_video_mem.h:850->C:/va/z702/hdmi/hdmi.runs/design_1_v_tpg_0_0_synth_1/prj/sol/.autopilot/db/v_tpg.cpp:2338->C:/va/z702/hdmi/hdmi.runs/design_1_v_tpg_0_0_synth_1/prj/sol/.autopilot/db/v_tpg.cpp:386]   --->   Operation 34 'getelementptr' 'linebuf_c_1_addr' <Predicate = (!p_read_1 & !tmp_1)> <Delay = 0.00>
ST_2 : Operation 35 [1/2] (3.25ns)   --->   "%LineBufVal_1 = load i12 %linebuf_c_addr" [C:/va/z702/hdmi/hdmi.runs/design_1_v_tpg_0_0_synth_1/prj/sol/.autopilot/db/v_tpg.cpp:2338->C:/va/z702/hdmi/hdmi.runs/design_1_v_tpg_0_0_synth_1/prj/sol/.autopilot/db/v_tpg.cpp:386]   --->   Operation 35 'load' 'LineBufVal_1' <Predicate = true> <Delay = 3.25> <CoreInst = "RAM">   --->   Core 82 'RAM' <Latency = 1> <II = 1> <Delay = 3.25> <Storage> <Opcode : 'load' 'store'> <Ports = 2> <Width = 8> <Depth = 4096> <RAM>
ST_2 : Operation 36 [2/2] (3.25ns)   --->   "%LineBufVal_2 = load i12 %linebuf_c_1_addr" [C:/va/z702/hdmi/hdmi.runs/design_1_v_tpg_0_0_synth_1/prj/sol/.autopilot/db/v_tpg.cpp:2338->C:/va/z702/hdmi/hdmi.runs/design_1_v_tpg_0_0_synth_1/prj/sol/.autopilot/db/v_tpg.cpp:386]   --->   Operation 36 'load' 'LineBufVal_2' <Predicate = (!p_read_1 & !tmp_1)> <Delay = 3.25> <CoreInst = "RAM">   --->   Core 82 'RAM' <Latency = 1> <II = 1> <Delay = 3.25> <Storage> <Opcode : 'load' 'store'> <Ports = 2> <Width = 8> <Depth = 4096> <RAM>
ST_2 : Operation 37 [1/1] (2.45ns)   --->   "%stream_out_hresampled_read = read i24 @_ssdm_op_Read.ap_fifo.volatile.i24P0A, i24 %stream_out_hresampled" [C:/va/z702/hdmi/hdmi.runs/design_1_v_tpg_0_0_synth_1/prj/sol/.autopilot/db/v_tpg.cpp:2287->C:/va/z702/hdmi/hdmi.runs/design_1_v_tpg_0_0_synth_1/prj/sol/.autopilot/db/v_tpg.cpp:386]   --->   Operation 37 'read' 'stream_out_hresampled_read' <Predicate = (cmp33_i_read)> <Delay = 2.45> <CoreInst = "FIFO_SRL">   --->   Core 81 'FIFO_SRL' <Latency = 0> <II = 1> <Delay = 3.63> <Storage> <Opcode : 'read' 'write' 'nbread' 'nbwrite'> <Ports = 0> <Width = 24> <Depth = 2> <FIFO>
ST_2 : Operation 38 [1/1] (0.00ns)   --->   "%trunc_ln2287 = trunc i24 %stream_out_hresampled_read" [C:/va/z702/hdmi/hdmi.runs/design_1_v_tpg_0_0_synth_1/prj/sol/.autopilot/db/v_tpg.cpp:2287->C:/va/z702/hdmi/hdmi.runs/design_1_v_tpg_0_0_synth_1/prj/sol/.autopilot/db/v_tpg.cpp:386]   --->   Operation 38 'trunc' 'trunc_ln2287' <Predicate = (cmp33_i_read)> <Delay = 0.00>
ST_2 : Operation 39 [1/1] (0.00ns)   --->   "%trunc_ln2287_2 = partselect i8 @_ssdm_op_PartSelect.i8.i24.i32.i32, i24 %stream_out_hresampled_read, i32 8, i32 15" [C:/va/z702/hdmi/hdmi.runs/design_1_v_tpg_0_0_synth_1/prj/sol/.autopilot/db/v_tpg.cpp:2287->C:/va/z702/hdmi/hdmi.runs/design_1_v_tpg_0_0_synth_1/prj/sol/.autopilot/db/v_tpg.cpp:386]   --->   Operation 39 'partselect' 'trunc_ln2287_2' <Predicate = (cmp33_i_read)> <Delay = 0.00>
ST_2 : Operation 40 [1/1] (0.00ns)   --->   "%trunc_ln2287_3 = partselect i8 @_ssdm_op_PartSelect.i8.i24.i32.i32, i24 %stream_out_hresampled_read, i32 16, i32 23" [C:/va/z702/hdmi/hdmi.runs/design_1_v_tpg_0_0_synth_1/prj/sol/.autopilot/db/v_tpg.cpp:2287->C:/va/z702/hdmi/hdmi.runs/design_1_v_tpg_0_0_synth_1/prj/sol/.autopilot/db/v_tpg.cpp:386]   --->   Operation 40 'partselect' 'trunc_ln2287_3' <Predicate = (cmp33_i_read)> <Delay = 0.00>
ST_2 : Operation 41 [1/1] (0.00ns)   --->   "%store_ln2287 = store i8 %trunc_ln2287_2, i8 %p_0_0324492_i_out" [C:/va/z702/hdmi/hdmi.runs/design_1_v_tpg_0_0_synth_1/prj/sol/.autopilot/db/v_tpg.cpp:2287->C:/va/z702/hdmi/hdmi.runs/design_1_v_tpg_0_0_synth_1/prj/sol/.autopilot/db/v_tpg.cpp:386]   --->   Operation 41 'store' 'store_ln2287' <Predicate = (cmp33_i_read)> <Delay = 0.00>
ST_2 : Operation 42 [1/1] (0.00ns)   --->   "%store_ln2287 = store i8 %trunc_ln2287, i8 %p_0_0335490_i_out" [C:/va/z702/hdmi/hdmi.runs/design_1_v_tpg_0_0_synth_1/prj/sol/.autopilot/db/v_tpg.cpp:2287->C:/va/z702/hdmi/hdmi.runs/design_1_v_tpg_0_0_synth_1/prj/sol/.autopilot/db/v_tpg.cpp:386]   --->   Operation 42 'store' 'store_ln2287' <Predicate = (cmp33_i_read)> <Delay = 0.00>

State 3 <SV = 2> <Delay = 3.25>
ST_3 : Operation 43 [2/2] (3.25ns)   --->   "%LineBufVal = load i12 %linebuf_y_addr" [C:/va/z702/hdmi/hdmi.runs/design_1_v_tpg_0_0_synth_1/prj/sol/.autopilot/db/v_tpg.cpp:2301->C:/va/z702/hdmi/hdmi.runs/design_1_v_tpg_0_0_synth_1/prj/sol/.autopilot/db/v_tpg.cpp:386]   --->   Operation 43 'load' 'LineBufVal' <Predicate = (!p_read_1)> <Delay = 3.25> <CoreInst = "RAM">   --->   Core 82 'RAM' <Latency = 1> <II = 1> <Delay = 3.25> <Storage> <Opcode : 'load' 'store'> <Ports = 2> <Width = 8> <Depth = 4096> <RAM>
ST_3 : Operation 44 [1/2] (3.25ns)   --->   "%LineBufVal_2 = load i12 %linebuf_c_1_addr" [C:/va/z702/hdmi/hdmi.runs/design_1_v_tpg_0_0_synth_1/prj/sol/.autopilot/db/v_tpg.cpp:2338->C:/va/z702/hdmi/hdmi.runs/design_1_v_tpg_0_0_synth_1/prj/sol/.autopilot/db/v_tpg.cpp:386]   --->   Operation 44 'load' 'LineBufVal_2' <Predicate = (!p_read_1 & !tmp_1)> <Delay = 3.25> <CoreInst = "RAM">   --->   Core 82 'RAM' <Latency = 1> <II = 1> <Delay = 3.25> <Storage> <Opcode : 'load' 'store'> <Ports = 2> <Width = 8> <Depth = 4096> <RAM>
ST_3 : Operation 45 [1/1] (3.25ns)   --->   "%store_ln812 = store i8 %trunc_ln2287_2, i12 %linebuf_c_addr" [c:/va/z702/hdmi/hdmi.gen/sources_1/bd/design_1/ip/design_1_v_tpg_0_0/src/hls/hls_video_mem.h:812->c:/va/z702/hdmi/hdmi.gen/sources_1/bd/design_1/ip/design_1_v_tpg_0_0/src/hls/hls_video_mem.h:888->C:/va/z702/hdmi/hdmi.runs/design_1_v_tpg_0_0_synth_1/prj/sol/.autopilot/db/v_tpg.cpp:2384->C:/va/z702/hdmi/hdmi.runs/design_1_v_tpg_0_0_synth_1/prj/sol/.autopilot/db/v_tpg.cpp:386]   --->   Operation 45 'store' 'store_ln812' <Predicate = (cmp33_i_read)> <Delay = 3.25> <CoreInst = "RAM">   --->   Core 82 'RAM' <Latency = 1> <II = 1> <Delay = 3.25> <Storage> <Opcode : 'load' 'store'> <Ports = 2> <Width = 8> <Depth = 4096> <RAM>
ST_3 : Operation 46 [1/1] (0.00ns)   --->   "%store_ln2287 = store i8 %trunc_ln2287_3, i8 %pix_0_2_0_0_0_load488_i_out" [C:/va/z702/hdmi/hdmi.runs/design_1_v_tpg_0_0_synth_1/prj/sol/.autopilot/db/v_tpg.cpp:2287->C:/va/z702/hdmi/hdmi.runs/design_1_v_tpg_0_0_synth_1/prj/sol/.autopilot/db/v_tpg.cpp:386]   --->   Operation 46 'store' 'store_ln2287' <Predicate = (cmp33_i_read)> <Delay = 0.00>
ST_3 : Operation 47 [1/1] (0.00ns)   --->   "%store_ln2287 = store i8 %trunc_ln2287_2, i8 %pix_0_1_0_0_0_load486_i_out" [C:/va/z702/hdmi/hdmi.runs/design_1_v_tpg_0_0_synth_1/prj/sol/.autopilot/db/v_tpg.cpp:2287->C:/va/z702/hdmi/hdmi.runs/design_1_v_tpg_0_0_synth_1/prj/sol/.autopilot/db/v_tpg.cpp:386]   --->   Operation 47 'store' 'store_ln2287' <Predicate = (cmp33_i_read)> <Delay = 0.00>
ST_3 : Operation 48 [1/1] (0.00ns)   --->   "%store_ln2287 = store i8 %trunc_ln2287, i8 %pix_0_0_0_0_0_load484_i_out" [C:/va/z702/hdmi/hdmi.runs/design_1_v_tpg_0_0_synth_1/prj/sol/.autopilot/db/v_tpg.cpp:2287->C:/va/z702/hdmi/hdmi.runs/design_1_v_tpg_0_0_synth_1/prj/sol/.autopilot/db/v_tpg.cpp:386]   --->   Operation 48 'store' 'store_ln2287' <Predicate = (cmp33_i_read)> <Delay = 0.00>
ST_3 : Operation 49 [1/1] (0.00ns)   --->   "%br_ln2385 = br void %VITIS_LOOP_2386_13.i_ifconv" [C:/va/z702/hdmi/hdmi.runs/design_1_v_tpg_0_0_synth_1/prj/sol/.autopilot/db/v_tpg.cpp:2385->C:/va/z702/hdmi/hdmi.runs/design_1_v_tpg_0_0_synth_1/prj/sol/.autopilot/db/v_tpg.cpp:386]   --->   Operation 49 'br' 'br_ln2385' <Predicate = (cmp33_i_read)> <Delay = 0.00>
ST_3 : Operation 50 [1/1] (0.00ns)   --->   "%p_0_0335490_i_out_load = load i8 %p_0_0335490_i_out" [c:/va/z702/hdmi/hdmi.gen/sources_1/bd/design_1/ip/design_1_v_tpg_0_0/src/hls/hls_video_mem.h:812->c:/va/z702/hdmi/hdmi.gen/sources_1/bd/design_1/ip/design_1_v_tpg_0_0/src/hls/hls_video_mem.h:888->C:/va/z702/hdmi/hdmi.runs/design_1_v_tpg_0_0_synth_1/prj/sol/.autopilot/db/v_tpg.cpp:2315->C:/va/z702/hdmi/hdmi.runs/design_1_v_tpg_0_0_synth_1/prj/sol/.autopilot/db/v_tpg.cpp:386]   --->   Operation 50 'load' 'p_0_0335490_i_out_load' <Predicate = true> <Delay = 0.00>
ST_3 : Operation 51 [1/1] (0.00ns)   --->   "%p_0_0324492_i_out_load = load i8 %p_0_0324492_i_out" [C:/va/z702/hdmi/hdmi.runs/design_1_v_tpg_0_0_synth_1/prj/sol/.autopilot/db/v_tpg.cpp:2356->C:/va/z702/hdmi/hdmi.runs/design_1_v_tpg_0_0_synth_1/prj/sol/.autopilot/db/v_tpg.cpp:386]   --->   Operation 51 'load' 'p_0_0324492_i_out_load' <Predicate = (cmp33_i_read)> <Delay = 0.00>
ST_3 : Operation 52 [1/1] (1.24ns)   --->   "%select_ln2356 = select i1 %cmp33_i_read, i8 %p_0_0324492_i_out_load, i8 %LineBufVal_1" [C:/va/z702/hdmi/hdmi.runs/design_1_v_tpg_0_0_synth_1/prj/sol/.autopilot/db/v_tpg.cpp:2356->C:/va/z702/hdmi/hdmi.runs/design_1_v_tpg_0_0_synth_1/prj/sol/.autopilot/db/v_tpg.cpp:386]   --->   Operation 52 'select' 'select_ln2356' <Predicate = true> <Delay = 1.24> <CoreInst = "Sel">   --->   Core 73 'Sel' <Latency = 0> <II = 1> <Delay = 1.24> <FuncUnit> <Opcode : 'select'> <InPorts = 3> <OutPorts = 1>
ST_3 : Operation 53 [1/1] (1.24ns)   --->   "%PixBufVal = select i1 %cmp107_i_read, i8 %LineBufVal_1, i8 %select_ln2356" [C:/va/z702/hdmi/hdmi.runs/design_1_v_tpg_0_0_synth_1/prj/sol/.autopilot/db/v_tpg.cpp:2390->C:/va/z702/hdmi/hdmi.runs/design_1_v_tpg_0_0_synth_1/prj/sol/.autopilot/db/v_tpg.cpp:386]   --->   Operation 53 'select' 'PixBufVal' <Predicate = true> <Delay = 1.24> <CoreInst = "Sel">   --->   Core 73 'Sel' <Latency = 0> <II = 1> <Delay = 1.24> <FuncUnit> <Opcode : 'select'> <InPorts = 3> <OutPorts = 1>
ST_3 : Operation 54 [1/1] (3.25ns)   --->   "%store_ln812 = store i8 %p_0_0335490_i_out_load, i12 %linebuf_y_addr" [c:/va/z702/hdmi/hdmi.gen/sources_1/bd/design_1/ip/design_1_v_tpg_0_0/src/hls/hls_video_mem.h:812->c:/va/z702/hdmi/hdmi.gen/sources_1/bd/design_1/ip/design_1_v_tpg_0_0/src/hls/hls_video_mem.h:888->C:/va/z702/hdmi/hdmi.runs/design_1_v_tpg_0_0_synth_1/prj/sol/.autopilot/db/v_tpg.cpp:2315->C:/va/z702/hdmi/hdmi.runs/design_1_v_tpg_0_0_synth_1/prj/sol/.autopilot/db/v_tpg.cpp:386]   --->   Operation 54 'store' 'store_ln812' <Predicate = true> <Delay = 3.25> <CoreInst = "RAM">   --->   Core 82 'RAM' <Latency = 1> <II = 1> <Delay = 3.25> <Storage> <Opcode : 'load' 'store'> <Ports = 2> <Width = 8> <Depth = 4096> <RAM>
ST_3 : Operation 55 [1/1] (0.00ns)   --->   "%zext_ln2416_2 = zext i8 %select_ln2356" [C:/va/z702/hdmi/hdmi.runs/design_1_v_tpg_0_0_synth_1/prj/sol/.autopilot/db/v_tpg.cpp:2416->C:/va/z702/hdmi/hdmi.runs/design_1_v_tpg_0_0_synth_1/prj/sol/.autopilot/db/v_tpg.cpp:386]   --->   Operation 55 'zext' 'zext_ln2416_2' <Predicate = (!p_read_1 & !tmp_1)> <Delay = 0.00>
ST_3 : Operation 56 [1/1] (1.91ns)   --->   "%add_ln2416_1 = add i9 %zext_ln2416_2, i9 2" [C:/va/z702/hdmi/hdmi.runs/design_1_v_tpg_0_0_synth_1/prj/sol/.autopilot/db/v_tpg.cpp:2416->C:/va/z702/hdmi/hdmi.runs/design_1_v_tpg_0_0_synth_1/prj/sol/.autopilot/db/v_tpg.cpp:386]   --->   Operation 56 'add' 'add_ln2416_1' <Predicate = (!p_read_1 & !tmp_1)> <Delay = 1.91> <CoreInst = "Adder">   --->   Core 1 'Adder' <Latency = 0> <II = 1> <Delay = 1.91> <FuncUnit> <Opcode : 'add' 'sub'> <InPorts = 2> <OutPorts = 1>

State 4 <SV = 3> <Delay = 3.72>
ST_4 : Operation 57 [1/1] (0.00ns)   --->   "%zext_ln2275 = zext i15 %x" [C:/va/z702/hdmi/hdmi.runs/design_1_v_tpg_0_0_synth_1/prj/sol/.autopilot/db/v_tpg.cpp:2275->C:/va/z702/hdmi/hdmi.runs/design_1_v_tpg_0_0_synth_1/prj/sol/.autopilot/db/v_tpg.cpp:386]   --->   Operation 57 'zext' 'zext_ln2275' <Predicate = true> <Delay = 0.00>
ST_4 : Operation 58 [1/1] (0.00ns)   --->   "%specpipeline_ln2279 = specpipeline void @_ssdm_op_SpecPipeline, i32 1, i32 0, i32 0, i32 0, void @empty_25" [C:/va/z702/hdmi/hdmi.runs/design_1_v_tpg_0_0_synth_1/prj/sol/.autopilot/db/v_tpg.cpp:2279->C:/va/z702/hdmi/hdmi.runs/design_1_v_tpg_0_0_synth_1/prj/sol/.autopilot/db/v_tpg.cpp:386]   --->   Operation 58 'specpipeline' 'specpipeline_ln2279' <Predicate = true> <Delay = 0.00>
ST_4 : Operation 59 [1/1] (0.00ns)   --->   "%specloopname_ln2275 = specloopname void @_ssdm_op_SpecLoopName, void @empty_9" [C:/va/z702/hdmi/hdmi.runs/design_1_v_tpg_0_0_synth_1/prj/sol/.autopilot/db/v_tpg.cpp:2275->C:/va/z702/hdmi/hdmi.runs/design_1_v_tpg_0_0_synth_1/prj/sol/.autopilot/db/v_tpg.cpp:386]   --->   Operation 59 'specloopname' 'specloopname_ln2275' <Predicate = true> <Delay = 0.00>
ST_4 : Operation 60 [1/2] (3.25ns)   --->   "%LineBufVal = load i12 %linebuf_y_addr" [C:/va/z702/hdmi/hdmi.runs/design_1_v_tpg_0_0_synth_1/prj/sol/.autopilot/db/v_tpg.cpp:2301->C:/va/z702/hdmi/hdmi.runs/design_1_v_tpg_0_0_synth_1/prj/sol/.autopilot/db/v_tpg.cpp:386]   --->   Operation 60 'load' 'LineBufVal' <Predicate = (!p_read_1)> <Delay = 3.25> <CoreInst = "RAM">   --->   Core 82 'RAM' <Latency = 1> <II = 1> <Delay = 3.25> <Storage> <Opcode : 'load' 'store'> <Ports = 2> <Width = 8> <Depth = 4096> <RAM>
ST_4 : Operation 61 [1/1] (0.00ns)   --->   "%linebuf_c_1_addr_1 = getelementptr i8 %linebuf_c_1, i64 0, i64 %zext_ln2275" [C:/va/z702/hdmi/hdmi.runs/design_1_v_tpg_0_0_synth_1/prj/sol/.autopilot/db/v_tpg.cpp:2396->C:/va/z702/hdmi/hdmi.runs/design_1_v_tpg_0_0_synth_1/prj/sol/.autopilot/db/v_tpg.cpp:386]   --->   Operation 61 'getelementptr' 'linebuf_c_1_addr_1' <Predicate = true> <Delay = 0.00>
ST_4 : Operation 62 [1/1] (3.25ns)   --->   "%store_ln2396 = store i8 %PixBufVal, i12 %linebuf_c_1_addr_1" [C:/va/z702/hdmi/hdmi.runs/design_1_v_tpg_0_0_synth_1/prj/sol/.autopilot/db/v_tpg.cpp:2396->C:/va/z702/hdmi/hdmi.runs/design_1_v_tpg_0_0_synth_1/prj/sol/.autopilot/db/v_tpg.cpp:386]   --->   Operation 62 'store' 'store_ln2396' <Predicate = true> <Delay = 3.25> <CoreInst = "RAM">   --->   Core 82 'RAM' <Latency = 1> <II = 1> <Delay = 3.25> <Storage> <Opcode : 'load' 'store'> <Ports = 2> <Width = 8> <Depth = 4096> <RAM>
ST_4 : Operation 63 [1/1] (0.00ns)   --->   "%shl_ln = bitconcatenate i9 @_ssdm_op_BitConcatenate.i9.i8.i1, i8 %LineBufVal_1, i1 0" [C:/va/z702/hdmi/hdmi.runs/design_1_v_tpg_0_0_synth_1/prj/sol/.autopilot/db/v_tpg.cpp:2416->C:/va/z702/hdmi/hdmi.runs/design_1_v_tpg_0_0_synth_1/prj/sol/.autopilot/db/v_tpg.cpp:386]   --->   Operation 63 'bitconcatenate' 'shl_ln' <Predicate = (!p_read_1 & !tmp_1)> <Delay = 0.00>
ST_4 : Operation 64 [1/1] (0.00ns)   --->   "%zext_ln2416 = zext i8 %LineBufVal_2" [C:/va/z702/hdmi/hdmi.runs/design_1_v_tpg_0_0_synth_1/prj/sol/.autopilot/db/v_tpg.cpp:2416->C:/va/z702/hdmi/hdmi.runs/design_1_v_tpg_0_0_synth_1/prj/sol/.autopilot/db/v_tpg.cpp:386]   --->   Operation 64 'zext' 'zext_ln2416' <Predicate = (!p_read_1 & !tmp_1)> <Delay = 0.00>
ST_4 : Operation 65 [1/1] (0.00ns)   --->   "%zext_ln2416_1 = zext i9 %shl_ln" [C:/va/z702/hdmi/hdmi.runs/design_1_v_tpg_0_0_synth_1/prj/sol/.autopilot/db/v_tpg.cpp:2416->C:/va/z702/hdmi/hdmi.runs/design_1_v_tpg_0_0_synth_1/prj/sol/.autopilot/db/v_tpg.cpp:386]   --->   Operation 65 'zext' 'zext_ln2416_1' <Predicate = (!p_read_1 & !tmp_1)> <Delay = 0.00>
ST_4 : Operation 66 [1/1] (0.00ns) (grouped into TernaryAdder)   --->   "%add_ln2416 = add i10 %zext_ln2416_1, i10 %zext_ln2416" [C:/va/z702/hdmi/hdmi.runs/design_1_v_tpg_0_0_synth_1/prj/sol/.autopilot/db/v_tpg.cpp:2416->C:/va/z702/hdmi/hdmi.runs/design_1_v_tpg_0_0_synth_1/prj/sol/.autopilot/db/v_tpg.cpp:386]   --->   Operation 66 'add' 'add_ln2416' <Predicate = (!p_read_1 & !tmp_1)> <Delay = 0.00> <CoreInst = "TAddSub">   --->   Core 10 'TAddSub' <Latency = 0> <II = 1> <Delay = 1.86> <IPBlock> <Opcode : '' 'add' 'sub'> <InPorts = 3> <OutPorts = 1> <Sync> <CReg>
ST_4 : Operation 67 [1/1] (0.00ns)   --->   "%zext_ln2416_3 = zext i9 %add_ln2416_1" [C:/va/z702/hdmi/hdmi.runs/design_1_v_tpg_0_0_synth_1/prj/sol/.autopilot/db/v_tpg.cpp:2416->C:/va/z702/hdmi/hdmi.runs/design_1_v_tpg_0_0_synth_1/prj/sol/.autopilot/db/v_tpg.cpp:386]   --->   Operation 67 'zext' 'zext_ln2416_3' <Predicate = (!p_read_1 & !tmp_1)> <Delay = 0.00>
ST_4 : Operation 68 [1/1] (3.72ns) (root node of TernaryAdder)   --->   "%add_ln2416_2 = add i10 %zext_ln2416_3, i10 %add_ln2416" [C:/va/z702/hdmi/hdmi.runs/design_1_v_tpg_0_0_synth_1/prj/sol/.autopilot/db/v_tpg.cpp:2416->C:/va/z702/hdmi/hdmi.runs/design_1_v_tpg_0_0_synth_1/prj/sol/.autopilot/db/v_tpg.cpp:386]   --->   Operation 68 'add' 'add_ln2416_2' <Predicate = (!p_read_1 & !tmp_1)> <Delay = 3.72> <CoreInst = "TAddSub">   --->   Core 10 'TAddSub' <Latency = 0> <II = 1> <Delay = 1.86> <IPBlock> <Opcode : '' 'add' 'sub'> <InPorts = 3> <OutPorts = 1> <Sync> <CReg>
ST_4 : Operation 69 [1/1] (0.00ns)   --->   "%trunc_ln = partselect i8 @_ssdm_op_PartSelect.i8.i10.i32.i32, i10 %add_ln2416_2, i32 2, i32 9" [C:/va/z702/hdmi/hdmi.runs/design_1_v_tpg_0_0_synth_1/prj/sol/.autopilot/db/v_tpg.cpp:2416->C:/va/z702/hdmi/hdmi.runs/design_1_v_tpg_0_0_synth_1/prj/sol/.autopilot/db/v_tpg.cpp:386]   --->   Operation 69 'partselect' 'trunc_ln' <Predicate = (!p_read_1 & !tmp_1)> <Delay = 0.00>
ST_4 : Operation 70 [1/1] (0.00ns)   --->   "%pix_0_0_0_0_0_load = load i8 %pix_0_0_0_0_0_load484_i_out" [C:/va/z702/hdmi/hdmi.runs/design_1_v_tpg_0_0_synth_1/prj/sol/.autopilot/db/v_tpg.cpp:2444->C:/va/z702/hdmi/hdmi.runs/design_1_v_tpg_0_0_synth_1/prj/sol/.autopilot/db/v_tpg.cpp:386]   --->   Operation 70 'load' 'pix_0_0_0_0_0_load' <Predicate = (!tmp & p_read_1)> <Delay = 0.00>
ST_4 : Operation 71 [1/1] (0.00ns)   --->   "%pix_0_1_0_0_0_load = load i8 %pix_0_1_0_0_0_load486_i_out" [C:/va/z702/hdmi/hdmi.runs/design_1_v_tpg_0_0_synth_1/prj/sol/.autopilot/db/v_tpg.cpp:2444->C:/va/z702/hdmi/hdmi.runs/design_1_v_tpg_0_0_synth_1/prj/sol/.autopilot/db/v_tpg.cpp:386]   --->   Operation 71 'load' 'pix_0_1_0_0_0_load' <Predicate = (!tmp & p_read_1)> <Delay = 0.00>
ST_4 : Operation 72 [1/1] (0.00ns)   --->   "%pix_0_2_0_0_0_load = load i8 %pix_0_2_0_0_0_load488_i_out" [C:/va/z702/hdmi/hdmi.runs/design_1_v_tpg_0_0_synth_1/prj/sol/.autopilot/db/v_tpg.cpp:2444->C:/va/z702/hdmi/hdmi.runs/design_1_v_tpg_0_0_synth_1/prj/sol/.autopilot/db/v_tpg.cpp:386]   --->   Operation 72 'load' 'pix_0_2_0_0_0_load' <Predicate = (!tmp & p_read_1)> <Delay = 0.00>
ST_4 : Operation 80 [1/1] (0.00ns)   --->   "%ret_ln0 = ret"   --->   Operation 80 'ret' 'ret_ln0' <Predicate = (!icmp_ln2275)> <Delay = 0.00>

State 5 <SV = 4> <Delay = 4.39>
ST_5 : Operation 73 [1/1] (1.24ns)   --->   "%empty_74 = select i1 %tmp_1, i8 0, i8 %trunc_ln" [C:/va/z702/hdmi/hdmi.runs/design_1_v_tpg_0_0_synth_1/prj/sol/.autopilot/db/v_tpg.cpp:2416->C:/va/z702/hdmi/hdmi.runs/design_1_v_tpg_0_0_synth_1/prj/sol/.autopilot/db/v_tpg.cpp:386]   --->   Operation 73 'select' 'empty_74' <Predicate = (!p_read_1)> <Delay = 1.24> <CoreInst = "Sel">   --->   Core 73 'Sel' <Latency = 0> <II = 1> <Delay = 1.24> <FuncUnit> <Opcode : 'select'> <InPorts = 3> <OutPorts = 1>
ST_5 : Operation 74 [1/1] (0.00ns)   --->   "%or_ln2444_1_i = bitconcatenate i24 @_ssdm_op_BitConcatenate.i24.i8.i8.i8, i8 %pix_0_2_0_0_0_load, i8 %pix_0_1_0_0_0_load, i8 %pix_0_0_0_0_0_load" [C:/va/z702/hdmi/hdmi.runs/design_1_v_tpg_0_0_synth_1/prj/sol/.autopilot/db/v_tpg.cpp:2444->C:/va/z702/hdmi/hdmi.runs/design_1_v_tpg_0_0_synth_1/prj/sol/.autopilot/db/v_tpg.cpp:386]   --->   Operation 74 'bitconcatenate' 'or_ln2444_1_i' <Predicate = (!tmp & p_read_1)> <Delay = 0.00>
ST_5 : Operation 75 [1/1] (0.00ns)   --->   "%tmp_i = bitconcatenate i16 @_ssdm_op_BitConcatenate.i16.i8.i8, i8 %empty_74, i8 %LineBufVal" [C:/va/z702/hdmi/hdmi.runs/design_1_v_tpg_0_0_synth_1/prj/sol/.autopilot/db/v_tpg.cpp:2444->C:/va/z702/hdmi/hdmi.runs/design_1_v_tpg_0_0_synth_1/prj/sol/.autopilot/db/v_tpg.cpp:386]   --->   Operation 75 'bitconcatenate' 'tmp_i' <Predicate = (!tmp & !p_read_1)> <Delay = 0.00>
ST_5 : Operation 76 [1/1] (0.00ns)   --->   "%zext_ln2444 = zext i16 %tmp_i" [C:/va/z702/hdmi/hdmi.runs/design_1_v_tpg_0_0_synth_1/prj/sol/.autopilot/db/v_tpg.cpp:2444->C:/va/z702/hdmi/hdmi.runs/design_1_v_tpg_0_0_synth_1/prj/sol/.autopilot/db/v_tpg.cpp:386]   --->   Operation 76 'zext' 'zext_ln2444' <Predicate = (!tmp & !p_read_1)> <Delay = 0.00>
ST_5 : Operation 77 [1/1] (0.69ns)   --->   "%p_0 = select i1 %p_read_1, i24 %or_ln2444_1_i, i24 %zext_ln2444" [C:/va/z702/hdmi/hdmi.runs/design_1_v_tpg_0_0_synth_1/prj/sol/.autopilot/db/v_tpg.cpp:2444->C:/va/z702/hdmi/hdmi.runs/design_1_v_tpg_0_0_synth_1/prj/sol/.autopilot/db/v_tpg.cpp:386]   --->   Operation 77 'select' 'p_0' <Predicate = (!tmp)> <Delay = 0.69> <CoreInst = "Sel">   --->   Core 73 'Sel' <Latency = 0> <II = 1> <Delay = 0.69> <FuncUnit> <Opcode : 'select'> <InPorts = 3> <OutPorts = 1>
ST_5 : Operation 78 [1/1] (2.45ns)   --->   "%write_ln2444 = write void @_ssdm_op_Write.ap_fifo.volatile.i24P0A, i24 %stream_out_vresampled, i24 %p_0" [C:/va/z702/hdmi/hdmi.runs/design_1_v_tpg_0_0_synth_1/prj/sol/.autopilot/db/v_tpg.cpp:2444->C:/va/z702/hdmi/hdmi.runs/design_1_v_tpg_0_0_synth_1/prj/sol/.autopilot/db/v_tpg.cpp:386]   --->   Operation 78 'write' 'write_ln2444' <Predicate = (!tmp)> <Delay = 2.45> <CoreInst = "FIFO_SRL">   --->   Core 81 'FIFO_SRL' <Latency = 0> <II = 1> <Delay = 3.63> <Storage> <Opcode : 'read' 'write' 'nbread' 'nbwrite'> <Ports = 0> <Width = 24> <Depth = 2> <FIFO>
ST_5 : Operation 79 [1/1] (0.00ns)   --->   "%br_ln2445 = br void %for.inc410.i" [C:/va/z702/hdmi/hdmi.runs/design_1_v_tpg_0_0_synth_1/prj/sol/.autopilot/db/v_tpg.cpp:2445->C:/va/z702/hdmi/hdmi.runs/design_1_v_tpg_0_0_synth_1/prj/sol/.autopilot/db/v_tpg.cpp:386]   --->   Operation 79 'br' 'br_ln2445' <Predicate = (!tmp)> <Delay = 0.00>


============================================================
+ Verbose Summary: Timing violations
============================================================
Target clock period: 6.734ns, clock uncertainty: 1.818ns.

 <State 1>: 5.253ns
The critical path consists of the following:
	'store' operation 0 bit ('store_ln2236', C:/va/z702/hdmi/hdmi.runs/design_1_v_tpg_0_0_synth_1/prj/sol/.autopilot/db/v_tpg.cpp:2236->C:/va/z702/hdmi/hdmi.runs/design_1_v_tpg_0_0_synth_1/prj/sol/.autopilot/db/v_tpg.cpp:386) of constant 0 on local variable 'out_x', C:/va/z702/hdmi/hdmi.runs/design_1_v_tpg_0_0_synth_1/prj/sol/.autopilot/db/v_tpg.cpp:2236->C:/va/z702/hdmi/hdmi.runs/design_1_v_tpg_0_0_synth_1/prj/sol/.autopilot/db/v_tpg.cpp:386 [26]  (1.588 ns)
	'load' operation 15 bit ('x') on local variable 'out_x', C:/va/z702/hdmi/hdmi.runs/design_1_v_tpg_0_0_synth_1/prj/sol/.autopilot/db/v_tpg.cpp:2236->C:/va/z702/hdmi/hdmi.runs/design_1_v_tpg_0_0_synth_1/prj/sol/.autopilot/db/v_tpg.cpp:386 [29]  (0.000 ns)
	'icmp' operation 1 bit ('icmp_ln2275', C:/va/z702/hdmi/hdmi.runs/design_1_v_tpg_0_0_synth_1/prj/sol/.autopilot/db/v_tpg.cpp:2275->C:/va/z702/hdmi/hdmi.runs/design_1_v_tpg_0_0_synth_1/prj/sol/.autopilot/db/v_tpg.cpp:386) [31]  (2.077 ns)
	'store' operation 0 bit ('store_ln2236', C:/va/z702/hdmi/hdmi.runs/design_1_v_tpg_0_0_synth_1/prj/sol/.autopilot/db/v_tpg.cpp:2236->C:/va/z702/hdmi/hdmi.runs/design_1_v_tpg_0_0_synth_1/prj/sol/.autopilot/db/v_tpg.cpp:386) of variable 'add_ln2275', C:/va/z702/hdmi/hdmi.runs/design_1_v_tpg_0_0_synth_1/prj/sol/.autopilot/db/v_tpg.cpp:2275->C:/va/z702/hdmi/hdmi.runs/design_1_v_tpg_0_0_synth_1/prj/sol/.autopilot/db/v_tpg.cpp:386 on local variable 'out_x', C:/va/z702/hdmi/hdmi.runs/design_1_v_tpg_0_0_synth_1/prj/sol/.autopilot/db/v_tpg.cpp:2236->C:/va/z702/hdmi/hdmi.runs/design_1_v_tpg_0_0_synth_1/prj/sol/.autopilot/db/v_tpg.cpp:386 [90]  (1.588 ns)

 <State 2>: 3.254ns
The critical path consists of the following:
	'load' operation 8 bit ('LineBufVal', C:/va/z702/hdmi/hdmi.runs/design_1_v_tpg_0_0_synth_1/prj/sol/.autopilot/db/v_tpg.cpp:2338->C:/va/z702/hdmi/hdmi.runs/design_1_v_tpg_0_0_synth_1/prj/sol/.autopilot/db/v_tpg.cpp:386) on array 'linebuf_c' [45]  (3.254 ns)

 <State 3>: 3.254ns
The critical path consists of the following:
	'store' operation 0 bit ('store_ln812', c:/va/z702/hdmi/hdmi.gen/sources_1/bd/design_1/ip/design_1_v_tpg_0_0/src/hls/hls_video_mem.h:812->c:/va/z702/hdmi/hdmi.gen/sources_1/bd/design_1/ip/design_1_v_tpg_0_0/src/hls/hls_video_mem.h:888->C:/va/z702/hdmi/hdmi.runs/design_1_v_tpg_0_0_synth_1/prj/sol/.autopilot/db/v_tpg.cpp:2384->C:/va/z702/hdmi/hdmi.runs/design_1_v_tpg_0_0_synth_1/prj/sol/.autopilot/db/v_tpg.cpp:386) of variable 'trunc_ln2287_2', C:/va/z702/hdmi/hdmi.runs/design_1_v_tpg_0_0_synth_1/prj/sol/.autopilot/db/v_tpg.cpp:2287->C:/va/z702/hdmi/hdmi.runs/design_1_v_tpg_0_0_synth_1/prj/sol/.autopilot/db/v_tpg.cpp:386 on array 'linebuf_c' [53]  (3.254 ns)

 <State 4>: 3.728ns
The critical path consists of the following:
	'add' operation 10 bit ('add_ln2416', C:/va/z702/hdmi/hdmi.runs/design_1_v_tpg_0_0_synth_1/prj/sol/.autopilot/db/v_tpg.cpp:2416->C:/va/z702/hdmi/hdmi.runs/design_1_v_tpg_0_0_synth_1/prj/sol/.autopilot/db/v_tpg.cpp:386) [72]  (0.000 ns)
	'add' operation 10 bit ('add_ln2416_2', C:/va/z702/hdmi/hdmi.runs/design_1_v_tpg_0_0_synth_1/prj/sol/.autopilot/db/v_tpg.cpp:2416->C:/va/z702/hdmi/hdmi.runs/design_1_v_tpg_0_0_synth_1/prj/sol/.autopilot/db/v_tpg.cpp:386) [75]  (3.728 ns)

 <State 5>: 4.400ns
The critical path consists of the following:
	'select' operation 8 bit ('empty_74', C:/va/z702/hdmi/hdmi.runs/design_1_v_tpg_0_0_synth_1/prj/sol/.autopilot/db/v_tpg.cpp:2416->C:/va/z702/hdmi/hdmi.runs/design_1_v_tpg_0_0_synth_1/prj/sol/.autopilot/db/v_tpg.cpp:386) [77]  (1.248 ns)
	'select' operation 24 bit ('p_0', C:/va/z702/hdmi/hdmi.runs/design_1_v_tpg_0_0_synth_1/prj/sol/.autopilot/db/v_tpg.cpp:2444->C:/va/z702/hdmi/hdmi.runs/design_1_v_tpg_0_0_synth_1/prj/sol/.autopilot/db/v_tpg.cpp:386) [86]  (0.694 ns)
	fifo write operation ('write_ln2444', C:/va/z702/hdmi/hdmi.runs/design_1_v_tpg_0_0_synth_1/prj/sol/.autopilot/db/v_tpg.cpp:2444->C:/va/z702/hdmi/hdmi.runs/design_1_v_tpg_0_0_synth_1/prj/sol/.autopilot/db/v_tpg.cpp:386) on port 'stream_out_vresampled' (C:/va/z702/hdmi/hdmi.runs/design_1_v_tpg_0_0_synth_1/prj/sol/.autopilot/db/v_tpg.cpp:2444->C:/va/z702/hdmi/hdmi.runs/design_1_v_tpg_0_0_synth_1/prj/sol/.autopilot/db/v_tpg.cpp:386) [87]  (2.458 ns)


============================================================
+ Verbose Summary: Binding
============================================================
N/A
* FSMD analyzer results:
  - Output states:
 - Input state : 
  - Chain level:
	State 1
	State 2
	State 3
	State 4
	State 5


============================================================
+ Verbose Summary: Datapath Resource usage 
============================================================
N/A
