Copyright 1986-2022 Xilinx, Inc. All Rights Reserved. Copyright 2022-2023 Advanced Micro Devices, Inc. All Rights Reserved.
-----------------------------------------------------------------------------------------------------------------------------------------------------------------------------------------------------------------------
| Tool Version : Vivado v.2023.2 (win64) Build 4029153 Fri Oct 13 20:14:34 MDT 2023
| Date         : Thu Mar 28 12:13:39 2024
| Host         : DESKTOP-DRFI9SU running 64-bit major release  (build 9200)
| Command      : report_methodology -file example_ibert_7series_gtx_0_methodology_drc_routed.rpt -pb example_ibert_7series_gtx_0_methodology_drc_routed.pb -rpx example_ibert_7series_gtx_0_methodology_drc_routed.rpx
| Design       : example_ibert_7series_gtx_0
| Device       : xc7vx485tffg1761-2
| Speed File   : -2
| Design State : Fully Routed
-----------------------------------------------------------------------------------------------------------------------------------------------------------------------------------------------------------------------

Report Methodology

Table of Contents
-----------------
1. REPORT SUMMARY
2. REPORT DETAILS

1. REPORT SUMMARY
-----------------
            Netlist: netlist
          Floorplan: design_1
      Design limits: <entire design considered>
             Max violations: <unlimited>
             Violations found: 35
+-----------+------------------+------------------------------+------------+
| Rule      | Severity         | Description                  | Violations |
+-----------+------------------+------------------------------+------------+
| TIMING-17 | Critical Warning | Non-clocked sequential cell  | 1          |
| LUTAR-1   | Warning          | LUT drives async reset alert | 33         |
| TIMING-9  | Warning          | Unknown CDC Logic            | 1          |
+-----------+------------------+------------------------------+------------+

2. REPORT DETAILS
-----------------
TIMING-17#1 Critical Warning
Non-clocked sequential cell  
The clock pin u_ibert_core/inst/U_ICON/iDATA_CMD_reg/C is not reached by a timing clock
Related violations: <none>

LUTAR-1#1 Warning
LUT drives async reset alert  
LUT cell u_ibert_core/inst/QUAD[0].u_q/CH[0].u_ch/U_PATTERN_HANDLER/forward_inferred_i_1, with 2 or more inputs, drives asynchronous preset/clear pin(s) u_ibert_core/inst/QUAD[0].u_q/CH[0].u_ch/U_PATTERN_HANDLER/u_lev/out_i_reg[0]/PRE
u_ibert_core/inst/QUAD[0].u_q/CH[0].u_ch/U_PATTERN_HANDLER/u_lev/out_i_reg[1]/PRE. The LUT may glitch and trigger an unexpected reset, even if it is a properly timed path.
Related violations: <none>

LUTAR-1#2 Warning
LUT drives async reset alert  
LUT cell u_ibert_core/inst/QUAD[0].u_q/CH[1].u_ch/U_PATTERN_HANDLER/forward_inferred_i_1, with 2 or more inputs, drives asynchronous preset/clear pin(s) u_ibert_core/inst/QUAD[0].u_q/CH[1].u_ch/U_PATTERN_HANDLER/u_lev/out_i_reg[0]/PRE
u_ibert_core/inst/QUAD[0].u_q/CH[1].u_ch/U_PATTERN_HANDLER/u_lev/out_i_reg[1]/PRE. The LUT may glitch and trigger an unexpected reset, even if it is a properly timed path.
Related violations: <none>

LUTAR-1#3 Warning
LUT drives async reset alert  
LUT cell u_ibert_core/inst/QUAD[0].u_q/CH[2].u_ch/U_PATTERN_HANDLER/forward_inferred_i_1, with 2 or more inputs, drives asynchronous preset/clear pin(s) u_ibert_core/inst/QUAD[0].u_q/CH[2].u_ch/U_PATTERN_HANDLER/u_lev/out_i_reg[0]/PRE
u_ibert_core/inst/QUAD[0].u_q/CH[2].u_ch/U_PATTERN_HANDLER/u_lev/out_i_reg[1]/PRE. The LUT may glitch and trigger an unexpected reset, even if it is a properly timed path.
Related violations: <none>

LUTAR-1#4 Warning
LUT drives async reset alert  
LUT cell u_ibert_core/inst/QUAD[0].u_q/CH[3].u_ch/U_PATTERN_HANDLER/forward_inferred_i_1, with 2 or more inputs, drives asynchronous preset/clear pin(s) u_ibert_core/inst/QUAD[0].u_q/CH[3].u_ch/U_PATTERN_HANDLER/u_lev/out_i_reg[0]/PRE
u_ibert_core/inst/QUAD[0].u_q/CH[3].u_ch/U_PATTERN_HANDLER/u_lev/out_i_reg[1]/PRE. The LUT may glitch and trigger an unexpected reset, even if it is a properly timed path.
Related violations: <none>

LUTAR-1#5 Warning
LUT drives async reset alert  
LUT cell u_ibert_core/inst/QUAD[1].u_q/CH[0].u_ch/U_PATTERN_HANDLER/forward_inferred_i_1, with 2 or more inputs, drives asynchronous preset/clear pin(s) u_ibert_core/inst/QUAD[1].u_q/CH[0].u_ch/U_PATTERN_HANDLER/u_lev/out_i_reg[0]/PRE
u_ibert_core/inst/QUAD[1].u_q/CH[0].u_ch/U_PATTERN_HANDLER/u_lev/out_i_reg[1]/PRE. The LUT may glitch and trigger an unexpected reset, even if it is a properly timed path.
Related violations: <none>

LUTAR-1#6 Warning
LUT drives async reset alert  
LUT cell u_ibert_core/inst/QUAD[1].u_q/CH[1].u_ch/U_PATTERN_HANDLER/forward_inferred_i_1, with 2 or more inputs, drives asynchronous preset/clear pin(s) u_ibert_core/inst/QUAD[1].u_q/CH[1].u_ch/U_PATTERN_HANDLER/u_lev/out_i_reg[0]/PRE
u_ibert_core/inst/QUAD[1].u_q/CH[1].u_ch/U_PATTERN_HANDLER/u_lev/out_i_reg[1]/PRE. The LUT may glitch and trigger an unexpected reset, even if it is a properly timed path.
Related violations: <none>

LUTAR-1#7 Warning
LUT drives async reset alert  
LUT cell u_ibert_core/inst/QUAD[1].u_q/CH[2].u_ch/U_PATTERN_HANDLER/forward_inferred_i_1, with 2 or more inputs, drives asynchronous preset/clear pin(s) u_ibert_core/inst/QUAD[1].u_q/CH[2].u_ch/U_PATTERN_HANDLER/u_lev/out_i_reg[0]/PRE
u_ibert_core/inst/QUAD[1].u_q/CH[2].u_ch/U_PATTERN_HANDLER/u_lev/out_i_reg[1]/PRE. The LUT may glitch and trigger an unexpected reset, even if it is a properly timed path.
Related violations: <none>

LUTAR-1#8 Warning
LUT drives async reset alert  
LUT cell u_ibert_core/inst/QUAD[1].u_q/CH[3].u_ch/U_PATTERN_HANDLER/forward_inferred_i_1, with 2 or more inputs, drives asynchronous preset/clear pin(s) u_ibert_core/inst/QUAD[1].u_q/CH[3].u_ch/U_PATTERN_HANDLER/u_lev/out_i_reg[0]/PRE
u_ibert_core/inst/QUAD[1].u_q/CH[3].u_ch/U_PATTERN_HANDLER/u_lev/out_i_reg[1]/PRE. The LUT may glitch and trigger an unexpected reset, even if it is a properly timed path.
Related violations: <none>

LUTAR-1#9 Warning
LUT drives async reset alert  
LUT cell u_ibert_core/inst/QUAD[2].u_q/CH[0].u_ch/U_PATTERN_HANDLER/forward_inferred_i_1, with 2 or more inputs, drives asynchronous preset/clear pin(s) u_ibert_core/inst/QUAD[2].u_q/CH[0].u_ch/U_PATTERN_HANDLER/u_lev/out_i_reg[0]/PRE
u_ibert_core/inst/QUAD[2].u_q/CH[0].u_ch/U_PATTERN_HANDLER/u_lev/out_i_reg[1]/PRE. The LUT may glitch and trigger an unexpected reset, even if it is a properly timed path.
Related violations: <none>

LUTAR-1#10 Warning
LUT drives async reset alert  
LUT cell u_ibert_core/inst/QUAD[2].u_q/CH[1].u_ch/U_PATTERN_HANDLER/forward_inferred_i_1, with 2 or more inputs, drives asynchronous preset/clear pin(s) u_ibert_core/inst/QUAD[2].u_q/CH[1].u_ch/U_PATTERN_HANDLER/u_lev/out_i_reg[0]/PRE
u_ibert_core/inst/QUAD[2].u_q/CH[1].u_ch/U_PATTERN_HANDLER/u_lev/out_i_reg[1]/PRE. The LUT may glitch and trigger an unexpected reset, even if it is a properly timed path.
Related violations: <none>

LUTAR-1#11 Warning
LUT drives async reset alert  
LUT cell u_ibert_core/inst/QUAD[2].u_q/CH[2].u_ch/U_PATTERN_HANDLER/forward_inferred_i_1, with 2 or more inputs, drives asynchronous preset/clear pin(s) u_ibert_core/inst/QUAD[2].u_q/CH[2].u_ch/U_PATTERN_HANDLER/u_lev/out_i_reg[0]/PRE
u_ibert_core/inst/QUAD[2].u_q/CH[2].u_ch/U_PATTERN_HANDLER/u_lev/out_i_reg[1]/PRE. The LUT may glitch and trigger an unexpected reset, even if it is a properly timed path.
Related violations: <none>

LUTAR-1#12 Warning
LUT drives async reset alert  
LUT cell u_ibert_core/inst/QUAD[2].u_q/CH[3].u_ch/U_PATTERN_HANDLER/forward_inferred_i_1, with 2 or more inputs, drives asynchronous preset/clear pin(s) u_ibert_core/inst/QUAD[2].u_q/CH[3].u_ch/U_PATTERN_HANDLER/u_lev/out_i_reg[0]/PRE
u_ibert_core/inst/QUAD[2].u_q/CH[3].u_ch/U_PATTERN_HANDLER/u_lev/out_i_reg[1]/PRE. The LUT may glitch and trigger an unexpected reset, even if it is a properly timed path.
Related violations: <none>

LUTAR-1#13 Warning
LUT drives async reset alert  
LUT cell u_ibert_core/inst/QUAD[3].u_q/CH[0].u_ch/U_PATTERN_HANDLER/forward_inferred_i_1, with 2 or more inputs, drives asynchronous preset/clear pin(s) u_ibert_core/inst/QUAD[3].u_q/CH[0].u_ch/U_PATTERN_HANDLER/u_lev/out_i_reg[0]/PRE
u_ibert_core/inst/QUAD[3].u_q/CH[0].u_ch/U_PATTERN_HANDLER/u_lev/out_i_reg[1]/PRE. The LUT may glitch and trigger an unexpected reset, even if it is a properly timed path.
Related violations: <none>

LUTAR-1#14 Warning
LUT drives async reset alert  
LUT cell u_ibert_core/inst/QUAD[3].u_q/CH[1].u_ch/U_PATTERN_HANDLER/forward_inferred_i_1, with 2 or more inputs, drives asynchronous preset/clear pin(s) u_ibert_core/inst/QUAD[3].u_q/CH[1].u_ch/U_PATTERN_HANDLER/u_lev/out_i_reg[0]/PRE
u_ibert_core/inst/QUAD[3].u_q/CH[1].u_ch/U_PATTERN_HANDLER/u_lev/out_i_reg[1]/PRE. The LUT may glitch and trigger an unexpected reset, even if it is a properly timed path.
Related violations: <none>

LUTAR-1#15 Warning
LUT drives async reset alert  
LUT cell u_ibert_core/inst/QUAD[3].u_q/CH[2].u_ch/U_PATTERN_HANDLER/forward_inferred_i_1, with 2 or more inputs, drives asynchronous preset/clear pin(s) u_ibert_core/inst/QUAD[3].u_q/CH[2].u_ch/U_PATTERN_HANDLER/u_lev/out_i_reg[0]/PRE
u_ibert_core/inst/QUAD[3].u_q/CH[2].u_ch/U_PATTERN_HANDLER/u_lev/out_i_reg[1]/PRE. The LUT may glitch and trigger an unexpected reset, even if it is a properly timed path.
Related violations: <none>

LUTAR-1#16 Warning
LUT drives async reset alert  
LUT cell u_ibert_core/inst/QUAD[3].u_q/CH[3].u_ch/U_PATTERN_HANDLER/forward_inferred_i_1, with 2 or more inputs, drives asynchronous preset/clear pin(s) u_ibert_core/inst/QUAD[3].u_q/CH[3].u_ch/U_PATTERN_HANDLER/u_lev/out_i_reg[0]/PRE
u_ibert_core/inst/QUAD[3].u_q/CH[3].u_ch/U_PATTERN_HANDLER/u_lev/out_i_reg[1]/PRE. The LUT may glitch and trigger an unexpected reset, even if it is a properly timed path.
Related violations: <none>

LUTAR-1#17 Warning
LUT drives async reset alert  
LUT cell u_ibert_core/inst/QUAD[4].u_q/CH[0].u_ch/U_PATTERN_HANDLER/forward_inferred_i_1, with 2 or more inputs, drives asynchronous preset/clear pin(s) u_ibert_core/inst/QUAD[4].u_q/CH[0].u_ch/U_PATTERN_HANDLER/u_lev/out_i_reg[0]/PRE
u_ibert_core/inst/QUAD[4].u_q/CH[0].u_ch/U_PATTERN_HANDLER/u_lev/out_i_reg[1]/PRE. The LUT may glitch and trigger an unexpected reset, even if it is a properly timed path.
Related violations: <none>

LUTAR-1#18 Warning
LUT drives async reset alert  
LUT cell u_ibert_core/inst/QUAD[4].u_q/CH[1].u_ch/U_PATTERN_HANDLER/forward_inferred_i_1, with 2 or more inputs, drives asynchronous preset/clear pin(s) u_ibert_core/inst/QUAD[4].u_q/CH[1].u_ch/U_PATTERN_HANDLER/u_lev/out_i_reg[0]/PRE
u_ibert_core/inst/QUAD[4].u_q/CH[1].u_ch/U_PATTERN_HANDLER/u_lev/out_i_reg[1]/PRE. The LUT may glitch and trigger an unexpected reset, even if it is a properly timed path.
Related violations: <none>

LUTAR-1#19 Warning
LUT drives async reset alert  
LUT cell u_ibert_core/inst/QUAD[4].u_q/CH[2].u_ch/U_PATTERN_HANDLER/forward_inferred_i_1, with 2 or more inputs, drives asynchronous preset/clear pin(s) u_ibert_core/inst/QUAD[4].u_q/CH[2].u_ch/U_PATTERN_HANDLER/u_lev/out_i_reg[0]/PRE
u_ibert_core/inst/QUAD[4].u_q/CH[2].u_ch/U_PATTERN_HANDLER/u_lev/out_i_reg[1]/PRE. The LUT may glitch and trigger an unexpected reset, even if it is a properly timed path.
Related violations: <none>

LUTAR-1#20 Warning
LUT drives async reset alert  
LUT cell u_ibert_core/inst/QUAD[4].u_q/CH[3].u_ch/U_PATTERN_HANDLER/forward_inferred_i_1, with 2 or more inputs, drives asynchronous preset/clear pin(s) u_ibert_core/inst/QUAD[4].u_q/CH[3].u_ch/U_PATTERN_HANDLER/u_lev/out_i_reg[0]/PRE
u_ibert_core/inst/QUAD[4].u_q/CH[3].u_ch/U_PATTERN_HANDLER/u_lev/out_i_reg[1]/PRE. The LUT may glitch and trigger an unexpected reset, even if it is a properly timed path.
Related violations: <none>

LUTAR-1#21 Warning
LUT drives async reset alert  
LUT cell u_ibert_core/inst/QUAD[5].u_q/CH[0].u_ch/U_PATTERN_HANDLER/forward_inferred_i_1, with 2 or more inputs, drives asynchronous preset/clear pin(s) u_ibert_core/inst/QUAD[5].u_q/CH[0].u_ch/U_PATTERN_HANDLER/u_lev/out_i_reg[0]/PRE
u_ibert_core/inst/QUAD[5].u_q/CH[0].u_ch/U_PATTERN_HANDLER/u_lev/out_i_reg[1]/PRE. The LUT may glitch and trigger an unexpected reset, even if it is a properly timed path.
Related violations: <none>

LUTAR-1#22 Warning
LUT drives async reset alert  
LUT cell u_ibert_core/inst/QUAD[5].u_q/CH[1].u_ch/U_PATTERN_HANDLER/forward_inferred_i_1, with 2 or more inputs, drives asynchronous preset/clear pin(s) u_ibert_core/inst/QUAD[5].u_q/CH[1].u_ch/U_PATTERN_HANDLER/u_lev/out_i_reg[0]/PRE
u_ibert_core/inst/QUAD[5].u_q/CH[1].u_ch/U_PATTERN_HANDLER/u_lev/out_i_reg[1]/PRE. The LUT may glitch and trigger an unexpected reset, even if it is a properly timed path.
Related violations: <none>

LUTAR-1#23 Warning
LUT drives async reset alert  
LUT cell u_ibert_core/inst/QUAD[5].u_q/CH[2].u_ch/U_PATTERN_HANDLER/forward_inferred_i_1, with 2 or more inputs, drives asynchronous preset/clear pin(s) u_ibert_core/inst/QUAD[5].u_q/CH[2].u_ch/U_PATTERN_HANDLER/u_lev/out_i_reg[0]/PRE
u_ibert_core/inst/QUAD[5].u_q/CH[2].u_ch/U_PATTERN_HANDLER/u_lev/out_i_reg[1]/PRE. The LUT may glitch and trigger an unexpected reset, even if it is a properly timed path.
Related violations: <none>

LUTAR-1#24 Warning
LUT drives async reset alert  
LUT cell u_ibert_core/inst/QUAD[5].u_q/CH[3].u_ch/U_PATTERN_HANDLER/forward_inferred_i_1, with 2 or more inputs, drives asynchronous preset/clear pin(s) u_ibert_core/inst/QUAD[5].u_q/CH[3].u_ch/U_PATTERN_HANDLER/u_lev/out_i_reg[0]/PRE
u_ibert_core/inst/QUAD[5].u_q/CH[3].u_ch/U_PATTERN_HANDLER/u_lev/out_i_reg[1]/PRE. The LUT may glitch and trigger an unexpected reset, even if it is a properly timed path.
Related violations: <none>

LUTAR-1#25 Warning
LUT drives async reset alert  
LUT cell u_ibert_core/inst/QUAD[6].u_q/CH[0].u_ch/U_PATTERN_HANDLER/forward_inferred_i_1, with 2 or more inputs, drives asynchronous preset/clear pin(s) u_ibert_core/inst/QUAD[6].u_q/CH[0].u_ch/U_PATTERN_HANDLER/u_lev/out_i_reg[0]/PRE
u_ibert_core/inst/QUAD[6].u_q/CH[0].u_ch/U_PATTERN_HANDLER/u_lev/out_i_reg[1]/PRE. The LUT may glitch and trigger an unexpected reset, even if it is a properly timed path.
Related violations: <none>

LUTAR-1#26 Warning
LUT drives async reset alert  
LUT cell u_ibert_core/inst/QUAD[6].u_q/CH[1].u_ch/U_PATTERN_HANDLER/forward_inferred_i_1, with 2 or more inputs, drives asynchronous preset/clear pin(s) u_ibert_core/inst/QUAD[6].u_q/CH[1].u_ch/U_PATTERN_HANDLER/u_lev/out_i_reg[0]/PRE
u_ibert_core/inst/QUAD[6].u_q/CH[1].u_ch/U_PATTERN_HANDLER/u_lev/out_i_reg[1]/PRE. The LUT may glitch and trigger an unexpected reset, even if it is a properly timed path.
Related violations: <none>

LUTAR-1#27 Warning
LUT drives async reset alert  
LUT cell u_ibert_core/inst/QUAD[6].u_q/CH[2].u_ch/U_PATTERN_HANDLER/forward_inferred_i_1, with 2 or more inputs, drives asynchronous preset/clear pin(s) u_ibert_core/inst/QUAD[6].u_q/CH[2].u_ch/U_PATTERN_HANDLER/u_lev/out_i_reg[0]/PRE
u_ibert_core/inst/QUAD[6].u_q/CH[2].u_ch/U_PATTERN_HANDLER/u_lev/out_i_reg[1]/PRE. The LUT may glitch and trigger an unexpected reset, even if it is a properly timed path.
Related violations: <none>

LUTAR-1#28 Warning
LUT drives async reset alert  
LUT cell u_ibert_core/inst/QUAD[6].u_q/CH[3].u_ch/U_PATTERN_HANDLER/forward_inferred_i_1, with 2 or more inputs, drives asynchronous preset/clear pin(s) u_ibert_core/inst/QUAD[6].u_q/CH[3].u_ch/U_PATTERN_HANDLER/u_lev/out_i_reg[0]/PRE
u_ibert_core/inst/QUAD[6].u_q/CH[3].u_ch/U_PATTERN_HANDLER/u_lev/out_i_reg[1]/PRE. The LUT may glitch and trigger an unexpected reset, even if it is a properly timed path.
Related violations: <none>

LUTAR-1#29 Warning
LUT drives async reset alert  
LUT cell u_ibert_core/inst/UUT_MASTER/U_ICON_INTERFACE/U_CMD1/ngwrdrst.grst.g7serrst.rst_wr_reg1_i_1, with 2 or more inputs, drives asynchronous preset/clear pin(s) u_ibert_core/inst/UUT_MASTER/U_ICON_INTERFACE/U_CMD6_WR/shift_reg_in_reg[10]/CLR,
u_ibert_core/inst/UUT_MASTER/U_ICON_INTERFACE/U_CMD6_WR/shift_reg_in_reg[11]/CLR,
u_ibert_core/inst/UUT_MASTER/U_ICON_INTERFACE/U_CMD6_WR/shift_reg_in_reg[12]/CLR,
u_ibert_core/inst/UUT_MASTER/U_ICON_INTERFACE/U_CMD6_WR/shift_reg_in_reg[13]/CLR,
u_ibert_core/inst/UUT_MASTER/U_ICON_INTERFACE/U_CMD6_WR/shift_reg_in_reg[14]/CLR,
u_ibert_core/inst/UUT_MASTER/U_ICON_INTERFACE/U_CMD6_WR/shift_reg_in_reg[15]/CLR,
u_ibert_core/inst/UUT_MASTER/U_ICON_INTERFACE/U_CMD6_WR/shift_reg_in_reg[1]/CLR,
u_ibert_core/inst/UUT_MASTER/U_ICON_INTERFACE/U_CMD6_WR/shift_reg_in_reg[2]/CLR,
u_ibert_core/inst/UUT_MASTER/U_ICON_INTERFACE/U_CMD6_WR/shift_reg_in_reg[3]/CLR,
u_ibert_core/inst/UUT_MASTER/U_ICON_INTERFACE/U_CMD6_WR/shift_reg_in_reg[4]/CLR,
u_ibert_core/inst/UUT_MASTER/U_ICON_INTERFACE/U_CMD6_WR/shift_reg_in_reg[5]/CLR,
u_ibert_core/inst/UUT_MASTER/U_ICON_INTERFACE/U_CMD6_WR/shift_reg_in_reg[6]/CLR,
u_ibert_core/inst/UUT_MASTER/U_ICON_INTERFACE/U_CMD6_WR/shift_reg_in_reg[7]/CLR,
u_ibert_core/inst/UUT_MASTER/U_ICON_INTERFACE/U_CMD6_WR/shift_reg_in_reg[8]/CLR,
u_ibert_core/inst/UUT_MASTER/U_ICON_INTERFACE/U_CMD6_WR/shift_reg_in_reg[9]/CLR
 (the first 15 of 40 listed). The LUT may glitch and trigger an unexpected reset, even if it is a properly timed path.
Related violations: <none>

LUTAR-1#30 Warning
LUT drives async reset alert  
LUT cell u_ibert_core/inst/UUT_MASTER/U_ICON_INTERFACE/U_CMD6_RD/U_RD_FIFO/SUBCORE_FIFO.xsdb_rdfifo_inst/inst_fifo_gen/gconvfifo.rf/grf.rf/rstblk/ngwrdrst.grst.g7serrst.rd_rst_reg[2]_i_1__0, with 2 or more inputs, drives asynchronous preset/clear pin(s) u_ibert_core/inst/UUT_MASTER/U_ICON_INTERFACE/U_CMD6_RD/U_RD_FIFO/SUBCORE_FIFO.xsdb_rdfifo_inst/inst_fifo_gen/gconvfifo.rf/grf.rf/rstblk/ngwrdrst.grst.g7serrst.rd_rst_reg_reg[0]/PRE,
u_ibert_core/inst/UUT_MASTER/U_ICON_INTERFACE/U_CMD6_RD/U_RD_FIFO/SUBCORE_FIFO.xsdb_rdfifo_inst/inst_fifo_gen/gconvfifo.rf/grf.rf/rstblk/ngwrdrst.grst.g7serrst.rd_rst_reg_reg[1]/PRE
u_ibert_core/inst/UUT_MASTER/U_ICON_INTERFACE/U_CMD6_RD/U_RD_FIFO/SUBCORE_FIFO.xsdb_rdfifo_inst/inst_fifo_gen/gconvfifo.rf/grf.rf/rstblk/ngwrdrst.grst.g7serrst.rd_rst_reg_reg[2]/PRE. The LUT may glitch and trigger an unexpected reset, even if it is a properly timed path.
Related violations: <none>

LUTAR-1#31 Warning
LUT drives async reset alert  
LUT cell u_ibert_core/inst/UUT_MASTER/U_ICON_INTERFACE/U_CMD6_RD/U_RD_FIFO/SUBCORE_FIFO.xsdb_rdfifo_inst/inst_fifo_gen/gconvfifo.rf/grf.rf/rstblk/ngwrdrst.grst.g7serrst.wr_rst_reg[1]_i_1__0, with 2 or more inputs, drives asynchronous preset/clear pin(s) u_ibert_core/inst/UUT_MASTER/U_ICON_INTERFACE/U_CMD6_RD/U_RD_FIFO/SUBCORE_FIFO.xsdb_rdfifo_inst/inst_fifo_gen/gconvfifo.rf/grf.rf/rstblk/ngwrdrst.grst.g7serrst.wr_rst_reg_reg[0]/PRE
u_ibert_core/inst/UUT_MASTER/U_ICON_INTERFACE/U_CMD6_RD/U_RD_FIFO/SUBCORE_FIFO.xsdb_rdfifo_inst/inst_fifo_gen/gconvfifo.rf/grf.rf/rstblk/ngwrdrst.grst.g7serrst.wr_rst_reg_reg[1]/PRE. The LUT may glitch and trigger an unexpected reset, even if it is a properly timed path.
Related violations: <none>

LUTAR-1#32 Warning
LUT drives async reset alert  
LUT cell u_ibert_core/inst/UUT_MASTER/U_ICON_INTERFACE/U_CMD6_WR/U_WR_FIFO/SUBCORE_FIFO.xsdb_wrfifo_inst/inst_fifo_gen/gconvfifo.rf/grf.rf/rstblk/ngwrdrst.grst.g7serrst.rd_rst_reg[2]_i_1, with 2 or more inputs, drives asynchronous preset/clear pin(s) u_ibert_core/inst/UUT_MASTER/U_ICON_INTERFACE/U_CMD6_WR/U_WR_FIFO/SUBCORE_FIFO.xsdb_wrfifo_inst/inst_fifo_gen/gconvfifo.rf/grf.rf/rstblk/ngwrdrst.grst.g7serrst.rd_rst_reg_reg[1]/PRE
u_ibert_core/inst/UUT_MASTER/U_ICON_INTERFACE/U_CMD6_WR/U_WR_FIFO/SUBCORE_FIFO.xsdb_wrfifo_inst/inst_fifo_gen/gconvfifo.rf/grf.rf/rstblk/ngwrdrst.grst.g7serrst.rd_rst_reg_reg[2]/PRE. The LUT may glitch and trigger an unexpected reset, even if it is a properly timed path.
Related violations: <none>

LUTAR-1#33 Warning
LUT drives async reset alert  
LUT cell u_ibert_core/inst/UUT_MASTER/U_ICON_INTERFACE/U_CMD6_WR/U_WR_FIFO/SUBCORE_FIFO.xsdb_wrfifo_inst/inst_fifo_gen/gconvfifo.rf/grf.rf/rstblk/ngwrdrst.grst.g7serrst.wr_rst_reg[1]_i_1, with 2 or more inputs, drives asynchronous preset/clear pin(s) u_ibert_core/inst/UUT_MASTER/U_ICON_INTERFACE/U_CMD6_WR/U_WR_FIFO/SUBCORE_FIFO.xsdb_wrfifo_inst/inst_fifo_gen/gconvfifo.rf/grf.rf/rstblk/ngwrdrst.grst.g7serrst.wr_rst_reg_reg[0]/PRE
u_ibert_core/inst/UUT_MASTER/U_ICON_INTERFACE/U_CMD6_WR/U_WR_FIFO/SUBCORE_FIFO.xsdb_wrfifo_inst/inst_fifo_gen/gconvfifo.rf/grf.rf/rstblk/ngwrdrst.grst.g7serrst.wr_rst_reg_reg[1]/PRE. The LUT may glitch and trigger an unexpected reset, even if it is a properly timed path.
Related violations: <none>

TIMING-9#1 Warning
Unknown CDC Logic  
One or more asynchronous Clock Domain Crossing has been detected between 2 clock domains through a set_false_path or a set_clock_groups or set_max_delay -datapath_only constraint but no double-registers logic synchronizer has been found on the side of the capture clock. It is recommended to run report_cdc for a complete and detailed CDC coverage. Please consider using XPM_CDC to avoid Critical severities
Related violations: <none>


