================================================================
== Design Size Report
================================================================

* Total Instructions per Compilation Phase
+---------------+-----------------------------+--------------+----------------------------------------------------------------------------------------+
| Phase         | Step                        | Instructions | Description                                                                            |
+---------------+-----------------------------+--------------+----------------------------------------------------------------------------------------+
| Compile/Link  |                             | 13,873       | After all functions are compiled and linked into a single design                       |
|               |                             |              |                                                                                        |
| Unroll/Inline |                             |              | After user unroll and inline pragmas are applied                                       |
|               | (1) unroll                  |  2,975       | user unroll pragmas are applied                                                        |
|               | (2) simplification          |  2,160       | simplification of applied user unroll pragmas                                          |
|               | (3) inline                  |  2,158       | user inline pragmas are applied                                                        |
|               | (4) simplification          |  1,792       | simplification of applied user inline pragmas                                          |
|               |                             |              |                                                                                        |
| Array/Struct  |                             |              | After user array partition and struct aggregate/disaggregate pragmas are applied       |
|               | (1) array partition         |  1,426       | user array partition pragmas are applied                                               |
|               | (2) simplification          |  1,346       | simplification of applied user array partition & struct aggregate/disaggregate pragmas |
|               | (3) aggregate/disaggregate  |  1,354       | user struct aggregate/disaggregate pragmas are applied                                 |
|               | (4) array reshape           |  1,500       | apply array reshape pragmas                                                            |
|               | (5) access patterns         |  1,568       | array access pattern optmizations                                                      |
|               |                             |              |                                                                                        |
| Performance   |                             |              | After transformations are applied to meet performance pragma targets                   |
|               | (1) loop simplification     |  1,527       | loop and instruction simplification                                                    |
|               | (2) parallelization         |  1,517       | loops are unrolled or pipelined to meet performance targets                            |
|               | (3) array partition         |  1,554       | arrays are partitioned to meet performance targets                                     |
|               | (4) simplification          |  1,542       | simplification of design after performance transformations                             |
|               |                             |              |                                                                                        |
| HW Transforms |                             |              | After hardware transfomations                                                          |
|               | (1) lowering                |  1,540       | initial conversion to HW specific instructions                                         |
|               | (2) optimizations           |  1,510       | high level synthesis optimizations                                                     |
+---------------+-----------------------------+--------------+----------------------------------------------------------------------------------------+

* Instructions per Function for each Compilation Phase
+--------------------------------------+----------------------+-----------------+---------------+--------------+-------------+---------------+
| Function                             | Location             | Compile/Link    | Unroll/Inline | Array/Struct | Performance | HW Transforms |
+--------------------------------------+----------------------+-----------------+---------------+--------------+-------------+---------------+
| + v_tpg                              | v_tpg.cpp:409        | 13,873          | 1,792         | 1,568        | 1,542       | 1,510         |
|    reg<unsigned short>               | x_hls_utils.h:222    |     1           |    1          |    1         |    1        |    4          |
|  + v_tpgHlsDataFlow                  | v_tpg.cpp:304        | 13,799          | 1,722         | 1,491        | 1,435       | 1,353         |
|   + tpgBackground                    | v_tpg.cpp:536        | 8,089           |  833          |  685         |  698        |  694          |
|      Scalar                          | hls_video_core.h:196 |    10 (2 calls) |               |              |             |               |
|    + tpgPatternHorizontalRamp        | v_tpg.cpp:1067       |   134           |               |              |             |               |
|       Scalar                         | hls_video_core.h:196 |     5           |               |              |             |               |
|    + tpgPatternVerticalRamp          | v_tpg.cpp:1090       |   142           |               |              |             |               |
|       Scalar                         | hls_video_core.h:196 |     5           |               |              |             |               |
|    + tpgPatternTemporalRamp          | v_tpg.cpp:1115       |   120           |               |              |             |               |
|       Scalar                         | hls_video_core.h:196 |     5           |               |              |             |               |
|    + tpgPatternSolidRed              | v_tpg.cpp:1130       |   138           |               |              |             |               |
|       Scalar                         | hls_video_core.h:196 |     5           |               |              |             |               |
|    + tpgPatternSolidGreen            | v_tpg.cpp:1151       |   138           |               |              |             |               |
|       Scalar                         | hls_video_core.h:196 |     5           |               |              |             |               |
|    + tpgPatternSolidBlue             | v_tpg.cpp:1172       |   138           |               |              |             |               |
|       Scalar                         | hls_video_core.h:196 |     5           |               |              |             |               |
|    + tpgPatternSolidBlack            | v_tpg.cpp:1193       |   138           |               |              |             |               |
|       Scalar                         | hls_video_core.h:196 |     5           |               |              |             |               |
|    + tpgPatternSolidWhite            | v_tpg.cpp:1214       |   138           |               |              |             |               |
|       Scalar                         | hls_video_core.h:196 |     5           |               |              |             |               |
|    + tpgPatternColorBars             | v_tpg.cpp:1235       |   754           |               |              |             |               |
|       Scalar                         | hls_video_core.h:196 |     5           |               |              |             |               |
|    + tpgPatternZonePlate             | v_tpg.cpp:1319       |   203           |               |              |             |               |
|       Scalar                         | hls_video_core.h:196 |     5           |               |              |             |               |
|       reg<int>                       | x_hls_utils.h:222    |     1           |               |              |             |               |
|    + tpgPatternTartanColorBars       | v_tpg.cpp:1369       |   638           |               |              |             |               |
|       Scalar                         | hls_video_core.h:196 |    10 (2 calls) |               |              |             |               |
|    + tpgPatternCrossHatch            | v_tpg.cpp:1437       |   781           |               |              |             |               |
|       Scalar                         | hls_video_core.h:196 |     5           |               |              |             |               |
|       reg<ap_uint<10> >              | x_hls_utils.h:222    |     3           |               |              |             |               |
|    + tpgPatternRainbow               | v_tpg.cpp:1273       |   277           |               |              |             |               |
|       Scalar                         | hls_video_core.h:196 |     5           |               |              |             |               |
|    + tpgPatternVerticalHorizontal... | v_tpg.cpp:1527       |   139           |               |              |             |               |
|       Scalar                         | hls_video_core.h:196 |     5           |               |              |             |               |
|    + tpgPatternCheckerBoard          | v_tpg.cpp:1551       |   648           |               |              |             |               |
|       Scalar                         | hls_video_core.h:196 |     5           |               |              |             |               |
|    + tpgPRBS                         | v_tpg.cpp:1823       | 1,767           |               |              |             |               |
|       Scalar                         | hls_video_core.h:196 |     5           |               |              |             |               |
|    + tpgPatternDPColorRamp           | v_tpg.cpp:1618       |   469           |               |              |             |               |
|       Scalar                         | hls_video_core.h:196 |    10 (2 calls) |               |              |             |               |
|    + tpgPatternDPBlackWhiteVertic... | v_tpg.cpp:1718       |   124           |               |              |             |               |
|       Scalar                         | hls_video_core.h:196 |     5           |               |              |             |               |
|    + tpgPatternDPColorSquare         | v_tpg.cpp:1734       |   947           |               |              |             |               |
|       Scalar                         | hls_video_core.h:196 |     5           |               |              |             |               |
|      reg<int>                        | x_hls_utils.h:222    |                 |    1          |    1         |    1        |    4          |
|      reg<ap_uint<10> >               | x_hls_utils.h:222    |                 |    3          |    3         |    2        |    5          |
|   + tpgForeground                    | v_tpg.cpp:759        |   666           |  272          |  216         |  202        |  193          |
|      Scalar                          | hls_video_core.h:196 |    15 (3 calls) |               |              |             |               |
|      tpgPatternBox                   | v_tpg.cpp:1869       |   248           |               |              |             |               |
|      tpgPatternCrossHair             | v_tpg.cpp:1956       |   144           |               |              |             |               |
|    + tpgPatternMask                  | v_tpg.cpp:1983       |   137           |               |              |             |               |
|       Scalar                         | hls_video_core.h:196 |     5           |               |              |             |               |
|   + v_hcresampler_core               | v_tpg.cpp:2003       | 2,181           |  231          |  210         |  192        |  173          |
|      Scalar                          | hls_video_core.h:196 |    40 (8 calls) |               |              |             |               |
|   + v_vcresampler_core               | v_tpg.cpp:2224       | 1,898           |  204          |  177         |  169        |  147          |
|      LineBuffer                      | hls_video_mem.h:637  |    16 (2 calls) |               |              |             |               |
|      Scalar                          | hls_video_core.h:196 |    35 (7 calls) |               |              |             |               |
|      getval                          | hls_video_mem.h:847  |    48 (3 calls) |               |              |             |               |
|    + insert_bottom                   | hls_video_mem.h:886  |    36 (2 calls) |               |              |             |               |
|       insert_top_row                 | hls_video_mem.h:802  |    26 (2 calls) |               |              |             |               |
|   + MultiPixStream2AXIvideo          | v_tpg.cpp:919        |   845           |  134          |  181         |  153        |  119          |
|      Scalar                          | hls_video_core.h:196 |     5           |               |              |             |               |
+--------------------------------------+----------------------+-----------------+---------------+--------------+-------------+---------------+

* Design Size Message Settings
+---------------------------------------------+--------+------------------------------------------------------------------+
| Message Setting                             | Value  | Description                                                      |
+---------------------------------------------+--------+------------------------------------------------------------------+
| config_compile -design_size_maximum_warning | 100000 | Show a warning when total design instructions exceeds this value |
+---------------------------------------------+--------+------------------------------------------------------------------+


