

================================================================
== Vitis HLS Report for 'tpgBackground_Pipeline_VITIS_LOOP_565_2'
================================================================
* Date:           Fri Mar  1 09:43:15 2024

* Version:        2023.2 (Build 4023990 on Oct 11 2023)
* Project:        prj
* Solution:       sol (Vivado IP Flow Target)
* Product family: zynq
* Target device:  xc7z020-clg484-1


================================================================
== Performance Estimates
================================================================
+ Timing: 
    * Summary: 
    +--------+---------+----------+------------+
    |  Clock |  Target | Estimated| Uncertainty|
    +--------+---------+----------+------------+
    |ap_clk  |  6.73 ns|  7.209 ns|     1.82 ns|
    +--------+---------+----------+------------+

+ Latency: 
    * Summary: 
    +---------+---------+-----------+----------+-----+-------+---------+
    |  Latency (cycles) |  Latency (absolute)  |   Interval  | Pipeline|
    |   min   |   max   |    min    |    max   | min |  max  |   Type  |
    +---------+---------+-----------+----------+-----+-------+---------+
    |        2|    65559|  14.418 ns|  0.473 ms|    2|  65559|       no|
    +---------+---------+-----------+----------+-----+-------+---------+

    + Detail: 
        * Instance: 
        +------------------------------+------------------+---------+---------+----------+----------+-----+-----+---------+
        |                              |                  |  Latency (cycles) |  Latency (absolute) |  Interval | Pipeline|
        |           Instance           |      Module      |   min   |   max   |    min   |    max   | min | max |   Type  |
        +------------------------------+------------------+---------+---------+----------+----------+-----+-----+---------+
        |grp_reg_ap_uint_10_s_fu_1212  |reg_ap_uint_10_s  |        1|        1|  6.734 ns|  6.734 ns|    1|    1|      yes|
        |grp_reg_int_s_fu_1613         |reg_int_s         |        1|        1|  6.734 ns|  6.734 ns|    1|    1|      yes|
        +------------------------------+------------------+---------+---------+----------+----------+-----+-----+---------+

        * Loop: 
        +--------------------+---------+---------+----------+-----------+-----------+-----------+----------+
        |                    |  Latency (cycles) | Iteration|  Initiation Interval  |    Trip   |          |
        |      Loop Name     |   min   |   max   |  Latency |  achieved |   target  |   Count   | Pipelined|
        +--------------------+---------+---------+----------+-----------+-----------+-----------+----------+
        |- VITIS_LOOP_565_2  |        0|    65557|        24|          1|          1|  0 ~ 65535|       yes|
        +--------------------+---------+---------+----------+-----------+-----------+-----------+----------+



================================================================
== Utilization Estimates
================================================================
* Summary: 
+-----------------+---------+-----+--------+-------+-----+
|       Name      | BRAM_18K| DSP |   FF   |  LUT  | URAM|
+-----------------+---------+-----+--------+-------+-----+
|DSP              |        -|    9|       -|      -|    -|
|Expression       |        -|    -|       0|   1298|    -|
|FIFO             |        -|    -|       -|      -|    -|
|Instance         |        -|    4|    1410|    951|    -|
|Memory           |       13|    -|      80|     14|    -|
|Multiplexer      |        -|    -|       -|    863|    -|
|Register         |        -|    -|    2363|    736|    -|
+-----------------+---------+-----+--------+-------+-----+
|Total            |       13|   13|    3853|   3862|    0|
+-----------------+---------+-----+--------+-------+-----+
|Available        |      280|  220|  106400|  53200|    0|
+-----------------+---------+-----+--------+-------+-----+
|Utilization (%)  |        4|    5|       3|      7|    0|
+-----------------+---------+-----+--------+-------+-----+

+ Detail: 
    * Instance: 
    +------------------------------+----------------------+---------+----+-----+-----+-----+
    |           Instance           |        Module        | BRAM_18K| DSP|  FF | LUT | URAM|
    +------------------------------+----------------------+---------+----+-----+-----+-----+
    |mul_11ns_13ns_23_2_1_U29      |mul_11ns_13ns_23_2_1  |        0|   1|   55|    2|    0|
    |mul_11ns_13ns_23_2_1_U30      |mul_11ns_13ns_23_2_1  |        0|   1|   55|    2|    0|
    |mul_11ns_13ns_23_2_1_U31      |mul_11ns_13ns_23_2_1  |        0|   1|   55|    2|    0|
    |mul_20s_9ns_28_4_1_U35        |mul_20s_9ns_28_4_1    |        0|   1|  171|   74|    0|
    |grp_reg_ap_uint_10_s_fu_1212  |reg_ap_uint_10_s      |        0|   0|   21|   14|    0|
    |grp_reg_int_s_fu_1613         |reg_int_s             |        0|   0|   33|   14|    0|
    |sparsemux_11_3_9_1_1_U32      |sparsemux_11_3_9_1_1  |        0|   0|    0|   25|    0|
    |sparsemux_11_3_9_1_1_U33      |sparsemux_11_3_9_1_1  |        0|   0|    0|   25|    0|
    |sparsemux_11_3_9_1_1_U34      |sparsemux_11_3_9_1_1  |        0|   0|    0|   25|    0|
    |sparsemux_7_16_8_1_1_U36      |sparsemux_7_16_8_1_1  |        0|   0|    0|   14|    0|
    |sparsemux_7_16_8_1_1_U37      |sparsemux_7_16_8_1_1  |        0|   0|    0|   14|    0|
    |sparsemux_7_16_8_1_1_U38      |sparsemux_7_16_8_1_1  |        0|   0|    0|   14|    0|
    |urem_11ns_4ns_3_15_1_U26      |urem_11ns_4ns_3_15_1  |        0|   0|  340|  242|    0|
    |urem_11ns_4ns_3_15_1_U27      |urem_11ns_4ns_3_15_1  |        0|   0|  340|  242|    0|
    |urem_11ns_4ns_3_15_1_U28      |urem_11ns_4ns_3_15_1  |        0|   0|  340|  242|    0|
    +------------------------------+----------------------+---------+----+-----+-----+-----+
    |Total                         |                      |        0|   4| 1410|  951|    0|
    +------------------------------+----------------------+---------+----+-----+-----+-----+

    * DSP: 
    +------------------------------------+--------------------------------+----------------+
    |              Instance              |             Module             |   Expression   |
    +------------------------------------+--------------------------------+----------------+
    |am_addmul_16ns_1s_16ns_17_4_1_U39   |am_addmul_16ns_1s_16ns_17_4_1   |  (i0 + i1) * i0|
    |mac_muladd_16s_16s_16ns_16_4_1_U40  |mac_muladd_16s_16s_16ns_16_4_1  |    i0 + i1 * i2|
    |mac_muladd_8ns_5ns_16ns_17_4_1_U47  |mac_muladd_8ns_5ns_16ns_17_4_1  |    i0 + i1 * i2|
    |mac_muladd_8ns_6s_15ns_16_4_1_U44   |mac_muladd_8ns_6s_15ns_16_4_1   |    i0 + i1 * i2|
    |mac_muladd_8ns_7ns_13ns_15_4_1_U41  |mac_muladd_8ns_7ns_13ns_15_4_1  |    i0 * i1 + i2|
    |mac_muladd_8ns_7s_16s_16_4_1_U42    |mac_muladd_8ns_7s_16s_16_4_1    |    i0 * i1 + i2|
    |mac_muladd_8ns_8ns_15ns_16_4_1_U45  |mac_muladd_8ns_8ns_15ns_16_4_1  |    i0 * i1 + i2|
    |mac_muladd_8ns_8s_16s_16_4_1_U43    |mac_muladd_8ns_8s_16s_16_4_1    |    i0 * i1 + i2|
    |mac_muladd_8ns_8s_16s_16_4_1_U46    |mac_muladd_8ns_8s_16s_16_4_1    |    i0 + i1 * i2|
    +------------------------------------+--------------------------------+----------------+

    * Memory: 
    +---------------------------+-----------------------------------------------------------------------------+---------+---+----+-----+------+-----+------+-------------+
    |           Memory          |                                    Module                                   | BRAM_18K| FF| LUT| URAM| Words| Bits| Banks| W*Bits*Banks|
    +---------------------------+-----------------------------------------------------------------------------+---------+---+----+-----+------+-----+------+-------------+
    |DPtpgBarArray_U            |tpgBackground_Pipeline_VITIS_LOOP_565_2_DPtpgBarArray_ROM_AUTO_1R            |        0|  3|   1|    0|    16|    3|     1|           48|
    |DPtpgBarSelYuv_601_u_U     |tpgBackground_Pipeline_VITIS_LOOP_565_2_DPtpgBarSelYuv_601_u_ROM_AUTO_1R     |        0|  8|   1|    0|     8|    8|     1|           64|
    |DPtpgBarSelYuv_601_v_U     |tpgBackground_Pipeline_VITIS_LOOP_565_2_DPtpgBarSelYuv_601_v_ROM_AUTO_1R     |        0|  8|   1|    0|     8|    8|     1|           64|
    |DPtpgBarSelYuv_601_y_U     |tpgBackground_Pipeline_VITIS_LOOP_565_2_DPtpgBarSelYuv_601_y_ROM_AUTO_1R     |        0|  8|   1|    0|     8|    8|     1|           64|
    |DPtpgBarSelYuv_709_u_U     |tpgBackground_Pipeline_VITIS_LOOP_565_2_DPtpgBarSelYuv_709_u_ROM_AUTO_1R     |        0|  8|   1|    0|     8|    8|     1|           64|
    |DPtpgBarSelYuv_709_v_U     |tpgBackground_Pipeline_VITIS_LOOP_565_2_DPtpgBarSelYuv_709_v_ROM_AUTO_1R     |        0|  8|   1|    0|     8|    8|     1|           64|
    |DPtpgBarSelYuv_709_y_U     |tpgBackground_Pipeline_VITIS_LOOP_565_2_DPtpgBarSelYuv_709_y_ROM_AUTO_1R     |        0|  8|   1|    0|     8|    8|     1|           64|
    |tpgBarSelYuv_u_U           |tpgBackground_Pipeline_VITIS_LOOP_565_2_tpgBarSelYuv_u_ROM_AUTO_1R           |        0|  8|   1|    0|     8|    8|     1|           64|
    |tpgBarSelYuv_v_U           |tpgBackground_Pipeline_VITIS_LOOP_565_2_tpgBarSelYuv_v_ROM_AUTO_1R           |        0|  8|   1|    0|     8|    8|     1|           64|
    |tpgBarSelYuv_y_U           |tpgBackground_Pipeline_VITIS_LOOP_565_2_tpgBarSelYuv_y_ROM_AUTO_1R           |        0|  8|   1|    0|     8|    8|     1|           64|
    |tpgCheckerBoardArray_U     |tpgBackground_Pipeline_VITIS_LOOP_565_2_tpgCheckerBoardArray_ROM_AUTO_1R     |        0|  2|   1|    0|    32|    2|     1|           64|
    |tpgSinTableArray_9bit_0_U  |tpgBackground_Pipeline_VITIS_LOOP_565_2_tpgSinTableArray_9bit_0_ROM_AUTO_1R  |        2|  0|   0|    0|   410|    8|     1|         3280|
    |tpgSinTableArray_9bit_1_U  |tpgBackground_Pipeline_VITIS_LOOP_565_2_tpgSinTableArray_9bit_1_ROM_AUTO_1R  |        2|  0|   0|    0|   410|    8|     1|         3280|
    |tpgSinTableArray_9bit_2_U  |tpgBackground_Pipeline_VITIS_LOOP_565_2_tpgSinTableArray_9bit_2_ROM_AUTO_1R  |        2|  0|   0|    0|   410|    9|     1|         3690|
    |tpgSinTableArray_9bit_3_U  |tpgBackground_Pipeline_VITIS_LOOP_565_2_tpgSinTableArray_9bit_3_ROM_AUTO_1R  |        2|  0|   0|    0|   410|    8|     1|         3280|
    |tpgSinTableArray_9bit_4_U  |tpgBackground_Pipeline_VITIS_LOOP_565_2_tpgSinTableArray_9bit_4_ROM_AUTO_1R  |        2|  0|   0|    0|   410|    8|     1|         3280|
    |tpgSinTableArray_U         |tpgBackground_Pipeline_VITIS_LOOP_565_2_tpgSinTableArray_ROM_AUTO_1R         |        3|  0|   0|    0|  2048|   20|     1|        40960|
    |tpgTartanBarArray_U        |tpgBackground_Pipeline_VITIS_LOOP_565_2_tpgTartanBarArray_ROM_AUTO_1R        |        0|  3|   3|    0|    64|    3|     1|          192|
    +---------------------------+-----------------------------------------------------------------------------+---------+---+----+-----+------+-----+------+-------------+
    |Total                      |                                                                             |       13| 80|  14|    0|  4282|  141|    18|        58650|
    +---------------------------+-----------------------------------------------------------------------------+---------+---+----+-----+------+-----+------+-------------+

    * FIFO: 
    N/A

    * Expression: 
    +-------------------------------------------+----------+----+---+----+------------+------------+
    |               Variable Name               | Operation| DSP| FF| LUT| Bitwidth P0| Bitwidth P1|
    +-------------------------------------------+----------+----+---+----+------------+------------+
    |add_ln1084_fu_3430_p2                      |         +|   0|  0|  15|           8|           1|
    |add_ln1101_fu_2701_p2                      |         +|   0|  0|  15|           8|           1|
    |add_ln1250_fu_1572_p2                      |         +|   0|  0|  12|          12|           1|
    |add_ln1257_fu_2474_p2                      |         +|   0|  0|  11|           3|           1|
    |add_ln1281_fu_1917_p2                      |         +|   0|  0|  14|           9|           8|
    |add_ln1285_fu_1942_p2                      |         +|   0|  0|  14|           9|           8|
    |add_ln1289_fu_1967_p2                      |         +|   0|  0|  14|           9|           8|
    |add_ln1303_2_fu_2539_p2                    |         +|   0|  0|  24|          17|          17|
    |add_ln1304_2_fu_2415_p2                    |         +|   0|  0|  24|          17|          17|
    |add_ln1304_3_fu_2411_p2                    |         +|   0|  0|  23|          16|          16|
    |add_ln1341_fu_1637_p2                      |         +|   0|  0|  23|          16|          16|
    |add_ln1343_fu_1649_p2                      |         +|   0|  0|  23|          16|          16|
    |add_ln1359_fu_3249_p2                      |         +|   0|  0|  15|           8|           8|
    |add_ln1388_fu_1520_p2                      |         +|   0|  0|  13|          10|           1|
    |add_ln1393_fu_2263_p2                      |         +|   0|  0|  11|           3|           1|
    |add_ln1407_fu_1552_p2                      |         +|   0|  0|  13|          10|           1|
    |add_ln1412_fu_2291_p2                      |         +|   0|  0|  11|           3|           1|
    |add_ln1461_fu_1432_p2                      |         +|   0|  0|  13|          10|           1|
    |add_ln1480_fu_1484_p2                      |         +|   0|  0|  13|          10|           1|
    |add_ln1545_fu_3112_p2                      |         +|   0|  0|  15|           8|           1|
    |add_ln1570_fu_1370_p2                      |         +|   0|  0|  13|          10|           1|
    |add_ln1575_fu_2197_p2                      |         +|   0|  0|  15|           8|           1|
    |add_ln1588_fu_1402_p2                      |         +|   0|  0|  13|          10|           1|
    |add_ln1593_fu_2221_p2                      |         +|   0|  0|  11|           3|           1|
    |add_ln1664_fu_2614_p2                      |         +|   0|  0|  23|          16|           1|
    |add_ln1753_fu_1334_p2                      |         +|   0|  0|  14|           6|           1|
    |add_ln1770_fu_2171_p2                      |         +|   0|  0|  14|           6|           1|
    |add_ln1774_fu_2137_p2                      |         +|   0|  0|  13|          10|           7|
    |add_ln1775_fu_2149_p2                      |         +|   0|  0|  11|           3|           1|
    |add_ln549_1_fu_1136_p2                     |         +|   0|  0|  12|          11|          10|
    |add_ln549_fu_1130_p2                       |         +|   0|  0|  12|          11|          11|
    |add_ln565_fu_1106_p2                       |         +|   0|  0|  23|          16|           1|
    |add_ln573_fu_1674_p2                       |         +|   0|  0|  23|          16|          16|
    |grp_fu_3519_p2                             |         +|   0|  0|  23|          16|          16|
    |sub_ln1256_fu_1587_p2                      |         -|   0|  0|  12|          11|          11|
    |sub_ln1356_1_fu_2695_p2                    |         -|   0|  0|  15|           1|           8|
    |sub_ln1356_fu_2680_p2                      |         -|   0|  0|  34|           1|          27|
    |sub_ln1411_fu_1541_p2                      |         -|   0|  0|  13|          10|          10|
    |sub_ln1490_fu_1466_p2                      |         -|   0|  0|  13|          10|          10|
    |sub_ln1592_fu_1391_p2                      |         -|   0|  0|  13|          10|          10|
    |and_ln1337_fu_1284_p2                      |       and|   0|  0|   2|           1|           1|
    |and_ln1386_fu_1509_p2                      |       and|   0|  0|   2|           1|           1|
    |and_ln1449_fu_1218_p2                      |       and|   0|  0|   2|           1|           1|
    |and_ln1454_fu_1427_p2                      |       and|   0|  0|   2|           1|           1|
    |and_ln1568_fu_1359_p2                      |       and|   0|  0|   2|           1|           1|
    |and_ln1751_fu_1323_p2                      |       and|   0|  0|   2|           1|           1|
    |ap_block_pp0_stage0_01001                  |       and|   0|  0|   2|           1|           1|
    |ap_block_pp0_stage0_11001_ignoreCallOp217  |       and|   0|  0|   2|           1|           1|
    |ap_block_pp0_stage0_11001_ignoreCallOp93   |       and|   0|  0|   2|           1|           1|
    |ap_condition_1831                          |       and|   0|  0|   2|           1|           1|
    |ap_condition_3361                          |       and|   0|  0|   2|           1|           1|
    |ap_condition_3377                          |       and|   0|  0|   2|           1|           1|
    |ap_condition_3380                          |       and|   0|  0|   2|           1|           1|
    |ap_condition_3385                          |       and|   0|  0|   2|           1|           1|
    |ap_condition_3389                          |       and|   0|  0|   2|           1|           1|
    |ap_condition_3392                          |       and|   0|  0|   2|           1|           1|
    |ap_condition_3397                          |       and|   0|  0|   2|           1|           1|
    |ap_condition_3401                          |       and|   0|  0|   2|           1|           1|
    |ap_condition_3404                          |       and|   0|  0|   2|           1|           1|
    |ap_condition_3409                          |       and|   0|  0|   2|           1|           1|
    |ap_condition_3416                          |       and|   0|  0|   2|           1|           1|
    |ap_condition_3420                          |       and|   0|  0|   2|           1|           1|
    |ap_condition_3423                          |       and|   0|  0|   2|           1|           1|
    |ap_condition_3429                          |       and|   0|  0|   2|           1|           1|
    |ap_condition_3434                          |       and|   0|  0|   2|           1|           1|
    |ap_condition_3437                          |       and|   0|  0|   2|           1|           1|
    |ap_condition_3442                          |       and|   0|  0|   2|           1|           1|
    |ap_condition_3446                          |       and|   0|  0|   2|           1|           1|
    |ap_condition_3451                          |       and|   0|  0|   2|           1|           1|
    |ap_condition_3456                          |       and|   0|  0|   2|           1|           1|
    |ap_condition_3460                          |       and|   0|  0|   2|           1|           1|
    |ap_condition_3465                          |       and|   0|  0|   2|           1|           1|
    |ap_condition_3469                          |       and|   0|  0|   2|           1|           1|
    |ap_condition_3473                          |       and|   0|  0|   2|           1|           1|
    |ap_condition_3478                          |       and|   0|  0|   2|           1|           1|
    |ap_predicate_op217_call_state4             |       and|   0|  0|   2|           1|           1|
    |ap_predicate_op93_call_state1              |       and|   0|  0|   2|           1|           1|
    |ap_predicate_pred1586_state23              |       and|   0|  0|   2|           1|           1|
    |ap_predicate_pred1591_state23              |       and|   0|  0|   2|           1|           1|
    |ap_predicate_pred1628_state22              |       and|   0|  0|   2|           1|           1|
    |ap_predicate_pred1634_state22              |       and|   0|  0|   2|           1|           1|
    |ap_predicate_pred1652_state20              |       and|   0|  0|   2|           1|           1|
    |ap_predicate_pred1658_state20              |       and|   0|  0|   2|           1|           1|
    |ap_predicate_pred1674_state6               |       and|   0|  0|   2|           1|           1|
    |ap_predicate_pred1680_state6               |       and|   0|  0|   2|           1|           1|
    |ap_predicate_pred1699_state19              |       and|   0|  0|   2|           1|           1|
    |ap_predicate_pred1703_state19              |       and|   0|  0|   2|           1|           1|
    |ap_predicate_pred1709_state19              |       and|   0|  0|   2|           1|           1|
    |ap_predicate_pred1724_state19              |       and|   0|  0|   2|           1|           1|
    |ap_predicate_pred1750_state19              |       and|   0|  0|   2|           1|           1|
    |ap_predicate_pred1754_state19              |       and|   0|  0|   2|           1|           1|
    |ap_predicate_pred1760_state19              |       and|   0|  0|   2|           1|           1|
    |ap_predicate_pred1774_state19              |       and|   0|  0|   2|           1|           1|
    |ap_predicate_pred1809_state19              |       and|   0|  0|   2|           1|           1|
    |ap_predicate_pred1815_state19              |       and|   0|  0|   2|           1|           1|
    |ap_predicate_pred1827_state19              |       and|   0|  0|   2|           1|           1|
    |ap_predicate_pred1834_state19              |       and|   0|  0|   2|           1|           1|
    |ap_predicate_pred1997_state19              |       and|   0|  0|   2|           1|           1|
    |ap_predicate_pred2022_state5               |       and|   0|  0|   2|           1|           1|
    |ap_predicate_pred2035_state18              |       and|   0|  0|   2|           1|           1|
    |ap_predicate_pred2079_state18              |       and|   0|  0|   2|           1|           1|
    |ap_predicate_pred2101_state22              |       and|   0|  0|   2|           1|           1|
    |ap_predicate_pred2157_state18              |       and|   0|  0|   2|           1|           1|
    |ap_predicate_pred2199_state18              |       and|   0|  0|   2|           1|           1|
    |ap_predicate_pred2215_state18              |       and|   0|  0|   2|           1|           1|
    |ap_predicate_pred2253_state18              |       and|   0|  0|   2|           1|           1|
    |icmp_ln1072_fu_1124_p2                     |      icmp|   0|  0|  23|          16|           1|
    |icmp_ln1095_fu_1302_p2                     |      icmp|   0|  0|  23|          16|           1|
    |icmp_ln1250_fu_1578_p2                     |      icmp|   0|  0|  12|          12|          12|
    |icmp_ln1330_fu_1278_p2                     |      icmp|   0|  0|  23|          16|           1|
    |icmp_ln1381_fu_1254_p2                     |      icmp|   0|  0|  23|          16|           1|
    |icmp_ln1386_fu_1504_p2                     |      icmp|   0|  0|  12|          11|          11|
    |icmp_ln1405_fu_1536_p2                     |      icmp|   0|  0|  13|          10|          10|
    |icmp_ln1454_fu_1422_p2                     |      icmp|   0|  0|  12|          11|          11|
    |icmp_ln1473_fu_1230_p2                     |      icmp|   0|  0|  24|          17|          17|
    |icmp_ln1478_fu_1454_p2                     |      icmp|   0|  0|  13|          10|          10|
    |icmp_ln1483_fu_1460_p2                     |      icmp|   0|  0|  13|          10|          10|
    |icmp_ln1563_fu_1176_p2                     |      icmp|   0|  0|  23|          16|           1|
    |icmp_ln1568_fu_1354_p2                     |      icmp|   0|  0|  12|          11|          11|
    |icmp_ln1586_fu_1386_p2                     |      icmp|   0|  0|  13|          10|          10|
    |icmp_ln1629_fu_1164_p2                     |      icmp|   0|  0|  15|           8|           1|
    |icmp_ln1746_fu_1148_p2                     |      icmp|   0|  0|  23|          16|           1|
    |icmp_ln1751_fu_1317_p2                     |      icmp|   0|  0|  14|           6|           2|
    |icmp_ln1768_fu_2131_p2                     |      icmp|   0|  0|  13|          10|           6|
    |icmp_ln565_fu_1100_p2                      |      icmp|   0|  0|  23|          16|          16|
    |ap_predicate_pred2114_state22              |        or|   0|  0|   2|           1|           1|
    |ap_predicate_pred2121_state22              |        or|   0|  0|   2|           1|           1|
    |or_ln1095_fu_1296_p2                       |        or|   0|  0|  16|          16|          16|
    |or_ln1330_fu_1272_p2                       |        or|   0|  0|  16|          16|          16|
    |or_ln1381_fu_1248_p2                       |        or|   0|  0|  16|          16|          16|
    |or_ln1415_fu_2463_p2                       |        or|   0|  0|   6|           6|           6|
    |or_ln1563_fu_1170_p2                       |        or|   0|  0|  16|          16|          16|
    |or_ln1746_fu_1142_p2                       |        or|   0|  0|  16|          16|          16|
    |or_ln1778_fu_2356_p2                       |        or|   0|  0|   4|           4|           4|
    |pix_10_fu_3176_p2                          |        or|   0|  0|   2|           1|           1|
    |tBarSel_fu_2391_p2                         |        or|   0|  0|   5|           5|           5|
    |b_fu_1984_p3                               |    select|   0|  0|   8|           1|           2|
    |g_fu_1959_p3                               |    select|   0|  0|   8|           1|           2|
    |r_fu_1934_p3                               |    select|   0|  0|   8|           1|           2|
    |select_ln1072_fu_3424_p3                   |    select|   0|  0|   8|           1|           8|
    |select_ln1309_fu_2648_p3                   |    select|   0|  0|   8|           1|           2|
    |select_ln1311_fu_2656_p3                   |    select|   0|  0|   8|           1|           2|
    |select_ln1314_fu_2563_p3                   |    select|   0|  0|   8|           1|           2|
    |select_ln1356_fu_3242_p3                   |    select|   0|  0|   8|           1|           8|
    |select_ln1439_fu_3182_p3                   |    select|   0|  0|   2|           1|           2|
    |select_ln1532_fu_3106_p3                   |    select|   0|  0|   8|           1|           8|
    |select_ln1629_fu_2603_p3                   |    select|   0|  0|  16|           1|           1|
    |select_ln718_fu_2779_p3                    |    select|   0|  0|   2|           1|           2|
    |ap_enable_pp0                              |       xor|   0|  0|   2|           1|           2|
    |xor_ln1758_fu_2095_p2                      |       xor|   0|  0|   2|           1|           2|
    |xor_ln1839_fu_2912_p2                      |       xor|   0|  0|   2|           1|           1|
    |xor_ln1846_fu_2948_p2                      |       xor|   0|  0|   2|           1|           1|
    |xor_ln1853_fu_2984_p2                      |       xor|   0|  0|   2|           1|           1|
    +-------------------------------------------+----------+----+---+----+------------+------------+
    |Total                                      |          |   0|  0|1298|         806|         615|
    +-------------------------------------------+----------+----+---+----+------------+------------+

    * Multiplexer: 
    +--------------------------------------+----+-----------+-----+-----------+
    |                 Name                 | LUT| Input Size| Bits| Total Bits|
    +--------------------------------------+----+-----------+-----+-----------+
    |ap_done_int                           |   9|          2|    1|          2|
    |ap_enable_reg_pp0_iter1               |   9|          2|    1|          2|
    |ap_phi_reg_pp0_iter1_hHatch_reg_1026  |   9|          2|    1|          2|
    |ap_phi_reg_pp0_iter2_hHatch_reg_1026  |  14|          3|    1|          3|
    |ap_sig_allocacmp_x_5                  |   9|          2|   16|         32|
    |bckgndYUV_blk_n                       |   9|          2|    1|          2|
    |hBarSel_0                             |  14|          3|    3|          9|
    |hBarSel_0_loc_1_out_o                 |  14|          3|    8|         24|
    |hBarSel_3_0                           |  14|          3|    3|          9|
    |hBarSel_3_0_loc_1_out_o               |  14|          3|    8|         24|
    |hBarSel_4_0                           |  14|          3|    8|         24|
    |hBarSel_4_0_loc_1_out_o               |  14|          3|    8|         24|
    |hBarSel_5_0                           |  14|          3|    3|          9|
    |hBarSel_5_0_loc_1_out_o               |  14|          3|    8|         24|
    |hdata_flag_1_fu_438                   |   9|          2|    1|          2|
    |hdata_loc_1_out_o                     |   9|          2|   16|         32|
    |p_0_0_0_0_0213_out_o                  |  93|         19|    8|        152|
    |p_0_1_0_0_0215_out_o                  |  93|         19|    8|        152|
    |p_0_2_0_0_0217_out_o                  |  93|         19|    8|        152|
    |phi_mul_fu_426                        |   9|          2|   16|         32|
    |rampVal                               |  14|          3|    8|         24|
    |rampVal_2_flag_1_fu_434               |   9|          2|    1|          2|
    |rampVal_2_loc_1_out_o                 |   9|          2|   16|         32|
    |rampVal_3_flag_1_fu_442               |   9|          2|    1|          2|
    |rampVal_3_loc_1_out_o                 |   9|          2|   16|         32|
    |rampVal_loc_1_out_o                   |  14|          3|   16|         48|
    |tpgBarSelYuv_u_address0               |  20|          4|    3|         12|
    |tpgBarSelYuv_v_address0               |  20|          4|    3|         12|
    |tpgBarSelYuv_y_address0               |  20|          4|    3|         12|
    |vBarSel                               |  14|          3|    3|          9|
    |vBarSel_1                             |  14|          3|    1|          3|
    |vBarSel_2                             |  14|          3|    8|         24|
    |vBarSel_2_loc_1_out_o                 |  14|          3|    8|         24|
    |vBarSel_3_loc_1_out_o                 |  14|          3|    8|         24|
    |vBarSel_loc_1_out_o                   |  14|          3|    8|         24|
    |xBar_0                                |  14|          3|   11|         33|
    |xCount_0                              |  14|          3|   10|         30|
    |xCount_3_0                            |  14|          3|   10|         30|
    |xCount_4_0                            |  25|          5|   10|         50|
    |xCount_5_0                            |  14|          3|   10|         30|
    |x_fu_430                              |   9|          2|   16|         32|
    |yCount                                |  14|          3|   10|         30|
    |yCount_1                              |  14|          3|    6|         18|
    |yCount_2                              |   9|          2|   10|         20|
    |yCount_3                              |  14|          3|   10|         30|
    |zonePlateVAddr                        |  14|          3|   16|         48|
    |zonePlateVAddr_loc_1_out_o            |  14|          3|   16|         48|
    |zonePlateVDelta                       |   9|          2|   16|         32|
    +--------------------------------------+----+-----------+-----+-----------+
    |Total                                 | 863|        182|  381|       1427|
    +--------------------------------------+----+-----------+-----+-----------+

    * Register: 
    +-----------------------------------------+----+----+-----+-----------+
    |                   Name                  | FF | LUT| Bits| Const Bits|
    +-----------------------------------------+----+----+-----+-----------+
    |add_ln549_1_reg_3751                     |  11|   0|   11|          0|
    |add_ln549_reg_3745                       |  11|   0|   11|          0|
    |and_ln1337_reg_3791                      |   1|   0|    1|          0|
    |and_ln1386_reg_3823                      |   1|   0|    1|          0|
    |and_ln1449_reg_3775                      |   1|   0|    1|          0|
    |and_ln1454_reg_3811                      |   1|   0|    1|          0|
    |and_ln1568_reg_3803                      |   1|   0|    1|          0|
    |and_ln1751_reg_3799                      |   1|   0|    1|          0|
    |ap_CS_fsm                                |   1|   0|    1|          0|
    |ap_done_reg                              |   1|   0|    1|          0|
    |ap_enable_reg_pp0_iter1                  |   1|   0|    1|          0|
    |ap_enable_reg_pp0_iter10                 |   1|   0|    1|          0|
    |ap_enable_reg_pp0_iter11                 |   1|   0|    1|          0|
    |ap_enable_reg_pp0_iter12                 |   1|   0|    1|          0|
    |ap_enable_reg_pp0_iter13                 |   1|   0|    1|          0|
    |ap_enable_reg_pp0_iter14                 |   1|   0|    1|          0|
    |ap_enable_reg_pp0_iter15                 |   1|   0|    1|          0|
    |ap_enable_reg_pp0_iter16                 |   1|   0|    1|          0|
    |ap_enable_reg_pp0_iter17                 |   1|   0|    1|          0|
    |ap_enable_reg_pp0_iter18                 |   1|   0|    1|          0|
    |ap_enable_reg_pp0_iter19                 |   1|   0|    1|          0|
    |ap_enable_reg_pp0_iter2                  |   1|   0|    1|          0|
    |ap_enable_reg_pp0_iter20                 |   1|   0|    1|          0|
    |ap_enable_reg_pp0_iter21                 |   1|   0|    1|          0|
    |ap_enable_reg_pp0_iter22                 |   1|   0|    1|          0|
    |ap_enable_reg_pp0_iter23                 |   1|   0|    1|          0|
    |ap_enable_reg_pp0_iter3                  |   1|   0|    1|          0|
    |ap_enable_reg_pp0_iter4                  |   1|   0|    1|          0|
    |ap_enable_reg_pp0_iter5                  |   1|   0|    1|          0|
    |ap_enable_reg_pp0_iter6                  |   1|   0|    1|          0|
    |ap_enable_reg_pp0_iter7                  |   1|   0|    1|          0|
    |ap_enable_reg_pp0_iter8                  |   1|   0|    1|          0|
    |ap_enable_reg_pp0_iter9                  |   1|   0|    1|          0|
    |ap_loop_exit_ready_pp0_iter10_reg        |   1|   0|    1|          0|
    |ap_loop_exit_ready_pp0_iter11_reg        |   1|   0|    1|          0|
    |ap_loop_exit_ready_pp0_iter12_reg        |   1|   0|    1|          0|
    |ap_loop_exit_ready_pp0_iter13_reg        |   1|   0|    1|          0|
    |ap_loop_exit_ready_pp0_iter14_reg        |   1|   0|    1|          0|
    |ap_loop_exit_ready_pp0_iter15_reg        |   1|   0|    1|          0|
    |ap_loop_exit_ready_pp0_iter16_reg        |   1|   0|    1|          0|
    |ap_loop_exit_ready_pp0_iter17_reg        |   1|   0|    1|          0|
    |ap_loop_exit_ready_pp0_iter18_reg        |   1|   0|    1|          0|
    |ap_loop_exit_ready_pp0_iter19_reg        |   1|   0|    1|          0|
    |ap_loop_exit_ready_pp0_iter1_reg         |   1|   0|    1|          0|
    |ap_loop_exit_ready_pp0_iter20_reg        |   1|   0|    1|          0|
    |ap_loop_exit_ready_pp0_iter21_reg        |   1|   0|    1|          0|
    |ap_loop_exit_ready_pp0_iter22_reg        |   1|   0|    1|          0|
    |ap_loop_exit_ready_pp0_iter2_reg         |   1|   0|    1|          0|
    |ap_loop_exit_ready_pp0_iter3_reg         |   1|   0|    1|          0|
    |ap_loop_exit_ready_pp0_iter4_reg         |   1|   0|    1|          0|
    |ap_loop_exit_ready_pp0_iter5_reg         |   1|   0|    1|          0|
    |ap_loop_exit_ready_pp0_iter6_reg         |   1|   0|    1|          0|
    |ap_loop_exit_ready_pp0_iter7_reg         |   1|   0|    1|          0|
    |ap_loop_exit_ready_pp0_iter8_reg         |   1|   0|    1|          0|
    |ap_loop_exit_ready_pp0_iter9_reg         |   1|   0|    1|          0|
    |ap_phi_reg_pp0_iter10_hHatch_reg_1026    |   1|   0|    1|          0|
    |ap_phi_reg_pp0_iter11_hHatch_reg_1026    |   1|   0|    1|          0|
    |ap_phi_reg_pp0_iter12_hHatch_reg_1026    |   1|   0|    1|          0|
    |ap_phi_reg_pp0_iter13_hHatch_reg_1026    |   1|   0|    1|          0|
    |ap_phi_reg_pp0_iter14_hHatch_reg_1026    |   1|   0|    1|          0|
    |ap_phi_reg_pp0_iter15_hHatch_reg_1026    |   1|   0|    1|          0|
    |ap_phi_reg_pp0_iter16_hHatch_reg_1026    |   1|   0|    1|          0|
    |ap_phi_reg_pp0_iter17_hHatch_reg_1026    |   1|   0|    1|          0|
    |ap_phi_reg_pp0_iter18_hHatch_reg_1026    |   1|   0|    1|          0|
    |ap_phi_reg_pp0_iter19_hHatch_reg_1026    |   1|   0|    1|          0|
    |ap_phi_reg_pp0_iter1_hHatch_reg_1026     |   1|   0|    1|          0|
    |ap_phi_reg_pp0_iter20_hHatch_reg_1026    |   1|   0|    1|          0|
    |ap_phi_reg_pp0_iter21_hHatch_reg_1026    |   1|   0|    1|          0|
    |ap_phi_reg_pp0_iter22_hHatch_reg_1026    |   1|   0|    1|          0|
    |ap_phi_reg_pp0_iter2_hHatch_reg_1026     |   1|   0|    1|          0|
    |ap_phi_reg_pp0_iter3_hHatch_reg_1026     |   1|   0|    1|          0|
    |ap_phi_reg_pp0_iter4_hHatch_reg_1026     |   1|   0|    1|          0|
    |ap_phi_reg_pp0_iter5_hHatch_reg_1026     |   1|   0|    1|          0|
    |ap_phi_reg_pp0_iter6_hHatch_reg_1026     |   1|   0|    1|          0|
    |ap_phi_reg_pp0_iter7_hHatch_reg_1026     |   1|   0|    1|          0|
    |ap_phi_reg_pp0_iter8_hHatch_reg_1026     |   1|   0|    1|          0|
    |ap_phi_reg_pp0_iter9_hHatch_reg_1026     |   1|   0|    1|          0|
    |ap_predicate_pred1425_state23            |   1|   0|    1|          0|
    |ap_predicate_pred1443_state23            |   1|   0|    1|          0|
    |ap_predicate_pred1557_state23            |   1|   0|    1|          0|
    |ap_predicate_pred1586_state23            |   1|   0|    1|          0|
    |ap_predicate_pred1591_state23            |   1|   0|    1|          0|
    |ap_predicate_pred1610_state23            |   1|   0|    1|          0|
    |ap_predicate_pred1624_state23            |   1|   0|    1|          0|
    |ap_predicate_pred1628_state22            |   1|   0|    1|          0|
    |ap_predicate_pred1634_state22            |   1|   0|    1|          0|
    |ap_predicate_pred1652_state20            |   1|   0|    1|          0|
    |ap_predicate_pred1658_state20            |   1|   0|    1|          0|
    |ap_predicate_pred1674_state6             |   1|   0|    1|          0|
    |ap_predicate_pred1680_state6             |   1|   0|    1|          0|
    |ap_predicate_pred1699_state19            |   1|   0|    1|          0|
    |ap_predicate_pred1703_state19            |   1|   0|    1|          0|
    |ap_predicate_pred1709_state19            |   1|   0|    1|          0|
    |ap_predicate_pred1724_state19            |   1|   0|    1|          0|
    |ap_predicate_pred1740_state23            |   1|   0|    1|          0|
    |ap_predicate_pred1750_state19            |   1|   0|    1|          0|
    |ap_predicate_pred1754_state19            |   1|   0|    1|          0|
    |ap_predicate_pred1760_state19            |   1|   0|    1|          0|
    |ap_predicate_pred1774_state19            |   1|   0|    1|          0|
    |ap_predicate_pred1790_state22            |   1|   0|    1|          0|
    |ap_predicate_pred1790_state23            |   1|   0|    1|          0|
    |ap_predicate_pred1809_state19            |   1|   0|    1|          0|
    |ap_predicate_pred1815_state19            |   1|   0|    1|          0|
    |ap_predicate_pred1827_state19            |   1|   0|    1|          0|
    |ap_predicate_pred1834_state19            |   1|   0|    1|          0|
    |ap_predicate_pred1862_state23            |   1|   0|    1|          0|
    |ap_predicate_pred1874_state23            |   1|   0|    1|          0|
    |ap_predicate_pred1918_state23            |   1|   0|    1|          0|
    |ap_predicate_pred1926_state23            |   1|   0|    1|          0|
    |ap_predicate_pred1933_state23            |   1|   0|    1|          0|
    |ap_predicate_pred1940_state23            |   1|   0|    1|          0|
    |ap_predicate_pred1947_state23            |   1|   0|    1|          0|
    |ap_predicate_pred1955_state23            |   1|   0|    1|          0|
    |ap_predicate_pred1997_state19            |   1|   0|    1|          0|
    |ap_predicate_pred2022_state5             |   1|   0|    1|          0|
    |ap_predicate_pred2035_state18            |   1|   0|    1|          0|
    |ap_predicate_pred2079_state18            |   1|   0|    1|          0|
    |ap_predicate_pred2101_state22            |   1|   0|    1|          0|
    |ap_predicate_pred2114_state22            |   1|   0|    1|          0|
    |ap_predicate_pred2121_state22            |   1|   0|    1|          0|
    |ap_predicate_pred2157_state18            |   1|   0|    1|          0|
    |ap_predicate_pred2199_state18            |   1|   0|    1|          0|
    |ap_predicate_pred2215_state18            |   1|   0|    1|          0|
    |ap_predicate_pred2253_state18            |   1|   0|    1|          0|
    |ap_predicate_pred423_state21             |   1|   0|    1|          0|
    |ap_predicate_pred423_state22             |   1|   0|    1|          0|
    |ap_predicate_pred423_state23             |   1|   0|    1|          0|
    |ap_predicate_pred428_state21             |   1|   0|    1|          0|
    |ap_predicate_pred428_state22             |   1|   0|    1|          0|
    |ap_predicate_pred428_state23             |   1|   0|    1|          0|
    |ap_predicate_pred434_state21             |   1|   0|    1|          0|
    |ap_predicate_pred434_state22             |   1|   0|    1|          0|
    |ap_predicate_pred434_state23             |   1|   0|    1|          0|
    |bSerie                                   |  28|   0|   28|          0|
    |b_reg_4070                               |   8|   0|    8|          0|
    |barWidth_cast_cast_reg_3710              |  11|   0|   12|          1|
    |conv2_i_i10_i233_cast_cast_reg_3715      |   8|   0|   16|          8|
    |gSerie                                   |  28|   0|   28|          0|
    |hdata_flag_1_fu_438                      |   1|   0|    1|          0|
    |icmp_ln1072_reg_3735                     |   1|   0|    1|          0|
    |icmp_ln1095_reg_3795                     |   1|   0|    1|          0|
    |icmp_ln1250_reg_3831                     |   1|   0|    1|          0|
    |icmp_ln1330_reg_3787                     |   1|   0|    1|          0|
    |icmp_ln1381_reg_3783                     |   1|   0|    1|          0|
    |icmp_ln1405_reg_3827                     |   1|   0|    1|          0|
    |icmp_ln1473_reg_3779                     |   1|   0|    1|          0|
    |icmp_ln1563_reg_3771                     |   1|   0|    1|          0|
    |icmp_ln1586_reg_3807                     |   1|   0|    1|          0|
    |icmp_ln1629_reg_3766                     |   1|   0|    1|          0|
    |icmp_ln1746_reg_3757                     |   1|   0|    1|          0|
    |icmp_ln565_reg_3720                      |   1|   0|    1|          0|
    |lshr_ln3_reg_3845                        |  11|   0|   11|          0|
    |mul_ln1356_reg_4232                      |  28|   0|   28|          0|
    |mul_ln1356_reg_4232_pp0_iter21_reg       |  28|   0|   28|          0|
    |phi_mul_fu_426                           |  16|   0|   16|          0|
    |pix_5_reg_4278                           |   8|   0|    8|          0|
    |pix_6_reg_4283                           |   8|   0|    8|          0|
    |pix_7_reg_4258                           |   8|   0|    8|          0|
    |pix_8_reg_4263                           |   8|   0|    8|          0|
    |pix_9_reg_4268                           |   8|   0|    8|          0|
    |pix_reg_4273                             |   8|   0|    8|          0|
    |rSerie                                   |  28|   0|   28|          0|
    |r_reg_4065                               |   8|   0|    8|          0|
    |r_reg_4065_pp0_iter17_reg                |   8|   0|    8|          0|
    |rampVal_2_flag_1_fu_434                  |   1|   0|    1|          0|
    |rampVal_3_flag_1_fu_442                  |   1|   0|    1|          0|
    |reg_1048                                 |   8|   0|    8|          0|
    |reg_1052                                 |   8|   0|    8|          0|
    |reg_1056                                 |   8|   0|    8|          0|
    |select_ln1309_reg_4298                   |   8|   0|    8|          0|
    |select_ln1311_reg_4303                   |   8|   0|    8|          0|
    |select_ln1314_reg_4212                   |   8|   0|    8|          0|
    |select_ln1314_reg_4212_pp0_iter21_reg    |   8|   0|    8|          0|
    |sub_ln1356_1_reg_4308                    |   8|   0|    8|          0|
    |tmp_11_reg_3870                          |   9|   0|    9|          0|
    |tmp_13_reg_3875                          |   9|   0|    9|          0|
    |tmp_16_reg_4202                          |   1|   0|    1|          0|
    |tmp_17_reg_4137                          |   1|   0|    1|          0|
    |tmp_1_reg_4055                           |   9|   0|    9|          0|
    |tmp_9_reg_3865                           |   9|   0|    9|          0|
    |tmp_reg_4045                             |   9|   0|    9|          0|
    |tmp_s_reg_4050                           |   9|   0|    9|          0|
    |tpgSinTableArray_9bit_0_load_1_reg_3990  |   8|   0|    8|          0|
    |tpgSinTableArray_9bit_0_load_2_reg_4020  |   8|   0|    8|          0|
    |tpgSinTableArray_9bit_0_load_reg_3960    |   8|   0|    8|          0|
    |tpgSinTableArray_9bit_1_load_1_reg_3995  |   8|   0|    8|          0|
    |tpgSinTableArray_9bit_1_load_2_reg_4025  |   8|   0|    8|          0|
    |tpgSinTableArray_9bit_1_load_reg_3965    |   8|   0|    8|          0|
    |tpgSinTableArray_9bit_2_load_1_reg_4000  |   9|   0|    9|          0|
    |tpgSinTableArray_9bit_2_load_2_reg_4030  |   9|   0|    9|          0|
    |tpgSinTableArray_9bit_2_load_reg_3970    |   9|   0|    9|          0|
    |tpgSinTableArray_9bit_3_load_1_reg_4005  |   8|   0|    8|          0|
    |tpgSinTableArray_9bit_3_load_2_reg_4035  |   8|   0|    8|          0|
    |tpgSinTableArray_9bit_3_load_reg_3975    |   8|   0|    8|          0|
    |tpgSinTableArray_9bit_4_load_1_reg_4010  |   8|   0|    8|          0|
    |tpgSinTableArray_9bit_4_load_2_reg_4040  |   8|   0|    8|          0|
    |tpgSinTableArray_9bit_4_load_reg_3980    |   8|   0|    8|          0|
    |tpgSinTableArray_load_reg_4094           |  20|   0|   20|          0|
    |trunc_ln1356_reg_4238                    |  27|   0|   27|          0|
    |trunc_ln1655_reg_4288                    |   8|   0|    8|          0|
    |trunc_ln1726_reg_3761                    |   1|   0|    1|          0|
    |trunc_ln565_10_reg_3729                  |  11|   0|   11|          0|
    |trunc_ln8_reg_4207                       |   8|   0|    8|          0|
    |trunc_ln9_reg_4142                       |   8|   0|    8|          0|
    |urem_ln1281_reg_3955                     |   3|   0|    3|          0|
    |urem_ln1285_reg_3985                     |   3|   0|    3|          0|
    |urem_ln1289_reg_4015                     |   3|   0|    3|          0|
    |vHatch                                   |   1|   0|    1|          0|
    |xBar_0                                   |  11|   0|   11|          0|
    |xCount_0                                 |  10|   0|   10|          0|
    |xCount_3_0                               |  10|   0|   10|          0|
    |xCount_4_0                               |  10|   0|   10|          0|
    |xCount_5_0                               |  10|   0|   10|          0|
    |x_fu_430                                 |  16|   0|   16|          0|
    |yCount                                   |  10|   0|   10|          0|
    |yCount_1                                 |   6|   0|    6|          0|
    |yCount_2                                 |  10|   0|   10|          0|
    |yCount_3                                 |  10|   0|   10|          0|
    |zext_ln1302_1_reg_4082                   |   8|   0|   16|          8|
    |zext_ln565_cast_reg_3703                 |   2|   0|   16|         14|
    |zonePlateVDelta                          |  16|   0|   16|          0|
    |add_ln549_1_reg_3751                     |  64|  32|   11|          0|
    |add_ln549_reg_3745                       |  64|  32|   11|          0|
    |and_ln1337_reg_3791                      |  64|  32|    1|          0|
    |and_ln1386_reg_3823                      |  64|  32|    1|          0|
    |and_ln1449_reg_3775                      |  64|  32|    1|          0|
    |and_ln1454_reg_3811                      |  64|  32|    1|          0|
    |and_ln1568_reg_3803                      |  64|  32|    1|          0|
    |and_ln1751_reg_3799                      |  64|  32|    1|          0|
    |b_reg_4070                               |  64|  32|    8|          0|
    |icmp_ln1072_reg_3735                     |  64|  32|    1|          0|
    |icmp_ln1095_reg_3795                     |  64|  32|    1|          0|
    |icmp_ln1250_reg_3831                     |  64|  32|    1|          0|
    |icmp_ln1330_reg_3787                     |  64|  32|    1|          0|
    |icmp_ln1381_reg_3783                     |  64|  32|    1|          0|
    |icmp_ln1405_reg_3827                     |  64|  32|    1|          0|
    |icmp_ln1563_reg_3771                     |  64|  32|    1|          0|
    |icmp_ln1586_reg_3807                     |  64|  32|    1|          0|
    |icmp_ln1629_reg_3766                     |  64|  32|    1|          0|
    |icmp_ln1746_reg_3757                     |  64|  32|    1|          0|
    |icmp_ln565_reg_3720                      |  64|  32|    1|          0|
    |lshr_ln3_reg_3845                        |  64|  32|   11|          0|
    |trunc_ln1726_reg_3761                    |  64|  32|    1|          0|
    |trunc_ln565_10_reg_3729                  |  64|  32|   11|          0|
    +-----------------------------------------+----+----+-----+-----------+
    |Total                                    |2363| 736|  992|         31|
    +-----------------------------------------+----+----+-----+-----------+



================================================================
== Interface
================================================================
* Summary: 
+-----------------------------------+-----+-----+------------+-----------------------------------------+--------------+
|             RTL Ports             | Dir | Bits|  Protocol  |              Source Object              |    C Type    |
+-----------------------------------+-----+-----+------------+-----------------------------------------+--------------+
|ap_clk                             |   in|    1|  ap_ctrl_hs|  tpgBackground_Pipeline_VITIS_LOOP_565_2|  return value|
|ap_rst                             |   in|    1|  ap_ctrl_hs|  tpgBackground_Pipeline_VITIS_LOOP_565_2|  return value|
|ap_start                           |   in|    1|  ap_ctrl_hs|  tpgBackground_Pipeline_VITIS_LOOP_565_2|  return value|
|ap_done                            |  out|    1|  ap_ctrl_hs|  tpgBackground_Pipeline_VITIS_LOOP_565_2|  return value|
|ap_idle                            |  out|    1|  ap_ctrl_hs|  tpgBackground_Pipeline_VITIS_LOOP_565_2|  return value|
|ap_ready                           |  out|    1|  ap_ctrl_hs|  tpgBackground_Pipeline_VITIS_LOOP_565_2|  return value|
|bckgndYUV_din                      |  out|   24|     ap_fifo|                                bckgndYUV|       pointer|
|bckgndYUV_num_data_valid           |   in|    5|     ap_fifo|                                bckgndYUV|       pointer|
|bckgndYUV_fifo_cap                 |   in|    5|     ap_fifo|                                bckgndYUV|       pointer|
|bckgndYUV_full_n                   |   in|    1|     ap_fifo|                                bckgndYUV|       pointer|
|bckgndYUV_write                    |  out|    1|     ap_fifo|                                bckgndYUV|       pointer|
|rampVal_3_flag_0                   |   in|    1|     ap_none|                         rampVal_3_flag_0|        scalar|
|hdata_flag_0                       |   in|    1|     ap_none|                             hdata_flag_0|        scalar|
|rampVal_2_flag_0                   |   in|    1|     ap_none|                         rampVal_2_flag_0|        scalar|
|width_val                          |   in|   16|     ap_none|                                width_val|        scalar|
|rampStart_1                        |   in|    8|     ap_none|                              rampStart_1|        scalar|
|ZplateHorContStart_val             |   in|   16|     ap_none|                   ZplateHorContStart_val|        scalar|
|patternId_val                      |   in|    8|     ap_none|                            patternId_val|        scalar|
|conv2_i_i10_i233_cast              |   in|    8|     ap_none|                    conv2_i_i10_i233_cast|        scalar|
|y                                  |   in|   16|     ap_none|                                        y|        scalar|
|empty_41                           |   in|    8|     ap_none|                                 empty_41|        scalar|
|barWidth_cast                      |   in|   11|     ap_none|                            barWidth_cast|        scalar|
|barWidth                           |   in|   11|     ap_none|                                 barWidth|        scalar|
|shl_i                              |   in|   16|     ap_none|                                    shl_i|        scalar|
|ZplateHorContDelta_val             |   in|   16|     ap_none|                   ZplateHorContDelta_val|        scalar|
|ZplateVerContStart_val             |   in|   16|     ap_none|                   ZplateVerContStart_val|        scalar|
|cmp12_i                            |   in|    1|     ap_none|                                  cmp12_i|        scalar|
|ZplateVerContDelta_val             |   in|   16|     ap_none|                   ZplateVerContDelta_val|        scalar|
|sub_i_i_i                          |   in|   11|     ap_none|                                sub_i_i_i|        scalar|
|barWidthMinSamples                 |   in|   10|     ap_none|                       barWidthMinSamples|        scalar|
|cmp11_i                            |   in|    1|     ap_none|                                  cmp11_i|        scalar|
|cmp_i287                           |   in|    1|     ap_none|                                 cmp_i287|        scalar|
|sub35_i                            |   in|   17|     ap_none|                                  sub35_i|        scalar|
|empty                              |   in|    8|     ap_none|                                    empty|        scalar|
|zext_ln565                         |   in|    2|     ap_none|                               zext_ln565|        scalar|
|cmp121_i                           |   in|    1|     ap_none|                                 cmp121_i|        scalar|
|rampVal_3_flag_1_out               |  out|    1|      ap_vld|                     rampVal_3_flag_1_out|       pointer|
|rampVal_3_flag_1_out_ap_vld        |  out|    1|      ap_vld|                     rampVal_3_flag_1_out|       pointer|
|rampVal_3_new_1_out                |  out|   16|      ap_vld|                      rampVal_3_new_1_out|       pointer|
|rampVal_3_new_1_out_ap_vld         |  out|    1|      ap_vld|                      rampVal_3_new_1_out|       pointer|
|rampVal_3_loc_1_out_i              |   in|   16|     ap_ovld|                      rampVal_3_loc_1_out|       pointer|
|rampVal_3_loc_1_out_o              |  out|   16|     ap_ovld|                      rampVal_3_loc_1_out|       pointer|
|rampVal_3_loc_1_out_o_ap_vld       |  out|    1|     ap_ovld|                      rampVal_3_loc_1_out|       pointer|
|rampVal_loc_1_out_i                |   in|   16|     ap_ovld|                        rampVal_loc_1_out|       pointer|
|rampVal_loc_1_out_o                |  out|   16|     ap_ovld|                        rampVal_loc_1_out|       pointer|
|rampVal_loc_1_out_o_ap_vld         |  out|    1|     ap_ovld|                        rampVal_loc_1_out|       pointer|
|hBarSel_4_0_loc_1_out_i            |   in|    8|     ap_ovld|                    hBarSel_4_0_loc_1_out|       pointer|
|hBarSel_4_0_loc_1_out_o            |  out|    8|     ap_ovld|                    hBarSel_4_0_loc_1_out|       pointer|
|hBarSel_4_0_loc_1_out_o_ap_vld     |  out|    1|     ap_ovld|                    hBarSel_4_0_loc_1_out|       pointer|
|zonePlateVAddr_loc_1_out_i         |   in|   16|     ap_ovld|                 zonePlateVAddr_loc_1_out|       pointer|
|zonePlateVAddr_loc_1_out_o         |  out|   16|     ap_ovld|                 zonePlateVAddr_loc_1_out|       pointer|
|zonePlateVAddr_loc_1_out_o_ap_vld  |  out|    1|     ap_ovld|                 zonePlateVAddr_loc_1_out|       pointer|
|vBarSel_loc_1_out_i                |   in|    8|     ap_ovld|                        vBarSel_loc_1_out|       pointer|
|vBarSel_loc_1_out_o                |  out|    8|     ap_ovld|                        vBarSel_loc_1_out|       pointer|
|vBarSel_loc_1_out_o_ap_vld         |  out|    1|     ap_ovld|                        vBarSel_loc_1_out|       pointer|
|hBarSel_0_loc_1_out_i              |   in|    8|     ap_ovld|                      hBarSel_0_loc_1_out|       pointer|
|hBarSel_0_loc_1_out_o              |  out|    8|     ap_ovld|                      hBarSel_0_loc_1_out|       pointer|
|hBarSel_0_loc_1_out_o_ap_vld       |  out|    1|     ap_ovld|                      hBarSel_0_loc_1_out|       pointer|
|hdata_flag_1_out                   |  out|    1|      ap_vld|                         hdata_flag_1_out|       pointer|
|hdata_flag_1_out_ap_vld            |  out|    1|      ap_vld|                         hdata_flag_1_out|       pointer|
|hdata_new_1_out                    |  out|   16|      ap_vld|                          hdata_new_1_out|       pointer|
|hdata_new_1_out_ap_vld             |  out|    1|      ap_vld|                          hdata_new_1_out|       pointer|
|hdata_loc_1_out_i                  |   in|   16|     ap_ovld|                          hdata_loc_1_out|       pointer|
|hdata_loc_1_out_o                  |  out|   16|     ap_ovld|                          hdata_loc_1_out|       pointer|
|hdata_loc_1_out_o_ap_vld           |  out|    1|     ap_ovld|                          hdata_loc_1_out|       pointer|
|vBarSel_2_loc_1_out_i              |   in|    8|     ap_ovld|                      vBarSel_2_loc_1_out|       pointer|
|vBarSel_2_loc_1_out_o              |  out|    8|     ap_ovld|                      vBarSel_2_loc_1_out|       pointer|
|vBarSel_2_loc_1_out_o_ap_vld       |  out|    1|     ap_ovld|                      vBarSel_2_loc_1_out|       pointer|
|hBarSel_3_0_loc_1_out_i            |   in|    8|     ap_ovld|                    hBarSel_3_0_loc_1_out|       pointer|
|hBarSel_3_0_loc_1_out_o            |  out|    8|     ap_ovld|                    hBarSel_3_0_loc_1_out|       pointer|
|hBarSel_3_0_loc_1_out_o_ap_vld     |  out|    1|     ap_ovld|                    hBarSel_3_0_loc_1_out|       pointer|
|rampVal_2_flag_1_out               |  out|    1|      ap_vld|                     rampVal_2_flag_1_out|       pointer|
|rampVal_2_flag_1_out_ap_vld        |  out|    1|      ap_vld|                     rampVal_2_flag_1_out|       pointer|
|rampVal_2_new_1_out                |  out|   16|      ap_vld|                      rampVal_2_new_1_out|       pointer|
|rampVal_2_new_1_out_ap_vld         |  out|    1|      ap_vld|                      rampVal_2_new_1_out|       pointer|
|rampVal_2_loc_1_out_i              |   in|   16|     ap_ovld|                      rampVal_2_loc_1_out|       pointer|
|rampVal_2_loc_1_out_o              |  out|   16|     ap_ovld|                      rampVal_2_loc_1_out|       pointer|
|rampVal_2_loc_1_out_o_ap_vld       |  out|    1|     ap_ovld|                      rampVal_2_loc_1_out|       pointer|
|vBarSel_3_loc_1_out_i              |   in|    8|     ap_ovld|                      vBarSel_3_loc_1_out|       pointer|
|vBarSel_3_loc_1_out_o              |  out|    8|     ap_ovld|                      vBarSel_3_loc_1_out|       pointer|
|vBarSel_3_loc_1_out_o_ap_vld       |  out|    1|     ap_ovld|                      vBarSel_3_loc_1_out|       pointer|
|hBarSel_5_0_loc_1_out_i            |   in|    8|     ap_ovld|                    hBarSel_5_0_loc_1_out|       pointer|
|hBarSel_5_0_loc_1_out_o            |  out|    8|     ap_ovld|                    hBarSel_5_0_loc_1_out|       pointer|
|hBarSel_5_0_loc_1_out_o_ap_vld     |  out|    1|     ap_ovld|                    hBarSel_5_0_loc_1_out|       pointer|
|p_0_2_0_0_0217_out_i               |   in|    8|     ap_ovld|                       p_0_2_0_0_0217_out|       pointer|
|p_0_2_0_0_0217_out_o               |  out|    8|     ap_ovld|                       p_0_2_0_0_0217_out|       pointer|
|p_0_2_0_0_0217_out_o_ap_vld        |  out|    1|     ap_ovld|                       p_0_2_0_0_0217_out|       pointer|
|p_0_1_0_0_0215_out_i               |   in|    8|     ap_ovld|                       p_0_1_0_0_0215_out|       pointer|
|p_0_1_0_0_0215_out_o               |  out|    8|     ap_ovld|                       p_0_1_0_0_0215_out|       pointer|
|p_0_1_0_0_0215_out_o_ap_vld        |  out|    1|     ap_ovld|                       p_0_1_0_0_0215_out|       pointer|
|p_0_0_0_0_0213_out_i               |   in|    8|     ap_ovld|                       p_0_0_0_0_0213_out|       pointer|
|p_0_0_0_0_0213_out_o               |  out|    8|     ap_ovld|                       p_0_0_0_0_0213_out|       pointer|
|p_0_0_0_0_0213_out_o_ap_vld        |  out|    1|     ap_ovld|                       p_0_0_0_0_0213_out|       pointer|
|rampVal                            |  out|    8|      ap_vld|                                  rampVal|       pointer|
|rampVal_ap_vld                     |  out|    1|      ap_vld|                                  rampVal|       pointer|
|hBarSel_4_0                        |  out|    8|      ap_vld|                              hBarSel_4_0|       pointer|
|hBarSel_4_0_ap_vld                 |  out|    1|      ap_vld|                              hBarSel_4_0|       pointer|
|zonePlateVAddr                     |  out|   16|      ap_vld|                           zonePlateVAddr|       pointer|
|zonePlateVAddr_ap_vld              |  out|    1|      ap_vld|                           zonePlateVAddr|       pointer|
|hBarSel_0                          |  out|    3|      ap_vld|                                hBarSel_0|       pointer|
|hBarSel_0_ap_vld                   |  out|    1|      ap_vld|                                hBarSel_0|       pointer|
|vBarSel                            |  out|    3|      ap_vld|                                  vBarSel|       pointer|
|vBarSel_ap_vld                     |  out|    1|      ap_vld|                                  vBarSel|       pointer|
|hBarSel_3_0                        |  out|    3|      ap_vld|                              hBarSel_3_0|       pointer|
|hBarSel_3_0_ap_vld                 |  out|    1|      ap_vld|                              hBarSel_3_0|       pointer|
|vBarSel_2                          |  out|    8|      ap_vld|                                vBarSel_2|       pointer|
|vBarSel_2_ap_vld                   |  out|    1|      ap_vld|                                vBarSel_2|       pointer|
|hBarSel_5_0                        |  out|    3|      ap_vld|                              hBarSel_5_0|       pointer|
|hBarSel_5_0_ap_vld                 |  out|    1|      ap_vld|                              hBarSel_5_0|       pointer|
|vBarSel_1                          |  out|    1|      ap_vld|                                vBarSel_1|       pointer|
|vBarSel_1_ap_vld                   |  out|    1|      ap_vld|                                vBarSel_1|       pointer|
+-----------------------------------+-----+-----+------------+-----------------------------------------+--------------+

