

================================================================
== Vitis HLS Report for 'v_tpg'
================================================================
* Date:           Fri Mar  1 09:43:21 2024

* Version:        2023.2 (Build 4023990 on Oct 11 2023)
* Project:        prj
* Solution:       sol (Vivado IP Flow Target)
* Product family: zynq
* Target device:  xc7z020-clg484-1


================================================================
== Performance Estimates
================================================================
+ Timing: 
    * Summary: 
    +--------+---------+----------+------------+
    |  Clock |  Target | Estimated| Uncertainty|
    +--------+---------+----------+------------+
    |ap_clk  |  6.73 ns|  7.209 ns|     1.82 ns|
    +--------+---------+----------+------------+

+ Latency: 
    * Summary: 
    +---------+------------+----------+------------+-----+------------+---------+
    |   Latency (cycles)   |   Latency (absolute)  |     Interval     | Pipeline|
    |   min   |     max    |    min   |     max    | min |     max    |   Type  |
    +---------+------------+----------+------------+-----+------------+---------+
    |       39|  4296671211|  0.281 us|  30.975 sec|   40|  4296671212|       no|
    +---------+------------+----------+------------+-----+------------+---------+

    + Detail: 
        * Instance: 
        +---------------------------------+----------------------+---------+------------+----------+------------+-----+------------+----------+
        |                                 |                      |   Latency (cycles)   |   Latency (absolute)  |     Interval     | Pipeline |
        |             Instance            |        Module        |   min   |     max    |    min   |     max    | min |     max    |   Type   |
        +---------------------------------+----------------------+---------+------------+----------+------------+-----+------------+----------+
        |grp_v_tpgHlsDataFlow_fu_405      |v_tpgHlsDataFlow      |       35|  4296671206|  0.252 us|  30.975 sec|    3|  4296671207|  dataflow|
        |grp_reg_unsigned_short_s_fu_568  |reg_unsigned_short_s  |        1|           1|  6.734 ns|    6.734 ns|    1|           1|       yes|
        +---------------------------------+----------------------+---------+------------+----------+------------+-----+------------+----------+

        * Loop: 
        N/A



================================================================
== Utilization Estimates
================================================================
* Summary: 
+-----------------+---------+-----+--------+-------+-----+
|       Name      | BRAM_18K| DSP |   FF   |  LUT  | URAM|
+-----------------+---------+-----+--------+-------+-----+
|DSP              |        -|    -|       -|      -|    -|
|Expression       |        -|    -|       0|    214|    -|
|FIFO             |        -|    -|       -|      -|    -|
|Instance         |       19|   13|    9321|  10185|    0|
|Memory           |        -|    -|       -|      -|    -|
|Multiplexer      |        -|    -|       -|     46|    -|
|Register         |        -|    -|     370|      -|    -|
+-----------------+---------+-----+--------+-------+-----+
|Total            |       19|   13|    9691|  10445|    0|
+-----------------+---------+-----+--------+-------+-----+
|Available        |      280|  220|  106400|  53200|    0|
+-----------------+---------+-----+--------+-------+-----+
|Utilization (%)  |        6|    5|       9|     19|    0|
+-----------------+---------+-----+--------+-------+-----+

+ Detail: 
    * Instance: 
    +---------------------------------+----------------------+---------+----+------+------+-----+
    |             Instance            |        Module        | BRAM_18K| DSP|  FF  |  LUT | URAM|
    +---------------------------------+----------------------+---------+----+------+------+-----+
    |CTRL_s_axi_U                     |CTRL_s_axi            |        0|   0|   442|   600|    0|
    |grp_reg_unsigned_short_s_fu_568  |reg_unsigned_short_s  |        0|   0|    16|     0|    0|
    |grp_v_tpgHlsDataFlow_fu_405      |v_tpgHlsDataFlow      |       19|  13|  8863|  9585|    0|
    +---------------------------------+----------------------+---------+----+------+------+-----+
    |Total                            |                      |       19|  13|  9321| 10185|    0|
    +---------------------------------+----------------------+---------+----+------+------+-----+

    * DSP: 
    N/A

    * Memory: 
    N/A

    * FIFO: 
    N/A

    * Expression: 
    +-------------------------------------------------+----------+----+---+----+------------+------------+
    |                  Variable Name                  | Operation| DSP| FF| LUT| Bitwidth P0| Bitwidth P1|
    +-------------------------------------------------+----------+----+---+----+------------+------------+
    |add_ln502_fu_584_p2                              |         +|   0|  0|  39|          32|           1|
    |add_ln507_fu_615_p2                              |         +|   0|  0|  39|          32|           1|
    |grp_v_tpgHlsDataFlow_fu_405_m_axis_video_TREADY  |       and|   0|  0|   2|           1|           1|
    |icmp_ln500_fu_574_p2                             |      icmp|   0|  0|  23|          16|           1|
    |icmp_ln503_fu_590_p2                             |      icmp|   0|  0|  39|          32|           4|
    |icmp_ln505_fu_609_p2                             |      icmp|   0|  0|  36|          29|           1|
    |ap_sync_grp_v_tpgHlsDataFlow_fu_405_ap_done      |        or|   0|  0|   2|           1|           1|
    |ap_sync_grp_v_tpgHlsDataFlow_fu_405_ap_ready     |        or|   0|  0|   2|           1|           1|
    |select_ln505_fu_621_p3                           |    select|   0|  0|  32|           1|          32|
    +-------------------------------------------------+----------+----+---+----+------------+------------+
    |Total                                            |          |   0|  0| 214|         145|          43|
    +-------------------------------------------------+----------+----+---+----+------------+------------+

    * Multiplexer: 
    +---------------------+----+-----------+-----+-----------+
    |         Name        | LUT| Input Size| Bits| Total Bits|
    +---------------------+----+-----------+-----+-----------+
    |ap_NS_fsm            |  37|          7|    1|          7|
    |count_new_0_reg_394  |   9|          2|   32|         64|
    +---------------------+----+-----------+-----+-----------+
    |Total                |  46|          9|   33|         71|
    +---------------------+----+-----------+-----+-----------+

    * Register: 
    +--------------------------------------------------+----+----+-----+-----------+
    |                       Name                       | FF | LUT| Bits| Const Bits|
    +--------------------------------------------------+----+----+-----+-----------+
    |ZplateHorContDelta_read_reg_729                   |  16|   0|   16|          0|
    |ZplateHorContStart_read_reg_724                   |  16|   0|   16|          0|
    |ZplateVerContDelta_read_reg_739                   |  16|   0|   16|          0|
    |ZplateVerContStart_read_reg_734                   |  16|   0|   16|          0|
    |add_ln502_reg_660                                 |  32|   0|   32|          0|
    |ap_CS_fsm                                         |   6|   0|    6|          0|
    |ap_sync_reg_grp_v_tpgHlsDataFlow_fu_405_ap_done   |   1|   0|    1|          0|
    |ap_sync_reg_grp_v_tpgHlsDataFlow_fu_405_ap_ready  |   1|   0|    1|          0|
    |bckgndId_read_reg_689                             |   8|   0|    8|          0|
    |boxSize_read_reg_744                              |  16|   0|   16|          0|
    |colorFormat_read_reg_709                          |   8|   0|    8|          0|
    |count                                             |  32|   0|   32|          0|
    |count_new_0_reg_394                               |  32|   0|   32|          0|
    |crossHairX_read_reg_714                           |  16|   0|   16|          0|
    |crossHairY_read_reg_719                           |  16|   0|   16|          0|
    |dpYUVCoef_read_reg_764                            |   8|   0|    8|          0|
    |empty_103_reg_754                                 |   8|   0|    8|          0|
    |empty_104_reg_759                                 |   8|   0|    8|          0|
    |empty_reg_749                                     |   8|   0|    8|          0|
    |field_id_read_reg_679                             |  16|   0|   16|          0|
    |grp_v_tpgHlsDataFlow_fu_405_ap_start_reg          |   1|   0|    1|          0|
    |height_read_reg_669                               |  16|   0|   16|          0|
    |icmp_ln500_reg_656                                |   1|   0|    1|          0|
    |maskId_read_reg_699                               |   8|   0|    8|          0|
    |motionSpeed_read_reg_704                          |   8|   0|    8|          0|
    |ovrlayId_read_reg_694                             |   8|   0|    8|          0|
    |s                                                 |  32|   0|   32|          0|
    |width_read_reg_674                                |  16|   0|   16|          0|
    +--------------------------------------------------+----+----+-----+-----------+
    |Total                                             | 370|   0|  370|          0|
    +--------------------------------------------------+----+----+-----+-----------+



================================================================
== Interface
================================================================
* Summary: 
+---------------------+-----+-----+------------+-----------------------+--------------+
|      RTL Ports      | Dir | Bits|  Protocol  |     Source Object     |    C Type    |
+---------------------+-----+-----+------------+-----------------------+--------------+
|s_axi_CTRL_AWVALID   |   in|    1|       s_axi|                   CTRL|       pointer|
|s_axi_CTRL_AWREADY   |  out|    1|       s_axi|                   CTRL|       pointer|
|s_axi_CTRL_AWADDR    |   in|    8|       s_axi|                   CTRL|       pointer|
|s_axi_CTRL_WVALID    |   in|    1|       s_axi|                   CTRL|       pointer|
|s_axi_CTRL_WREADY    |  out|    1|       s_axi|                   CTRL|       pointer|
|s_axi_CTRL_WDATA     |   in|   32|       s_axi|                   CTRL|       pointer|
|s_axi_CTRL_WSTRB     |   in|    4|       s_axi|                   CTRL|       pointer|
|s_axi_CTRL_ARVALID   |   in|    1|       s_axi|                   CTRL|       pointer|
|s_axi_CTRL_ARREADY   |  out|    1|       s_axi|                   CTRL|       pointer|
|s_axi_CTRL_ARADDR    |   in|    8|       s_axi|                   CTRL|       pointer|
|s_axi_CTRL_RVALID    |  out|    1|       s_axi|                   CTRL|       pointer|
|s_axi_CTRL_RREADY    |   in|    1|       s_axi|                   CTRL|       pointer|
|s_axi_CTRL_RDATA     |  out|   32|       s_axi|                   CTRL|       pointer|
|s_axi_CTRL_RRESP     |  out|    2|       s_axi|                   CTRL|       pointer|
|s_axi_CTRL_BVALID    |  out|    1|       s_axi|                   CTRL|       pointer|
|s_axi_CTRL_BREADY    |   in|    1|       s_axi|                   CTRL|       pointer|
|s_axi_CTRL_BRESP     |  out|    2|       s_axi|                   CTRL|       pointer|
|ap_clk               |   in|    1|  ap_ctrl_hs|                  v_tpg|  return value|
|ap_rst_n             |   in|    1|  ap_ctrl_hs|                  v_tpg|  return value|
|interrupt            |  out|    1|  ap_ctrl_hs|                  v_tpg|  return value|
|fid_in               |   in|    1|     ap_none|                 fid_in|       pointer|
|m_axis_video_TDATA   |  out|   24|        axis|  m_axis_video_V_data_V|       pointer|
|m_axis_video_TVALID  |  out|    1|        axis|  m_axis_video_V_dest_V|       pointer|
|m_axis_video_TREADY  |   in|    1|        axis|  m_axis_video_V_dest_V|       pointer|
|m_axis_video_TDEST   |  out|    1|        axis|  m_axis_video_V_dest_V|       pointer|
|m_axis_video_TKEEP   |  out|    3|        axis|  m_axis_video_V_keep_V|       pointer|
|m_axis_video_TSTRB   |  out|    3|        axis|  m_axis_video_V_strb_V|       pointer|
|m_axis_video_TUSER   |  out|    1|        axis|  m_axis_video_V_user_V|       pointer|
|m_axis_video_TLAST   |  out|    1|        axis|  m_axis_video_V_last_V|       pointer|
|m_axis_video_TID     |  out|    1|        axis|    m_axis_video_V_id_V|       pointer|
|fid                  |  out|    1|     ap_none|                    fid|       pointer|
+---------------------+-----+-----+------------+-----------------------+--------------+

