20:13:22 DEBUG : Logs will be stored at 'C:/Vulcan/Design_Tool/Vitis/ZC702_Vitis/IDE.log'.
20:15:25 INFO  : Launching XSCT server: xsct.bat -n  -interactive C:\Vulcan\Design_Tool\Vitis\ZC702_Vitis\temp_xsdb_launch_script.tcl
20:15:25 INFO  : Registering command handlers for Vitis TCF services
20:15:26 INFO  : Platform repository initialization has completed.
20:15:29 INFO  : XSCT server has started successfully.
20:15:30 INFO  : plnx-install-location is set to ''
20:15:30 INFO  : Successfully done setting XSCT server connection channel  
20:15:30 INFO  : Successfully done query RDI_DATADIR 
20:15:30 INFO  : Successfully done setting workspace for the tool. 
20:16:32 INFO  : Result from executing command 'getProjects': zc702_gpio
20:16:32 INFO  : Result from executing command 'getPlatforms': xilinx_vck190_base_202320_1|C:/Xilinx/Vitis/2023.2/base_platforms/xilinx_vck190_base_202320_1/xilinx_vck190_base_202320_1.xpfm;xilinx_vck190_base_dfx_202320_1|C:/Xilinx/Vitis/2023.2/base_platforms/xilinx_vck190_base_dfx_202320_1/xilinx_vck190_base_dfx_202320_1.xpfm;xilinx_vek280_es1_base_202320_1|C:/Xilinx/Vitis/2023.2/base_platforms/xilinx_vek280_es1_base_202320_1/xilinx_vek280_es1_base_202320_1.xpfm;xilinx_vmk180_base_202320_1|C:/Xilinx/Vitis/2023.2/base_platforms/xilinx_vmk180_base_202320_1/xilinx_vmk180_base_202320_1.xpfm;xilinx_zcu102_base_202320_1|C:/Xilinx/Vitis/2023.2/base_platforms/xilinx_zcu102_base_202320_1/xilinx_zcu102_base_202320_1.xpfm;xilinx_zcu102_base_dfx_202320_1|C:/Xilinx/Vitis/2023.2/base_platforms/xilinx_zcu102_base_dfx_202320_1/xilinx_zcu102_base_dfx_202320_1.xpfm;xilinx_zcu104_base_202320_1|C:/Xilinx/Vitis/2023.2/base_platforms/xilinx_zcu104_base_202320_1/xilinx_zcu104_base_202320_1.xpfm
20:16:48 INFO  : Result from executing command 'getProjects': zc702_gpio
20:16:48 INFO  : Result from executing command 'getPlatforms': xilinx_vck190_base_202320_1|C:/Xilinx/Vitis/2023.2/base_platforms/xilinx_vck190_base_202320_1/xilinx_vck190_base_202320_1.xpfm;xilinx_vck190_base_dfx_202320_1|C:/Xilinx/Vitis/2023.2/base_platforms/xilinx_vck190_base_dfx_202320_1/xilinx_vck190_base_dfx_202320_1.xpfm;xilinx_vek280_es1_base_202320_1|C:/Xilinx/Vitis/2023.2/base_platforms/xilinx_vek280_es1_base_202320_1/xilinx_vek280_es1_base_202320_1.xpfm;xilinx_vmk180_base_202320_1|C:/Xilinx/Vitis/2023.2/base_platforms/xilinx_vmk180_base_202320_1/xilinx_vmk180_base_202320_1.xpfm;xilinx_zcu102_base_202320_1|C:/Xilinx/Vitis/2023.2/base_platforms/xilinx_zcu102_base_202320_1/xilinx_zcu102_base_202320_1.xpfm;xilinx_zcu102_base_dfx_202320_1|C:/Xilinx/Vitis/2023.2/base_platforms/xilinx_zcu102_base_dfx_202320_1/xilinx_zcu102_base_dfx_202320_1.xpfm;xilinx_zcu104_base_202320_1|C:/Xilinx/Vitis/2023.2/base_platforms/xilinx_zcu104_base_202320_1/xilinx_zcu104_base_202320_1.xpfm;zc702_gpio|C:/Vulcan/Design_Tool/Vitis/ZC702_Vitis/zc702_gpio/export/zc702_gpio/zc702_gpio.xpfm
20:18:20 INFO  : Example project xgpio_example_1 has been created successfully.
20:18:39 INFO  : Example project xgpiops_intr_example_1 has been created successfully.
20:18:41 INFO  : Checking for BSP changes to sync application flags for project 'xgpiops_intr_example_1'...
20:18:46 INFO  : Checking for BSP changes to sync application flags for project 'xgpio_example_1'...
22:01:48 INFO  : Checking for BSP changes to sync application flags for project 'gpio_w'...
22:57:25 INFO  : Checking for BSP changes to sync application flags for project 'gpio_r'...
22:58:50 INFO  : Checking for BSP changes to sync application flags for project 'gpio_r'...
22:59:38 INFO  : Checking for BSP changes to sync application flags for project 'gpio_r'...
23:25:44 INFO  : Checking for BSP changes to sync application flags for project 'axi_gpio'...
23:26:12 INFO  : Checking for BSP changes to sync application flags for project 'axi_gpio'...
23:26:19 INFO  : Checking for BSP changes to sync application flags for project 'axi_gpio'...
22:03:30 DEBUG : Logs will be stored at 'C:/Vulcan/Design_Tool/Vitis/ZC702_Vitis/IDE.log'.
22:03:30 INFO  : Launching XSCT server: xsct.bat -n  -interactive C:\Vulcan\Design_Tool\Vitis\ZC702_Vitis\temp_xsdb_launch_script.tcl
22:03:32 INFO  : XSCT server has started successfully.
22:03:32 INFO  : plnx-install-location is set to ''
22:03:32 INFO  : Successfully done setting XSCT server connection channel  
22:03:32 INFO  : Successfully done setting workspace for the tool. 
22:03:34 INFO  : Platform repository initialization has completed.
22:04:28 INFO  : Registering command handlers for Vitis TCF services
22:04:29 INFO  : Successfully done query RDI_DATADIR 
22:05:16 INFO  : Result from executing command 'getProjects': zc702_gpio;zc702_irq
22:05:16 INFO  : Result from executing command 'getPlatforms': xilinx_vck190_base_202320_1|C:/Xilinx/Vitis/2023.2/base_platforms/xilinx_vck190_base_202320_1/xilinx_vck190_base_202320_1.xpfm;xilinx_vck190_base_dfx_202320_1|C:/Xilinx/Vitis/2023.2/base_platforms/xilinx_vck190_base_dfx_202320_1/xilinx_vck190_base_dfx_202320_1.xpfm;xilinx_vek280_es1_base_202320_1|C:/Xilinx/Vitis/2023.2/base_platforms/xilinx_vek280_es1_base_202320_1/xilinx_vek280_es1_base_202320_1.xpfm;xilinx_vmk180_base_202320_1|C:/Xilinx/Vitis/2023.2/base_platforms/xilinx_vmk180_base_202320_1/xilinx_vmk180_base_202320_1.xpfm;xilinx_zcu102_base_202320_1|C:/Xilinx/Vitis/2023.2/base_platforms/xilinx_zcu102_base_202320_1/xilinx_zcu102_base_202320_1.xpfm;xilinx_zcu102_base_dfx_202320_1|C:/Xilinx/Vitis/2023.2/base_platforms/xilinx_zcu102_base_dfx_202320_1/xilinx_zcu102_base_dfx_202320_1.xpfm;xilinx_zcu104_base_202320_1|C:/Xilinx/Vitis/2023.2/base_platforms/xilinx_zcu104_base_202320_1/xilinx_zcu104_base_202320_1.xpfm;zc702_gpio|C:/Vulcan/Design_Tool/Vitis/ZC702_Vitis/zc702_gpio/export/zc702_gpio/zc702_gpio.xpfm
22:05:45 INFO  : Result from executing command 'getProjects': zc702_gpio;zc702_irq
22:05:45 INFO  : Result from executing command 'getPlatforms': xilinx_vck190_base_202320_1|C:/Xilinx/Vitis/2023.2/base_platforms/xilinx_vck190_base_202320_1/xilinx_vck190_base_202320_1.xpfm;xilinx_vck190_base_dfx_202320_1|C:/Xilinx/Vitis/2023.2/base_platforms/xilinx_vck190_base_dfx_202320_1/xilinx_vck190_base_dfx_202320_1.xpfm;xilinx_vek280_es1_base_202320_1|C:/Xilinx/Vitis/2023.2/base_platforms/xilinx_vek280_es1_base_202320_1/xilinx_vek280_es1_base_202320_1.xpfm;xilinx_vmk180_base_202320_1|C:/Xilinx/Vitis/2023.2/base_platforms/xilinx_vmk180_base_202320_1/xilinx_vmk180_base_202320_1.xpfm;xilinx_zcu102_base_202320_1|C:/Xilinx/Vitis/2023.2/base_platforms/xilinx_zcu102_base_202320_1/xilinx_zcu102_base_202320_1.xpfm;xilinx_zcu102_base_dfx_202320_1|C:/Xilinx/Vitis/2023.2/base_platforms/xilinx_zcu102_base_dfx_202320_1/xilinx_zcu102_base_dfx_202320_1.xpfm;xilinx_zcu104_base_202320_1|C:/Xilinx/Vitis/2023.2/base_platforms/xilinx_zcu104_base_202320_1/xilinx_zcu104_base_202320_1.xpfm;zc702_irq|C:/Vulcan/Design_Tool/Vitis/ZC702_Vitis/zc702_irq/export/zc702_irq/zc702_irq.xpfm
22:13:14 INFO  : Checking for BSP changes to sync application flags for project 'ps_intr'...
09:06:13 DEBUG : Logs will be stored at 'C:/Vulcan/Design_Tool/Vitis/ZC702_Vitis/IDE.log'.
09:06:14 INFO  : Launching XSCT server: xsct.bat -n  -interactive C:\Vulcan\Design_Tool\Vitis\ZC702_Vitis\temp_xsdb_launch_script.tcl
09:06:17 INFO  : Registering command handlers for Vitis TCF services
09:06:17 INFO  : Platform repository initialization has completed.
09:06:17 INFO  : XSCT server has started successfully.
09:06:17 INFO  : Successfully done setting XSCT server connection channel  
09:06:19 INFO  : plnx-install-location is set to ''
09:06:19 INFO  : Successfully done setting workspace for the tool. 
09:06:19 INFO  : Successfully done query RDI_DATADIR 
09:22:33 INFO  : Example project xgpio_intr_tapp_example_1 has been created successfully.
09:22:38 INFO  : Result from executing command 'getProjects': zc702_gpio;zc702_irq
09:22:38 INFO  : Result from executing command 'getPlatforms': xilinx_vck190_base_202320_1|C:/Xilinx/Vitis/2023.2/base_platforms/xilinx_vck190_base_202320_1/xilinx_vck190_base_202320_1.xpfm;xilinx_vck190_base_dfx_202320_1|C:/Xilinx/Vitis/2023.2/base_platforms/xilinx_vck190_base_dfx_202320_1/xilinx_vck190_base_dfx_202320_1.xpfm;xilinx_vek280_es1_base_202320_1|C:/Xilinx/Vitis/2023.2/base_platforms/xilinx_vek280_es1_base_202320_1/xilinx_vek280_es1_base_202320_1.xpfm;xilinx_vmk180_base_202320_1|C:/Xilinx/Vitis/2023.2/base_platforms/xilinx_vmk180_base_202320_1/xilinx_vmk180_base_202320_1.xpfm;xilinx_zcu102_base_202320_1|C:/Xilinx/Vitis/2023.2/base_platforms/xilinx_zcu102_base_202320_1/xilinx_zcu102_base_202320_1.xpfm;xilinx_zcu102_base_dfx_202320_1|C:/Xilinx/Vitis/2023.2/base_platforms/xilinx_zcu102_base_dfx_202320_1/xilinx_zcu102_base_dfx_202320_1.xpfm;xilinx_zcu104_base_202320_1|C:/Xilinx/Vitis/2023.2/base_platforms/xilinx_zcu104_base_202320_1/xilinx_zcu104_base_202320_1.xpfm;zc702_gpio|C:/Vulcan/Design_Tool/Vitis/ZC702_Vitis/zc702_gpio/export/zc702_gpio/zc702_gpio.xpfm;zc702_irq|C:/Vulcan/Design_Tool/Vitis/ZC702_Vitis/zc702_irq/export/zc702_irq/zc702_irq.xpfm
09:22:39 INFO  : Checking for BSP changes to sync application flags for project 'xgpio_intr_tapp_example_1'...
09:58:17 INFO  : Checking for BSP changes to sync application flags for project 'pl_intr'...
10:46:29 DEBUG : Logs will be stored at 'C:/Vulcan/Design_Tool/Vitis/ZC702_Vitis/IDE.log'.
10:46:30 INFO  : Launching XSCT server: xsct.bat -n  -interactive C:\Vulcan\Design_Tool\Vitis\ZC702_Vitis\temp_xsdb_launch_script.tcl
10:46:31 INFO  : XSCT server has started successfully.
10:46:31 INFO  : Successfully done setting XSCT server connection channel  
10:46:31 INFO  : plnx-install-location is set to ''
10:46:31 INFO  : Successfully done setting workspace for the tool. 
10:46:32 INFO  : Successfully done query RDI_DATADIR 
10:46:32 INFO  : Registering command handlers for Vitis TCF services
10:46:32 INFO  : Platform repository initialization has completed.
17:09:45 DEBUG : Logs will be stored at 'C:/Vulcan/Design_Tool/Vitis/ZC702_Vitis/IDE.log'.
17:09:45 INFO  : Launching XSCT server: xsct.bat -n  -interactive C:\Vulcan\Design_Tool\Vitis\ZC702_Vitis\temp_xsdb_launch_script.tcl
17:09:48 INFO  : Registering command handlers for Vitis TCF services
17:09:49 INFO  : XSCT server has started successfully.
17:09:49 INFO  : Platform repository initialization has completed.
17:09:51 INFO  : plnx-install-location is set to ''
17:09:51 INFO  : Successfully done setting XSCT server connection channel  
17:09:51 INFO  : Successfully done query RDI_DATADIR 
17:09:51 INFO  : Successfully done setting workspace for the tool. 
