#-----------------------------------------------------------
# Vivado v2023.2 (64-bit)
# SW Build 4029153 on Fri Oct 13 20:14:34 MDT 2023
# IP Build 4028589 on Sat Oct 14 00:45:43 MDT 2023
# SharedData Build 4025554 on Tue Oct 10 17:18:54 MDT 2023
# Start of session at: Fri Mar  1 09:43:36 2024
# Process ID: 22976
# Current directory: C:/va/z702/hdmi/hdmi.runs/design_1_v_tpg_0_0_synth_1/prj/sol/impl/ip
# Command line: vivado.exe -notrace -mode batch -source run_ippack.tcl
# Log file: C:/va/z702/hdmi/hdmi.runs/design_1_v_tpg_0_0_synth_1/prj/sol/impl/ip/vivado.log
# Journal file: C:/va/z702/hdmi/hdmi.runs/design_1_v_tpg_0_0_synth_1/prj/sol/impl/ip\vivado.jou
# Running On: LAPTOP-90IBO783, OS: Windows, CPU Frequency: 1896 MHz, CPU Physical cores: 16, Host memory: 33099 MB
#-----------------------------------------------------------
Sourcing tcl script 'C:/Users/User/AppData/Roaming/Xilinx/Vivado/Vivado_init.tcl'
27 Beta devices matching pattern found, 21 enabled.
enable_beta_device: Time (s): cpu = 00:00:05 ; elapsed = 00:00:06 . Memory (MB): peak = 562.773 ; gain = 160.871
75 Beta devices matching pattern found, 0 enabled.
source run_ippack.tcl -notrace
INFO: [IP_Flow 19-234] Refreshing IP repositories
INFO: [IP_Flow 19-1704] No user IP repositories specified
INFO: [IP_Flow 19-2313] Loaded Vivado IP repository 'C:/Xilinx/Vivado/2023.2/data/ip'.
INFO: [Common 17-206] Exiting Vivado at Fri Mar  1 09:43:49 2024...
