11:35:01 **** Incremental Build of project hdmi ****
buildplatform.bat 58541 hdmi no_domain_build 
XSDB Server Channel: tcfchan#1
11:35:04 **** Clean-only build of configuration Debug for project hdmi_1080p ****
make clean 
rm -rf  ./src/helloworld.o ./src/platform.o  ./src/helloworld.d ./src/platform.d  hdmi_1080p.elf.size  hdmi_1080p.elf
' '
11:35:06 **** Incremental Build of configuration Debug for project hdmi_1080p ****
make all 
make --no-print-directory pre-build
a9-linaro-pre-build-step
' '
make --no-print-directory main-build
'Building file: ../src/iic_utils.c'
'Invoking: ARM v7 gcc compiler'
arm-none-eabi-gcc -Wall -O0 -g3 -c -fmessage-length=0 -MT"src/iic_utils.o" -mcpu=cortex-a9 -mfpu=vfpv3 -mfloat-abi=hard -IC:/vi/z702_advanced/hdmi/export/hdmi/sw/hdmi/standalone_domain/bspinclude/include -MMD -MP -MF"src/iic_utils.d" -MT"src/iic_utils.o" -o "src/iic_utils.o" "../src/iic_utils.c"
'Finished building: ../src/iic_utils.c'
' '
'Building file: ../src/platform.c'
'Invoking: ARM v7 gcc compiler'
arm-none-eabi-gcc -Wall -O0 -g3 -c -fmessage-length=0 -MT"src/platform.o" -mcpu=cortex-a9 -mfpu=vfpv3 -mfloat-abi=hard -IC:/vi/z702_advanced/hdmi/export/hdmi/sw/hdmi/standalone_domain/bspinclude/include -MMD -MP -MF"src/platform.d" -MT"src/platform.o" -o "src/platform.o" "../src/platform.c"
'Finished building: ../src/platform.c'
' '
'Building file: ../src/tpg_hdmi_zc702.c'
'Invoking: ARM v7 gcc compiler'
arm-none-eabi-gcc -Wall -O0 -g3 -c -fmessage-length=0 -MT"src/tpg_hdmi_zc702.o" -mcpu=cortex-a9 -mfpu=vfpv3 -mfloat-abi=hard -IC:/vi/z702_advanced/hdmi/export/hdmi/sw/hdmi/standalone_domain/bspinclude/include -MMD -MP -MF"src/tpg_hdmi_zc702.d" -MT"src/tpg_hdmi_zc702.o" -o "src/tpg_hdmi_zc702.o" "../src/tpg_hdmi_zc702.c"
../src/tpg_hdmi_zc702.c:18:10: fatal error: xvtc.h: No such file or directory
   18 | #include "xvtc.h"
      |          ^~~~~~~~
compilation terminated.
make[1]: *** [src/subdir.mk:29: src/tpg_hdmi_zc702.o] Error 1
make: *** [makefile:34: all] Error 2
